;  LST file generated by mikroListExporter - v.2.0 
; Date/Time: 16-Jun-16 2:06:00 PM
;----------------------------------------------

;Address Opcode 	ASM
0x0000	0xF002EF4F  	GOTO        1182
0x0004	0x0000      	NOP
0x0006	0x0000      	NOP
0x0008	0xF000EF00  	GOTO        0
0x000C	0x0000      	NOP
0x000E	0x0000      	NOP
0x0010	0x0000      	NOP
0x0012	0x0000      	NOP
0x0014	0x0000      	NOP
0x0016	0x0000      	NOP
0x0018	0xD7F3      	BRA         0
_Delay_5500us:
;__Lib_Delays.c,31 :: 		void Delay_5500us() {
;__Lib_Delays.c,32 :: 		Delay_us(5500);
0x001C	0x0E56      	MOVLW       86
0x001E	0x6E0C      	MOVWF       R12, 0
0x0020	0x0EB5      	MOVLW       181
0x0022	0x6E0D      	MOVWF       R13, 0
L_Delay_5500us6:
0x0024	0x2E0D      	DECFSZ      R13, 1, 0
0x0026	0xD7FE      	BRA         L_Delay_5500us6
0x0028	0x2E0C      	DECFSZ      R12, 1, 0
0x002A	0xD7FC      	BRA         L_Delay_5500us6
0x002C	0x0000      	NOP
0x002E	0x0000      	NOP
;__Lib_Delays.c,33 :: 		}
L_end_Delay_5500us:
0x0030	0x0012      	RETURN      0
; end of _Delay_5500us
_Delay_1us:
;__Lib_Delays.c,7 :: 		void Delay_1us() {
;__Lib_Delays.c,8 :: 		Delay_us(1);
0x0032	0x0E03      	MOVLW       3
0x0034	0x6E0D      	MOVWF       R13, 0
L_Delay_1us0:
0x0036	0x2E0D      	DECFSZ      R13, 1, 0
0x0038	0xD7FE      	BRA         L_Delay_1us0
0x003A	0x0000      	NOP
0x003C	0x0000      	NOP
;__Lib_Delays.c,9 :: 		}
L_end_Delay_1us:
0x003E	0x0012      	RETURN      0
; end of _Delay_1us
_Delay_50us:
;__Lib_Delays.c,19 :: 		void Delay_50us() {
;__Lib_Delays.c,20 :: 		Delay_us(50);
0x0040	0x0EC7      	MOVLW       199
0x0042	0x6E0D      	MOVWF       R13, 0
L_Delay_50us3:
0x0044	0x2E0D      	DECFSZ      R13, 1, 0
0x0046	0xD7FE      	BRA         L_Delay_50us3
0x0048	0x0000      	NOP
0x004A	0x0000      	NOP
;__Lib_Delays.c,21 :: 		}
L_end_Delay_50us:
0x004C	0x0012      	RETURN      0
; end of _Delay_50us
_Div_16x16_U:
;__Lib_Math.c,102 :: 		
;__Lib_Math.c,109 :: 		
0x004E	0x6A08      	CLRF        R8, 0
;__Lib_Math.c,110 :: 		
0x0050	0x6A09      	CLRF        R9, 0
;__Lib_Math.c,111 :: 		
0x0052	0x0E10      	MOVLW       16
;__Lib_Math.c,112 :: 		
0x0054	0x6E0C      	MOVWF       R12, 0
;__Lib_Math.c,113 :: 		
0x0056	0x3401      	RLCF        R1, 0, 0
;__Lib_Math.c,114 :: 		
0x0058	0x3608      	RLCF        R8, 1, 0
;__Lib_Math.c,115 :: 		
0x005A	0x3609      	RLCF        R9, 1, 0
;__Lib_Math.c,116 :: 		
0x005C	0x5004      	MOVF        R4, 0, 0
;__Lib_Math.c,117 :: 		
0x005E	0x5E08      	SUBWF       R8, 1, 0
;__Lib_Math.c,118 :: 		
0x0060	0x5005      	MOVF        R5, 0, 0
;__Lib_Math.c,119 :: 		
0x0062	0xA0D8      	BTFSS       STATUS, 0, 0
;__Lib_Math.c,120 :: 		
0x0064	0x3C05      	INCFSZ      R5, 0, 0
;__Lib_Math.c,121 :: 		
0x0066	0x5E09      	SUBWF       R9, 1, 0
;__Lib_Math.c,122 :: 		
0x0068	0xB0D8      	BTFSC       STATUS, 0, 0
;__Lib_Math.c,123 :: 		
0x006A	0xD007      	BRA         $+16
;__Lib_Math.c,124 :: 		
0x006C	0x5004      	MOVF        R4, 0, 0
;__Lib_Math.c,125 :: 		
0x006E	0x2608      	ADDWF       R8, 1, 0
;__Lib_Math.c,126 :: 		
0x0070	0x5005      	MOVF        R5, 0, 0
;__Lib_Math.c,127 :: 		
0x0072	0xB0D8      	BTFSC       STATUS, 0, 0
;__Lib_Math.c,128 :: 		
0x0074	0x3C05      	INCFSZ      R5, 0, 0
;__Lib_Math.c,129 :: 		
0x0076	0x2609      	ADDWF       R9, 1, 0
;__Lib_Math.c,130 :: 		
0x0078	0x90D8      	BCF         STATUS, 0, 0
;__Lib_Math.c,131 :: 		
0x007A	0x3600      	RLCF        R0, 1, 0
;__Lib_Math.c,132 :: 		
0x007C	0x3601      	RLCF        R1, 1, 0
;__Lib_Math.c,133 :: 		
0x007E	0x2E0C      	DECFSZ      R12, 1, 0
;__Lib_Math.c,134 :: 		
0x0080	0xD7EA      	BRA         $-42
;__Lib_Math.c,136 :: 		
L_end_Div_16x16_U:
0x0082	0x0012      	RETURN      0
; end of _Div_16x16_U
_Lcd_Cmd:
;__Lib_Lcd.c,18 :: 		
;__Lib_Lcd.c,20 :: 		
0x0084	0xBE34      	BTFSC       FARG_Lcd_Cmd_out_char, 7 
0x0086	0xD002      	BRA         L__Lcd_Cmd21
0x0088	0x9E8A      	BCF         LCD_D7, BitPos(LCD_D7+0) 
0x008A	0xD001      	BRA         L__Lcd_Cmd22
L__Lcd_Cmd21:
0x008C	0x8E8A      	BSF         LCD_D7, BitPos(LCD_D7+0) 
L__Lcd_Cmd22:
;__Lib_Lcd.c,21 :: 		
0x008E	0xBC34      	BTFSC       FARG_Lcd_Cmd_out_char, 6 
0x0090	0xD002      	BRA         L__Lcd_Cmd23
0x0092	0x9C8A      	BCF         LCD_D6, BitPos(LCD_D6+0) 
0x0094	0xD001      	BRA         L__Lcd_Cmd24
L__Lcd_Cmd23:
0x0096	0x8C8A      	BSF         LCD_D6, BitPos(LCD_D6+0) 
L__Lcd_Cmd24:
;__Lib_Lcd.c,22 :: 		
0x0098	0xBA34      	BTFSC       FARG_Lcd_Cmd_out_char, 5 
0x009A	0xD002      	BRA         L__Lcd_Cmd25
0x009C	0x9A8A      	BCF         LCD_D5, BitPos(LCD_D5+0) 
0x009E	0xD001      	BRA         L__Lcd_Cmd26
L__Lcd_Cmd25:
0x00A0	0x8A8A      	BSF         LCD_D5, BitPos(LCD_D5+0) 
L__Lcd_Cmd26:
;__Lib_Lcd.c,23 :: 		
0x00A2	0xB834      	BTFSC       FARG_Lcd_Cmd_out_char, 4 
0x00A4	0xD002      	BRA         L__Lcd_Cmd27
0x00A6	0x988A      	BCF         LCD_D4, BitPos(LCD_D4+0) 
0x00A8	0xD001      	BRA         L__Lcd_Cmd28
L__Lcd_Cmd27:
0x00AA	0x888A      	BSF         LCD_D4, BitPos(LCD_D4+0) 
L__Lcd_Cmd28:
;__Lib_Lcd.c,25 :: 		
0x00AC	0xB019      	BTFSC       __Lib_Lcd_cmd_status, BitPos(__Lib_Lcd_cmd_status+0) 
0x00AE	0xD002      	BRA         L__Lcd_Cmd29
0x00B0	0x848A      	BSF         LCD_RS, BitPos(LCD_RS+0) 
0x00B2	0xD001      	BRA         L__Lcd_Cmd30
L__Lcd_Cmd29:
0x00B4	0x948A      	BCF         LCD_RS, BitPos(LCD_RS+0) 
L__Lcd_Cmd30:
;__Lib_Lcd.c,28 :: 		
0x00B6	0x868A      	BSF         LCD_EN, BitPos(LCD_EN+0) 
;__Lib_Lcd.c,29 :: 		
0x00B8	0xDFBC      	RCALL       _Delay_1us
;__Lib_Lcd.c,30 :: 		
0x00BA	0x968A      	BCF         LCD_EN, BitPos(LCD_EN+0) 
;__Lib_Lcd.c,33 :: 		
0x00BC	0xB634      	BTFSC       FARG_Lcd_Cmd_out_char, 3 
0x00BE	0xD002      	BRA         L__Lcd_Cmd31
0x00C0	0x9E8A      	BCF         LCD_D7, BitPos(LCD_D7+0) 
0x00C2	0xD001      	BRA         L__Lcd_Cmd32
L__Lcd_Cmd31:
0x00C4	0x8E8A      	BSF         LCD_D7, BitPos(LCD_D7+0) 
L__Lcd_Cmd32:
;__Lib_Lcd.c,34 :: 		
0x00C6	0xB434      	BTFSC       FARG_Lcd_Cmd_out_char, 2 
0x00C8	0xD002      	BRA         L__Lcd_Cmd33
0x00CA	0x9C8A      	BCF         LCD_D6, BitPos(LCD_D6+0) 
0x00CC	0xD001      	BRA         L__Lcd_Cmd34
L__Lcd_Cmd33:
0x00CE	0x8C8A      	BSF         LCD_D6, BitPos(LCD_D6+0) 
L__Lcd_Cmd34:
;__Lib_Lcd.c,35 :: 		
0x00D0	0xB234      	BTFSC       FARG_Lcd_Cmd_out_char, 1 
0x00D2	0xD002      	BRA         L__Lcd_Cmd35
0x00D4	0x9A8A      	BCF         LCD_D5, BitPos(LCD_D5+0) 
0x00D6	0xD001      	BRA         L__Lcd_Cmd36
L__Lcd_Cmd35:
0x00D8	0x8A8A      	BSF         LCD_D5, BitPos(LCD_D5+0) 
L__Lcd_Cmd36:
;__Lib_Lcd.c,36 :: 		
0x00DA	0xB034      	BTFSC       FARG_Lcd_Cmd_out_char, 0 
0x00DC	0xD002      	BRA         L__Lcd_Cmd37
0x00DE	0x988A      	BCF         LCD_D4, BitPos(LCD_D4+0) 
0x00E0	0xD001      	BRA         L__Lcd_Cmd38
L__Lcd_Cmd37:
0x00E2	0x888A      	BSF         LCD_D4, BitPos(LCD_D4+0) 
L__Lcd_Cmd38:
;__Lib_Lcd.c,38 :: 		
0x00E4	0xB019      	BTFSC       __Lib_Lcd_cmd_status, BitPos(__Lib_Lcd_cmd_status+0) 
0x00E6	0xD002      	BRA         L__Lcd_Cmd39
0x00E8	0x848A      	BSF         LCD_RS, BitPos(LCD_RS+0) 
0x00EA	0xD001      	BRA         L__Lcd_Cmd40
L__Lcd_Cmd39:
0x00EC	0x948A      	BCF         LCD_RS, BitPos(LCD_RS+0) 
L__Lcd_Cmd40:
;__Lib_Lcd.c,40 :: 		
0x00EE	0x868A      	BSF         LCD_EN, BitPos(LCD_EN+0) 
;__Lib_Lcd.c,41 :: 		
0x00F0	0xDFA0      	RCALL       _Delay_1us
;__Lib_Lcd.c,42 :: 		
0x00F2	0x968A      	BCF         LCD_EN, BitPos(LCD_EN+0) 
;__Lib_Lcd.c,44 :: 		
0x00F4	0xA019      	BTFSS       __Lib_Lcd_cmd_status, BitPos(__Lib_Lcd_cmd_status+0) 
0x00F6	0xD002      	BRA         L_Lcd_Cmd0
;__Lib_Lcd.c,45 :: 		
0x00F8	0xDF91      	RCALL       _Delay_5500us
0x00FA	0xD001      	BRA         L_Lcd_Cmd1
L_Lcd_Cmd0:
;__Lib_Lcd.c,47 :: 		
0x00FC	0xDFA1      	RCALL       _Delay_50us
L_Lcd_Cmd1:
;__Lib_Lcd.c,48 :: 		
L_end_Lcd_Cmd:
0x00FE	0x0012      	RETURN      0
; end of _Lcd_Cmd
_Delay_22us:
;__Lib_Delays.c,15 :: 		void Delay_22us() {
;__Lib_Delays.c,16 :: 		Delay_us(22);
0x0100	0x0E57      	MOVLW       87
0x0102	0x6E0D      	MOVWF       R13, 0
L_Delay_22us2:
0x0104	0x2E0D      	DECFSZ      R13, 1, 0
0x0106	0xD7FE      	BRA         L_Delay_22us2
0x0108	0x0000      	NOP
0x010A	0x0000      	NOP
;__Lib_Delays.c,17 :: 		}
L_end_Delay_22us:
0x010C	0x0012      	RETURN      0
; end of _Delay_22us
_WordToStr:
;__Lib_Conversions.c,84 :: 		
;__Lib_Conversions.c,89 :: 		
0x010E	0x6A31      	CLRF        WordToStr_len_L0 
L_WordToStr6:
0x0110	0x0E05      	MOVLW       5
0x0112	0x5C31      	SUBWF       WordToStr_len_L0, 0 
0x0114	0xE20A      	BC          L_WordToStr7
;__Lib_Conversions.c,90 :: 		
0x0116	0x5031      	MOVF        WordToStr_len_L0, 0 
0x0118	0x242F      	ADDWF       FARG_WordToStr_output, 0 
0x011A	0x6EE1      	MOVWF       FSR1L 
0x011C	0x0E00      	MOVLW       0
0x011E	0x2030      	ADDWFC      FARG_WordToStr_output+1, 0 
0x0120	0x6EE2      	MOVWF       FSR1H 
0x0122	0x0E20      	MOVLW       32
0x0124	0x6EE6      	MOVWF       POSTINC1 
;__Lib_Conversions.c,89 :: 		
0x0126	0x2A31      	INCF        WordToStr_len_L0, 1 
;__Lib_Conversions.c,90 :: 		
0x0128	0xD7F3      	BRA         L_WordToStr6
L_WordToStr7:
;__Lib_Conversions.c,91 :: 		
0x012A	0x5031      	MOVF        WordToStr_len_L0, 0 
0x012C	0x242F      	ADDWF       FARG_WordToStr_output, 0 
0x012E	0x6EE1      	MOVWF       FSR1L 
0x0130	0x0E00      	MOVLW       0
0x0132	0x2030      	ADDWFC      FARG_WordToStr_output+1, 0 
0x0134	0x6EE2      	MOVWF       FSR1H 
0x0136	0x6AE6      	CLRF        POSTINC1 
0x0138	0x0631      	DECF        WordToStr_len_L0, 1 
;__Lib_Conversions.c,93 :: 		
L_WordToStr9:
;__Lib_Conversions.c,94 :: 		
0x013A	0x5031      	MOVF        WordToStr_len_L0, 0 
0x013C	0x242F      	ADDWF       FARG_WordToStr_output, 0 
0x013E	0x6E32      	MOVWF       FLOC__WordToStr 
0x0140	0x0E00      	MOVLW       0
0x0142	0x2030      	ADDWFC      FARG_WordToStr_output+1, 0 
0x0144	0x6E33      	MOVWF       FLOC__WordToStr+1 
0x0146	0x0E0A      	MOVLW       10
0x0148	0x6E04      	MOVWF       R4 
0x014A	0x0E00      	MOVLW       0
0x014C	0x6E05      	MOVWF       R5 
0x014E	0xF000C02D  	MOVFF       FARG_WordToStr_input, R0
0x0152	0xF001C02E  	MOVFF       FARG_WordToStr_input+1, R1
0x0156	0xDF7B      	RCALL       _Div_16x16_U
0x0158	0xF000C008  	MOVFF       R8, R0
0x015C	0xF001C009  	MOVFF       R9, R1
0x0160	0x0E30      	MOVLW       48
0x0162	0x2600      	ADDWF       R0, 1 
0x0164	0xFFE1C032  	MOVFF       FLOC__WordToStr, FSR1L
0x0168	0xFFE2C033  	MOVFF       FLOC__WordToStr+1, FSR1H
0x016C	0xFFE6C000  	MOVFF       R0, POSTINC1
;__Lib_Conversions.c,95 :: 		
0x0170	0x0E0A      	MOVLW       10
0x0172	0x6E04      	MOVWF       R4 
0x0174	0x0E00      	MOVLW       0
0x0176	0x6E05      	MOVWF       R5 
0x0178	0xF000C02D  	MOVFF       FARG_WordToStr_input, R0
0x017C	0xF001C02E  	MOVFF       FARG_WordToStr_input+1, R1
0x0180	0xDF66      	RCALL       _Div_16x16_U
0x0182	0xF02DC000  	MOVFF       R0, FARG_WordToStr_input
0x0186	0xF02EC001  	MOVFF       R1, FARG_WordToStr_input+1
;__Lib_Conversions.c,96 :: 		
0x018A	0x0E00      	MOVLW       0
0x018C	0x1801      	XORWF       R1, 0 
0x018E	0xE102      	BNZ         L__WordToStr109
0x0190	0x0E00      	MOVLW       0
0x0192	0x1800      	XORWF       R0, 0 
L__WordToStr109:
0x0194	0xE101      	BNZ         L_WordToStr11
;__Lib_Conversions.c,97 :: 		
0x0196	0xD002      	BRA         L_WordToStr10
L_WordToStr11:
;__Lib_Conversions.c,98 :: 		
0x0198	0x0631      	DECF        WordToStr_len_L0, 1 
;__Lib_Conversions.c,99 :: 		
0x019A	0xD7CF      	BRA         L_WordToStr9
L_WordToStr10:
;__Lib_Conversions.c,100 :: 		
L_end_WordToStr:
0x019C	0x0012      	RETURN      0
; end of _WordToStr
_Lcd_Chr_CP:
;__Lib_Lcd.c,50 :: 		
;__Lib_Lcd.c,52 :: 		
0x019E	0x9019      	BCF         __Lib_Lcd_cmd_status, BitPos(__Lib_Lcd_cmd_status+0) 
;__Lib_Lcd.c,53 :: 		
0x01A0	0xF034C02D  	MOVFF       FARG_Lcd_Chr_CP_out_char, FARG_Lcd_Cmd_out_char
0x01A4	0xDF6F      	RCALL       _Lcd_Cmd
;__Lib_Lcd.c,54 :: 		
0x01A6	0x8019      	BSF         __Lib_Lcd_cmd_status, BitPos(__Lib_Lcd_cmd_status+0) 
;__Lib_Lcd.c,55 :: 		
L_end_Lcd_Chr_CP:
0x01A8	0x0012      	RETURN      0
; end of _Lcd_Chr_CP
_Lcd_Out:
;__Lib_Lcd.c,184 :: 		
;__Lib_Lcd.c,187 :: 		
0x01AA	0xD00F      	BRA         L_Lcd_Out11
;__Lib_Lcd.c,188 :: 		
L_Lcd_Out13:
0x01AC	0x0E80      	MOVLW       128
0x01AE	0x6E23      	MOVWF       FARG_Lcd_Out_row 
0x01B0	0xD019      	BRA         L_Lcd_Out12
;__Lib_Lcd.c,189 :: 		
L_Lcd_Out14:
0x01B2	0x0EC0      	MOVLW       192
0x01B4	0x6E23      	MOVWF       FARG_Lcd_Out_row 
0x01B6	0xD016      	BRA         L_Lcd_Out12
;__Lib_Lcd.c,190 :: 		
L_Lcd_Out15:
0x01B8	0x0E94      	MOVLW       148
0x01BA	0x6E23      	MOVWF       FARG_Lcd_Out_row 
0x01BC	0xD013      	BRA         L_Lcd_Out12
;__Lib_Lcd.c,191 :: 		
L_Lcd_Out16:
0x01BE	0x0ED4      	MOVLW       212
0x01C0	0x6E23      	MOVWF       FARG_Lcd_Out_row 
0x01C2	0xD010      	BRA         L_Lcd_Out12
;__Lib_Lcd.c,192 :: 		
L_Lcd_Out17:
0x01C4	0x0E80      	MOVLW       128
0x01C6	0x6E23      	MOVWF       FARG_Lcd_Out_row 
;__Lib_Lcd.c,193 :: 		
0x01C8	0xD00D      	BRA         L_Lcd_Out12
L_Lcd_Out11:
0x01CA	0x5023      	MOVF        FARG_Lcd_Out_row, 0 
0x01CC	0x0A01      	XORLW       1
0x01CE	0xE0EE      	BZ          L_Lcd_Out13
0x01D0	0x5023      	MOVF        FARG_Lcd_Out_row, 0 
0x01D2	0x0A02      	XORLW       2
0x01D4	0xE0EE      	BZ          L_Lcd_Out14
0x01D6	0x5023      	MOVF        FARG_Lcd_Out_row, 0 
0x01D8	0x0A03      	XORLW       3
0x01DA	0xE0EE      	BZ          L_Lcd_Out15
0x01DC	0x5023      	MOVF        FARG_Lcd_Out_row, 0 
0x01DE	0x0A04      	XORLW       4
0x01E0	0xE0EE      	BZ          L_Lcd_Out16
0x01E2	0xD7F0      	BRA         L_Lcd_Out17
L_Lcd_Out12:
;__Lib_Lcd.c,194 :: 		
0x01E4	0x0424      	DECF        FARG_Lcd_Out_column, 0 
0x01E6	0x6E00      	MOVWF       R0 
0x01E8	0x5023      	MOVF        FARG_Lcd_Out_row, 0 
0x01EA	0x2600      	ADDWF       R0, 1 
0x01EC	0xF023C000  	MOVFF       R0, FARG_Lcd_Out_row
;__Lib_Lcd.c,196 :: 		
0x01F0	0xF034C000  	MOVFF       R0, FARG_Lcd_Cmd_out_char
0x01F4	0xDF47      	RCALL       _Lcd_Cmd
;__Lib_Lcd.c,197 :: 		
0x01F6	0x9019      	BCF         __Lib_Lcd_cmd_status, BitPos(__Lib_Lcd_cmd_status+0) 
;__Lib_Lcd.c,198 :: 		
0x01F8	0x6A27      	CLRF        Lcd_Out_i_L0 
;__Lib_Lcd.c,199 :: 		
L_Lcd_Out18:
0x01FA	0x5027      	MOVF        Lcd_Out_i_L0, 0 
0x01FC	0x2425      	ADDWF       FARG_Lcd_Out_text, 0 
0x01FE	0x6EE9      	MOVWF       FSR0L 
0x0200	0x0E00      	MOVLW       0
0x0202	0x2026      	ADDWFC      FARG_Lcd_Out_text+1, 0 
0x0204	0x6EEA      	MOVWF       FSR0H 
0x0206	0x52EE      	MOVF        POSTINC0, 1 
0x0208	0xE00B      	BZ          L_Lcd_Out19
;__Lib_Lcd.c,200 :: 		
0x020A	0x5027      	MOVF        Lcd_Out_i_L0, 0 
0x020C	0x2425      	ADDWF       FARG_Lcd_Out_text, 0 
0x020E	0x6EE9      	MOVWF       FSR0L 
0x0210	0x0E00      	MOVLW       0
0x0212	0x2026      	ADDWFC      FARG_Lcd_Out_text+1, 0 
0x0214	0x6EEA      	MOVWF       FSR0H 
0x0216	0xF02DCFEE  	MOVFF       POSTINC0, FARG_Lcd_Chr_CP_out_char
0x021A	0xDFC1      	RCALL       _Lcd_Chr_CP
0x021C	0x2A27      	INCF        Lcd_Out_i_L0, 1 
0x021E	0xD7ED      	BRA         L_Lcd_Out18
L_Lcd_Out19:
;__Lib_Lcd.c,201 :: 		
0x0220	0x8019      	BSF         __Lib_Lcd_cmd_status, BitPos(__Lib_Lcd_cmd_status+0) 
;__Lib_Lcd.c,202 :: 		
L_end_Lcd_Out:
0x0222	0x0012      	RETURN      0
; end of _Lcd_Out
_ADC_Read:
;__Lib_ADC_A_D.c,35 :: 		
;__Lib_ADC_A_D.c,38 :: 		
0x0224	0x6AC2      	CLRF        ADCON0 
;__Lib_ADC_A_D.c,39 :: 		
0x0226	0x0E07      	MOVLW       7
0x0228	0x12C0      	IORWF       ADCON2, 1 
;__Lib_ADC_A_D.c,40 :: 		
0x022A	0x8EC0      	BSF         ADCON2, 7 
;__Lib_ADC_A_D.c,41 :: 		
0x022C	0xF000C023  	MOVFF       FARG_ADC_Read_channel, R0
0x0230	0x3600      	RLCF        R0, 1 
0x0232	0x9000      	BCF         R0, 0 
0x0234	0x3600      	RLCF        R0, 1 
0x0236	0x9000      	BCF         R0, 0 
0x0238	0x5000      	MOVF        R0, 0 
0x023A	0x12C2      	IORWF       ADCON0, 1 
;__Lib_ADC_A_D.c,42 :: 		
0x023C	0x80C2      	BSF         ADCON0, 0 
;__Lib_ADC_A_D.c,43 :: 		
0x023E	0xDF60      	RCALL       _Delay_22us
;__Lib_ADC_A_D.c,44 :: 		
0x0240	0x82C2      	BSF         ADCON0, 1 
;__Lib_ADC_A_D.c,45 :: 		
L_ADC_Read2:
0x0242	0xA2C2      	BTFSS       ADCON0, 1 
0x0244	0xD001      	BRA         L_ADC_Read3
;__Lib_ADC_A_D.c,46 :: 		
0x0246	0xD7FD      	BRA         L_ADC_Read2
L_ADC_Read3:
;__Lib_ADC_A_D.c,47 :: 		
0x0248	0xF001CFC4  	MOVFF       ADRESH, R1
0x024C	0x6A00      	CLRF        R0 
;__Lib_ADC_A_D.c,48 :: 		
0x024E	0x50C3      	MOVF        ADRESL, 0 
0x0250	0x1200      	IORWF       R0, 1 
0x0252	0x0E00      	MOVLW       0
0x0254	0x1201      	IORWF       R1, 1 
;__Lib_ADC_A_D.c,49 :: 		
0x0256	0x90C2      	BCF         ADCON0, 0 
;__Lib_ADC_A_D.c,51 :: 		
;__Lib_ADC_A_D.c,52 :: 		
L_end_ADC_Read:
0x0258	0x0012      	RETURN      0
; end of _ADC_Read
_ADC_Init:
;__Lib_ADC_A_D.c,6 :: 		
;__Lib_ADC_A_D.c,7 :: 		
0x025A	0x0EFF      	MOVLW       _ADC_Get_Sample
0x025C	0x6E15      	MOVWF       _ADC_Get_Sample_Ptr 
0x025E	0x0EFF      	MOVLW       hi_addr(_ADC_Get_Sample)
0x0260	0x6E16      	MOVWF       _ADC_Get_Sample_Ptr+1 
0x0262	0x0EFF      	MOVLW       FARG_ADC_Get_Sample_channel
0x0264	0x6E17      	MOVWF       _ADC_Get_Sample_Ptr+2 
0x0266	0x0EFF      	MOVLW       hi_addr(FARG_ADC_Get_Sample_channel)
0x0268	0x6E18      	MOVWF       _ADC_Get_Sample_Ptr+3 
;__Lib_ADC_A_D.c,9 :: 		
0x026A	0x6AC2      	CLRF        ADCON0 
;__Lib_ADC_A_D.c,10 :: 		
0x026C	0x0E07      	MOVLW       7
0x026E	0x12C0      	IORWF       ADCON2, 1 
;__Lib_ADC_A_D.c,11 :: 		
0x0270	0x8EC0      	BSF         ADCON2, 7 
;__Lib_ADC_A_D.c,12 :: 		
0x0272	0x80C2      	BSF         ADCON0, 0 
;__Lib_ADC_A_D.c,13 :: 		
L_end_ADC_Init:
0x0274	0x0012      	RETURN      0
; end of _ADC_Init
_Lcd_Init:
;__Lib_Lcd.c,84 :: 		
;__Lib_Lcd.c,86 :: 		
0x0276	0x9693      	BCF         LCD_EN_Direction, BitPos(LCD_EN_Direction+0) 
;__Lib_Lcd.c,87 :: 		
0x0278	0x9493      	BCF         LCD_RS_Direction, BitPos(LCD_RS_Direction+0) 
;__Lib_Lcd.c,88 :: 		
0x027A	0x9893      	BCF         LCD_D4_Direction, BitPos(LCD_D4_Direction+0) 
;__Lib_Lcd.c,89 :: 		
0x027C	0x9A93      	BCF         LCD_D5_Direction, BitPos(LCD_D5_Direction+0) 
;__Lib_Lcd.c,90 :: 		
0x027E	0x9C93      	BCF         LCD_D6_Direction, BitPos(LCD_D6_Direction+0) 
;__Lib_Lcd.c,91 :: 		
0x0280	0x9E93      	BCF         LCD_D7_Direction, BitPos(LCD_D7_Direction+0) 
;__Lib_Lcd.c,93 :: 		
0x0282	0x968A      	BCF         LCD_EN, BitPos(LCD_EN+0) 
;__Lib_Lcd.c,94 :: 		
0x0284	0x948A      	BCF         LCD_RS, BitPos(LCD_RS+0) 
;__Lib_Lcd.c,95 :: 		
0x0286	0x9E8A      	BCF         LCD_D7, BitPos(LCD_D7+0) 
;__Lib_Lcd.c,96 :: 		
0x0288	0x9C8A      	BCF         LCD_D6, BitPos(LCD_D6+0) 
;__Lib_Lcd.c,97 :: 		
0x028A	0x9A8A      	BCF         LCD_D5, BitPos(LCD_D5+0) 
;__Lib_Lcd.c,98 :: 		
0x028C	0x988A      	BCF         LCD_D4, BitPos(LCD_D4+0) 
;__Lib_Lcd.c,100 :: 		
0x028E	0xDEC6      	RCALL       _Delay_5500us
;__Lib_Lcd.c,101 :: 		
0x0290	0xDEC5      	RCALL       _Delay_5500us
;__Lib_Lcd.c,102 :: 		
0x0292	0xDEC4      	RCALL       _Delay_5500us
;__Lib_Lcd.c,105 :: 		
0x0294	0x8A8A      	BSF         LCD_D5, BitPos(LCD_D5+0) 
;__Lib_Lcd.c,106 :: 		
0x0296	0x888A      	BSF         LCD_D4, BitPos(LCD_D4+0) 
;__Lib_Lcd.c,107 :: 		
0x0298	0x868A      	BSF         LCD_EN, BitPos(LCD_EN+0) 
;__Lib_Lcd.c,108 :: 		
0x029A	0xDECB      	RCALL       _Delay_1us
;__Lib_Lcd.c,109 :: 		
0x029C	0x968A      	BCF         LCD_EN, BitPos(LCD_EN+0) 
;__Lib_Lcd.c,110 :: 		
0x029E	0xDEBE      	RCALL       _Delay_5500us
;__Lib_Lcd.c,112 :: 		
0x02A0	0x868A      	BSF         LCD_EN, BitPos(LCD_EN+0) 
;__Lib_Lcd.c,113 :: 		
0x02A2	0xDEC7      	RCALL       _Delay_1us
;__Lib_Lcd.c,114 :: 		
0x02A4	0x968A      	BCF         LCD_EN, BitPos(LCD_EN+0) 
;__Lib_Lcd.c,115 :: 		
0x02A6	0xDEBA      	RCALL       _Delay_5500us
;__Lib_Lcd.c,117 :: 		
0x02A8	0x868A      	BSF         LCD_EN, BitPos(LCD_EN+0) 
;__Lib_Lcd.c,118 :: 		
0x02AA	0xDEC3      	RCALL       _Delay_1us
;__Lib_Lcd.c,119 :: 		
0x02AC	0x968A      	BCF         LCD_EN, BitPos(LCD_EN+0) 
;__Lib_Lcd.c,120 :: 		
0x02AE	0xDEB6      	RCALL       _Delay_5500us
;__Lib_Lcd.c,123 :: 		
0x02B0	0x988A      	BCF         LCD_D4, BitPos(LCD_D4+0) 
;__Lib_Lcd.c,124 :: 		
0x02B2	0x868A      	BSF         LCD_EN, BitPos(LCD_EN+0) 
;__Lib_Lcd.c,125 :: 		
0x02B4	0xDEBE      	RCALL       _Delay_1us
;__Lib_Lcd.c,126 :: 		
0x02B6	0x968A      	BCF         LCD_EN, BitPos(LCD_EN+0) 
;__Lib_Lcd.c,127 :: 		
0x02B8	0xDEB1      	RCALL       _Delay_5500us
;__Lib_Lcd.c,130 :: 		
0x02BA	0x868A      	BSF         LCD_EN, BitPos(LCD_EN+0) 
;__Lib_Lcd.c,131 :: 		
0x02BC	0xDEBA      	RCALL       _Delay_1us
;__Lib_Lcd.c,132 :: 		
0x02BE	0x968A      	BCF         LCD_EN, BitPos(LCD_EN+0) 
;__Lib_Lcd.c,134 :: 		
0x02C0	0x9A8A      	BCF         LCD_D5, BitPos(LCD_D5+0) 
;__Lib_Lcd.c,135 :: 		
0x02C2	0x8E8A      	BSF         LCD_D7, BitPos(LCD_D7+0) 
;__Lib_Lcd.c,136 :: 		
0x02C4	0x868A      	BSF         LCD_EN, BitPos(LCD_EN+0) 
;__Lib_Lcd.c,137 :: 		
0x02C6	0xDEB5      	RCALL       _Delay_1us
;__Lib_Lcd.c,138 :: 		
0x02C8	0x968A      	BCF         LCD_EN, BitPos(LCD_EN+0) 
;__Lib_Lcd.c,139 :: 		
0x02CA	0xDEA8      	RCALL       _Delay_5500us
;__Lib_Lcd.c,142 :: 		
0x02CC	0x9E8A      	BCF         LCD_D7, BitPos(LCD_D7+0) 
;__Lib_Lcd.c,143 :: 		
0x02CE	0x888A      	BSF         LCD_D4, BitPos(LCD_D4+0) 
;__Lib_Lcd.c,144 :: 		
0x02D0	0x868A      	BSF         LCD_EN, BitPos(LCD_EN+0) 
;__Lib_Lcd.c,145 :: 		
0x02D2	0xDEAF      	RCALL       _Delay_1us
;__Lib_Lcd.c,146 :: 		
0x02D4	0x968A      	BCF         LCD_EN, BitPos(LCD_EN+0) 
;__Lib_Lcd.c,148 :: 		
0x02D6	0x988A      	BCF         LCD_D4, BitPos(LCD_D4+0) 
;__Lib_Lcd.c,149 :: 		
0x02D8	0x868A      	BSF         LCD_EN, BitPos(LCD_EN+0) 
;__Lib_Lcd.c,150 :: 		
0x02DA	0xDEAB      	RCALL       _Delay_1us
;__Lib_Lcd.c,151 :: 		
0x02DC	0x968A      	BCF         LCD_EN, BitPos(LCD_EN+0) 
;__Lib_Lcd.c,152 :: 		
0x02DE	0xDE9E      	RCALL       _Delay_5500us
;__Lib_Lcd.c,155 :: 		
0x02E0	0x868A      	BSF         LCD_EN, BitPos(LCD_EN+0) 
;__Lib_Lcd.c,156 :: 		
0x02E2	0xDEA7      	RCALL       _Delay_1us
;__Lib_Lcd.c,157 :: 		
0x02E4	0x968A      	BCF         LCD_EN, BitPos(LCD_EN+0) 
;__Lib_Lcd.c,159 :: 		
0x02E6	0x888A      	BSF         LCD_D4, BitPos(LCD_D4+0) 
;__Lib_Lcd.c,160 :: 		
0x02E8	0x868A      	BSF         LCD_EN, BitPos(LCD_EN+0) 
;__Lib_Lcd.c,161 :: 		
0x02EA	0xDEA3      	RCALL       _Delay_1us
;__Lib_Lcd.c,162 :: 		
0x02EC	0x968A      	BCF         LCD_EN, BitPos(LCD_EN+0) 
;__Lib_Lcd.c,163 :: 		
0x02EE	0xDE96      	RCALL       _Delay_5500us
;__Lib_Lcd.c,166 :: 		
0x02F0	0x988A      	BCF         LCD_D4, BitPos(LCD_D4+0) 
;__Lib_Lcd.c,167 :: 		
0x02F2	0x868A      	BSF         LCD_EN, BitPos(LCD_EN+0) 
;__Lib_Lcd.c,168 :: 		
0x02F4	0xDE9E      	RCALL       _Delay_1us
;__Lib_Lcd.c,169 :: 		
0x02F6	0x968A      	BCF         LCD_EN, BitPos(LCD_EN+0) 
;__Lib_Lcd.c,171 :: 		
0x02F8	0x8E8A      	BSF         LCD_D7, BitPos(LCD_D7+0) 
;__Lib_Lcd.c,172 :: 		
0x02FA	0x8C8A      	BSF         LCD_D6, BitPos(LCD_D6+0) 
;__Lib_Lcd.c,173 :: 		
0x02FC	0x8A8A      	BSF         LCD_D5, BitPos(LCD_D5+0) 
;__Lib_Lcd.c,174 :: 		
0x02FE	0x888A      	BSF         LCD_D4, BitPos(LCD_D4+0) 
;__Lib_Lcd.c,175 :: 		
0x0300	0x868A      	BSF         LCD_EN, BitPos(LCD_EN+0) 
;__Lib_Lcd.c,176 :: 		
0x0302	0xDE97      	RCALL       _Delay_1us
;__Lib_Lcd.c,177 :: 		
0x0304	0x968A      	BCF         LCD_EN, BitPos(LCD_EN+0) 
;__Lib_Lcd.c,179 :: 		
0x0306	0xDE8A      	RCALL       _Delay_5500us
;__Lib_Lcd.c,181 :: 		
0x0308	0x8019      	BSF         __Lib_Lcd_cmd_status, BitPos(__Lib_Lcd_cmd_status+0) 
;__Lib_Lcd.c,182 :: 		
L_end_Lcd_Init:
0x030A	0x0012      	RETURN      0
; end of _Lcd_Init
___CC2DW:
;__Lib_System.c,21 :: 		
;__Lib_System.c,23 :: 		
_CC2DL_Loop1:
;__Lib_System.c,24 :: 		
0x030C	0x0009      	TBLRD*+
;__Lib_System.c,25 :: 		
0x030E	0xFFE6CFF5  	MOVFF       TABLAT, POSTINC1
;__Lib_System.c,26 :: 		
0x0312	0x0600      	DECF        R0, 1, 0
;__Lib_System.c,27 :: 		
0x0314	0xE1FB      	BNZ         _CC2DL_Loop1
;__Lib_System.c,28 :: 		
0x0316	0x0601      	DECF        R1, 1, 0
;__Lib_System.c,29 :: 		
0x0318	0xE1F9      	BNZ         _CC2DL_Loop1
;__Lib_System.c,31 :: 		
L_end___CC2DW:
0x031A	0x0012      	RETURN      0
; end of ___CC2DW
_IntToStr:
;__Lib_Conversions.c,146 :: 		
;__Lib_Conversions.c,152 :: 		
0x031C	0x6A29      	CLRF        IntToStr_negative_L0 
0x031E	0x6A2A      	CLRF        IntToStr_negative_L0+1 
;__Lib_Conversions.c,153 :: 		
0x0320	0xF02BC023  	MOVFF       FARG_IntToStr_input, IntToStr_inword_L0
0x0324	0xF02CC024  	MOVFF       FARG_IntToStr_input+1, IntToStr_inword_L0+1
;__Lib_Conversions.c,154 :: 		
0x0328	0x0E80      	MOVLW       128
0x032A	0x1824      	XORWF       FARG_IntToStr_input+1, 0 
0x032C	0x6E00      	MOVWF       R0 
0x032E	0x0E80      	MOVLW       128
0x0330	0x5C00      	SUBWF       R0, 0 
0x0332	0xE102      	BNZ         L__IntToStr115
0x0334	0x0E00      	MOVLW       0
0x0336	0x5C23      	SUBWF       FARG_IntToStr_input, 0 
L__IntToStr115:
0x0338	0xE20B      	BC          L_IntToStr23
;__Lib_Conversions.c,155 :: 		
0x033A	0x0E01      	MOVLW       1
0x033C	0x6E29      	MOVWF       IntToStr_negative_L0 
0x033E	0x0E00      	MOVLW       0
0x0340	0x6E2A      	MOVWF       IntToStr_negative_L0+1 
;__Lib_Conversions.c,156 :: 		
0x0342	0x5023      	MOVF        FARG_IntToStr_input, 0 
0x0344	0x0800      	SUBLW       0
0x0346	0x6E2B      	MOVWF       IntToStr_inword_L0 
0x0348	0xF02CC024  	MOVFF       FARG_IntToStr_input+1, IntToStr_inword_L0+1
0x034C	0x0E00      	MOVLW       0
0x034E	0x562C      	SUBFWB      IntToStr_inword_L0+1, 1 
;__Lib_Conversions.c,157 :: 		
L_IntToStr23:
;__Lib_Conversions.c,158 :: 		
0x0350	0xF02DC02B  	MOVFF       IntToStr_inword_L0, FARG_WordToStr_input
0x0354	0xF02EC02C  	MOVFF       IntToStr_inword_L0+1, FARG_WordToStr_input+1
0x0358	0xF02FC025  	MOVFF       FARG_IntToStr_output, FARG_WordToStr_output
0x035C	0xF030C026  	MOVFF       FARG_IntToStr_output+1, FARG_WordToStr_output+1
0x0360	0xDED6      	RCALL       _WordToStr
;__Lib_Conversions.c,160 :: 		
0x0362	0x0E06      	MOVLW       6
0x0364	0x6E27      	MOVWF       IntToStr_i_L0 
0x0366	0x0E00      	MOVLW       0
0x0368	0x6E28      	MOVWF       IntToStr_i_L0+1 
;__Lib_Conversions.c,161 :: 		
L_IntToStr24:
0x036A	0x0E00      	MOVLW       0
0x036C	0x6E00      	MOVWF       R0 
0x036E	0x5028      	MOVF        IntToStr_i_L0+1, 0 
0x0370	0x5C00      	SUBWF       R0, 0 
0x0372	0xE102      	BNZ         L__IntToStr116
0x0374	0x5027      	MOVF        IntToStr_i_L0, 0 
0x0376	0x0800      	SUBLW       0
L__IntToStr116:
0x0378	0xE219      	BC          L_IntToStr25
;__Lib_Conversions.c,162 :: 		
0x037A	0x5027      	MOVF        IntToStr_i_L0, 0 
0x037C	0x2425      	ADDWF       FARG_IntToStr_output, 0 
0x037E	0x6EE1      	MOVWF       FSR1L 
0x0380	0x5028      	MOVF        IntToStr_i_L0+1, 0 
0x0382	0x2026      	ADDWFC      FARG_IntToStr_output+1, 0 
0x0384	0x6EE2      	MOVWF       FSR1H 
0x0386	0x0E01      	MOVLW       1
0x0388	0x5C27      	SUBWF       IntToStr_i_L0, 0 
0x038A	0x6E00      	MOVWF       R0 
0x038C	0x0E00      	MOVLW       0
0x038E	0x5828      	SUBWFB      IntToStr_i_L0+1, 0 
0x0390	0x6E01      	MOVWF       R1 
0x0392	0x5000      	MOVF        R0, 0 
0x0394	0x2425      	ADDWF       FARG_IntToStr_output, 0 
0x0396	0x6EE9      	MOVWF       FSR0L 
0x0398	0x5001      	MOVF        R1, 0 
0x039A	0x2026      	ADDWFC      FARG_IntToStr_output+1, 0 
0x039C	0x6EEA      	MOVWF       FSR0H 
0x039E	0xFFE6CFEE  	MOVFF       POSTINC0, POSTINC1
;__Lib_Conversions.c,163 :: 		
0x03A2	0x0E01      	MOVLW       1
0x03A4	0x5E27      	SUBWF       IntToStr_i_L0, 1 
0x03A6	0x0E00      	MOVLW       0
0x03A8	0x5A28      	SUBWFB      IntToStr_i_L0+1, 1 
;__Lib_Conversions.c,164 :: 		
0x03AA	0xD7DF      	BRA         L_IntToStr24
L_IntToStr25:
;__Lib_Conversions.c,165 :: 		
0x03AC	0xFFE1C025  	MOVFF       FARG_IntToStr_output, FSR1L
0x03B0	0xFFE2C026  	MOVFF       FARG_IntToStr_output+1, FSR1H
0x03B4	0x0E20      	MOVLW       32
0x03B6	0x6EE6      	MOVWF       POSTINC1 
;__Lib_Conversions.c,166 :: 		
0x03B8	0x5029      	MOVF        IntToStr_negative_L0, 0 
0x03BA	0x102A      	IORWF       IntToStr_negative_L0+1, 0 
0x03BC	0xE01A      	BZ          L_IntToStr26
;__Lib_Conversions.c,167 :: 		
0x03BE	0x6A27      	CLRF        IntToStr_i_L0 
0x03C0	0x6A28      	CLRF        IntToStr_i_L0+1 
;__Lib_Conversions.c,168 :: 		
L_IntToStr27:
0x03C2	0x5027      	MOVF        IntToStr_i_L0, 0 
0x03C4	0x2425      	ADDWF       FARG_IntToStr_output, 0 
0x03C6	0x6EE9      	MOVWF       FSR0L 
0x03C8	0x5028      	MOVF        IntToStr_i_L0+1, 0 
0x03CA	0x2026      	ADDWFC      FARG_IntToStr_output+1, 0 
0x03CC	0x6EEA      	MOVWF       FSR0H 
0x03CE	0x50EE      	MOVF        POSTINC0, 0 
0x03D0	0x0A20      	XORLW       32
0x03D2	0xE103      	BNZ         L_IntToStr28
0x03D4	0x4A27      	INFSNZ      IntToStr_i_L0, 1 
0x03D6	0x2A28      	INCF        IntToStr_i_L0+1, 1 
0x03D8	0xD7F4      	BRA         L_IntToStr27
L_IntToStr28:
;__Lib_Conversions.c,169 :: 		
0x03DA	0x0E01      	MOVLW       1
0x03DC	0x5E27      	SUBWF       IntToStr_i_L0, 1 
0x03DE	0x0E00      	MOVLW       0
0x03E0	0x5A28      	SUBWFB      IntToStr_i_L0+1, 1 
;__Lib_Conversions.c,170 :: 		
0x03E2	0x5027      	MOVF        IntToStr_i_L0, 0 
0x03E4	0x2425      	ADDWF       FARG_IntToStr_output, 0 
0x03E6	0x6EE1      	MOVWF       FSR1L 
0x03E8	0x5028      	MOVF        IntToStr_i_L0+1, 0 
0x03EA	0x2026      	ADDWFC      FARG_IntToStr_output+1, 0 
0x03EC	0x6EE2      	MOVWF       FSR1H 
0x03EE	0x0E2D      	MOVLW       45
0x03F0	0x6EE6      	MOVWF       POSTINC1 
L_IntToStr26:
;__Lib_Conversions.c,171 :: 		
L_end_IntToStr:
0x03F2	0x0012      	RETURN      0
; end of _IntToStr
_Lcd_Chr:
;__Lib_Lcd.c,65 :: 		
;__Lib_Lcd.c,66 :: 		
0x03F4	0xD00F      	BRA         L_Lcd_Chr4
;__Lib_Lcd.c,67 :: 		
L_Lcd_Chr6:
0x03F6	0x0E80      	MOVLW       128
0x03F8	0x6E23      	MOVWF       FARG_Lcd_Chr_row 
0x03FA	0xD019      	BRA         L_Lcd_Chr5
;__Lib_Lcd.c,68 :: 		
L_Lcd_Chr7:
0x03FC	0x0EC0      	MOVLW       192
0x03FE	0x6E23      	MOVWF       FARG_Lcd_Chr_row 
0x0400	0xD016      	BRA         L_Lcd_Chr5
;__Lib_Lcd.c,69 :: 		
L_Lcd_Chr8:
0x0402	0x0E94      	MOVLW       148
0x0404	0x6E23      	MOVWF       FARG_Lcd_Chr_row 
0x0406	0xD013      	BRA         L_Lcd_Chr5
;__Lib_Lcd.c,70 :: 		
L_Lcd_Chr9:
0x0408	0x0ED4      	MOVLW       212
0x040A	0x6E23      	MOVWF       FARG_Lcd_Chr_row 
0x040C	0xD010      	BRA         L_Lcd_Chr5
;__Lib_Lcd.c,71 :: 		
L_Lcd_Chr10:
0x040E	0x0E80      	MOVLW       128
0x0410	0x6E23      	MOVWF       FARG_Lcd_Chr_row 
;__Lib_Lcd.c,72 :: 		
0x0412	0xD00D      	BRA         L_Lcd_Chr5
L_Lcd_Chr4:
0x0414	0x5023      	MOVF        FARG_Lcd_Chr_row, 0 
0x0416	0x0A01      	XORLW       1
0x0418	0xE0EE      	BZ          L_Lcd_Chr6
0x041A	0x5023      	MOVF        FARG_Lcd_Chr_row, 0 
0x041C	0x0A02      	XORLW       2
0x041E	0xE0EE      	BZ          L_Lcd_Chr7
0x0420	0x5023      	MOVF        FARG_Lcd_Chr_row, 0 
0x0422	0x0A03      	XORLW       3
0x0424	0xE0EE      	BZ          L_Lcd_Chr8
0x0426	0x5023      	MOVF        FARG_Lcd_Chr_row, 0 
0x0428	0x0A04      	XORLW       4
0x042A	0xE0EE      	BZ          L_Lcd_Chr9
0x042C	0xD7F0      	BRA         L_Lcd_Chr10
L_Lcd_Chr5:
;__Lib_Lcd.c,74 :: 		
0x042E	0x0424      	DECF        FARG_Lcd_Chr_column, 0 
0x0430	0x6E00      	MOVWF       R0 
0x0432	0x5023      	MOVF        FARG_Lcd_Chr_row, 0 
0x0434	0x2600      	ADDWF       R0, 1 
0x0436	0xF023C000  	MOVFF       R0, FARG_Lcd_Chr_row
;__Lib_Lcd.c,76 :: 		
0x043A	0x8019      	BSF         __Lib_Lcd_cmd_status, BitPos(__Lib_Lcd_cmd_status+0) 
;__Lib_Lcd.c,77 :: 		
0x043C	0xF034C000  	MOVFF       R0, FARG_Lcd_Cmd_out_char
0x0440	0xDE21      	RCALL       _Lcd_Cmd
;__Lib_Lcd.c,79 :: 		
0x0442	0x9019      	BCF         __Lib_Lcd_cmd_status, BitPos(__Lib_Lcd_cmd_status+0) 
;__Lib_Lcd.c,80 :: 		
0x0444	0xF034C025  	MOVFF       FARG_Lcd_Chr_out_char, FARG_Lcd_Cmd_out_char
0x0448	0xDE1D      	RCALL       _Lcd_Cmd
;__Lib_Lcd.c,81 :: 		
0x044A	0x8019      	BSF         __Lib_Lcd_cmd_status, BitPos(__Lib_Lcd_cmd_status+0) 
;__Lib_Lcd.c,82 :: 		
L_end_Lcd_Chr:
0x044C	0x0012      	RETURN      0
; end of _Lcd_Chr
_Mul_16x16_U:
;__Lib_Math.c,440 :: 		
;__Lib_Math.c,447 :: 		
0x044E	0x6A0B      	CLRF        R11, 0
;__Lib_Math.c,448 :: 		
0x0450	0x6A0A      	CLRF        R10, 0
;__Lib_Math.c,449 :: 		
0x0452	0x6A09      	CLRF        R9, 0
;__Lib_Math.c,450 :: 		
0x0454	0x5000      	MOVF        R0, 0, 0
;__Lib_Math.c,451 :: 		
0x0456	0x0204      	MULWF       R4, 0
;__Lib_Math.c,453 :: 		
0x0458	0xF009CFF4  	MOVFF       PRODH, R9
;__Lib_Math.c,454 :: 		
0x045C	0xF008CFF3  	MOVFF       PRODL, R8
;__Lib_Math.c,455 :: 		
0x0460	0x5001      	MOVF        R1, 0, 0
;__Lib_Math.c,456 :: 		
0x0462	0x0205      	MULWF       R5, 0
;__Lib_Math.c,458 :: 		
0x0464	0xF00BCFF4  	MOVFF       PRODH, R11
;__Lib_Math.c,459 :: 		
0x0468	0xF00ACFF3  	MOVFF       PRODL, R10
;__Lib_Math.c,460 :: 		
0x046C	0x5000      	MOVF        R0, 0, 0
;__Lib_Math.c,461 :: 		
0x046E	0x0205      	MULWF       R5, 0
;__Lib_Math.c,463 :: 		
0x0470	0x50F3      	MOVF        PRODL, 0, 0
;__Lib_Math.c,464 :: 		
0x0472	0x2609      	ADDWF       R9, 1, 0
;__Lib_Math.c,465 :: 		
0x0474	0x50F4      	MOVF        PRODH, 0, 0
;__Lib_Math.c,466 :: 		
0x0476	0x220A      	ADDWFC      R10, 1, 0
;__Lib_Math.c,467 :: 		
0x0478	0x6AE8      	CLRF        WREG, 0
;__Lib_Math.c,468 :: 		
0x047A	0x220B      	ADDWFC      R11, 1, 0
;__Lib_Math.c,469 :: 		
0x047C	0x5001      	MOVF        R1, 0, 0
;__Lib_Math.c,470 :: 		
0x047E	0x0204      	MULWF       R4, 0
;__Lib_Math.c,472 :: 		
0x0480	0x50F3      	MOVF        PRODL, 0, 0
;__Lib_Math.c,473 :: 		
0x0482	0x2609      	ADDWF       R9, 1, 0
;__Lib_Math.c,474 :: 		
0x0484	0x50F4      	MOVF        PRODH, 0, 0
;__Lib_Math.c,475 :: 		
0x0486	0x220A      	ADDWFC      R10, 1, 0
;__Lib_Math.c,476 :: 		
0x0488	0x6AE8      	CLRF        WREG, 0
;__Lib_Math.c,477 :: 		
0x048A	0x220B      	ADDWFC      R11, 1, 0
;__Lib_Math.c,479 :: 		
0x048C	0xF000C008  	MOVFF       R8, R0
;__Lib_Math.c,480 :: 		
0x0490	0xF001C009  	MOVFF       R9, R1
;__Lib_Math.c,481 :: 		
0x0494	0xF002C00A  	MOVFF       R10, R2
;__Lib_Math.c,482 :: 		
0x0498	0xF003C00B  	MOVFF       R11, R3
;__Lib_Math.c,485 :: 		
L_end_Mul_16x16_U:
0x049C	0x0012      	RETURN      0
; end of _Mul_16x16_U
_main:
;ADC Linearity.c,16 :: 		void main() {
;ADC Linearity.c,21 :: 		Lcd_Init();
0x049E	0xDEEB      	RCALL       _Lcd_Init
;ADC Linearity.c,23 :: 		TRISD = 0x00; //PORTB as output
0x04A0	0x6A95      	CLRF        TRISD 
;ADC Linearity.c,24 :: 		TRISA = 0xFF; //PORTA as input
0x04A2	0x0EFF      	MOVLW       255
0x04A4	0x6E92      	MOVWF       TRISA 
;ADC Linearity.c,25 :: 		ADCON1 = 0x0E; // Set AN0 channel pin as analog
0x04A6	0x0E0E      	MOVLW       14
0x04A8	0x6EC1      	MOVWF       ADCON1 
;ADC Linearity.c,26 :: 		CMCON |= 7; // Disable comparators
0x04AA	0x0E07      	MOVLW       7
0x04AC	0x12B4      	IORWF       CMCON, 1 
;ADC Linearity.c,31 :: 		ADC_Init();
0x04AE	0xDED5      	RCALL       _ADC_Init
;ADC Linearity.c,32 :: 		Lcd_Cmd(_LCD_CLEAR);
0x04B0	0x0E01      	MOVLW       1
0x04B2	0x6E34      	MOVWF       FARG_Lcd_Cmd_out_char 
0x04B4	0xDDE7      	RCALL       _Lcd_Cmd
;ADC Linearity.c,33 :: 		Lcd_Cmd(_LCD_CURSOR_OFF);
0x04B6	0x0E0C      	MOVLW       12
0x04B8	0x6E34      	MOVWF       FARG_Lcd_Cmd_out_char 
0x04BA	0xDDE4      	RCALL       _Lcd_Cmd
;ADC Linearity.c,36 :: 		while (1){
L_main0:
;ADC Linearity.c,40 :: 		hold = ADC_READ(0);
0x04BC	0x6A23      	CLRF        FARG_ADC_Read_channel 
0x04BE	0xDEB2      	RCALL       _ADC_Read
0x04C0	0xF01AC000  	MOVFF       R0, main_hold_L0
0x04C4	0xF01BC001  	MOVFF       R1, main_hold_L0+1
;ADC Linearity.c,42 :: 		LCD_Chr(1,1,5*hold/1024+48);
0x04C8	0x0E01      	MOVLW       1
0x04CA	0x6E23      	MOVWF       FARG_Lcd_Chr_row 
0x04CC	0x0E01      	MOVLW       1
0x04CE	0x6E24      	MOVWF       FARG_Lcd_Chr_column 
0x04D0	0x0E05      	MOVLW       5
0x04D2	0x6E04      	MOVWF       R4 
0x04D4	0x0E00      	MOVLW       0
0x04D6	0x6E05      	MOVWF       R5 
0x04D8	0xDFBA      	RCALL       _Mul_16x16_U
0x04DA	0x0E0A      	MOVLW       10
0x04DC	0x6E04      	MOVWF       R4 
0x04DE	0xF002C000  	MOVFF       R0, R2
0x04E2	0xF003C001  	MOVFF       R1, R3
0x04E6	0x5004      	MOVF        R4, 0 
L__main4:
0x04E8	0xE005      	BZ          L__main5
0x04EA	0x3203      	RRCF        R3, 1 
0x04EC	0x3202      	RRCF        R2, 1 
0x04EE	0x9E03      	BCF         R3, 7 
0x04F0	0x0FFF      	ADDLW       255
0x04F2	0xD7FA      	BRA         L__main4
L__main5:
0x04F4	0x0E30      	MOVLW       48
0x04F6	0x2402      	ADDWF       R2, 0 
0x04F8	0x6E25      	MOVWF       FARG_Lcd_Chr_out_char 
0x04FA	0xDF7C      	RCALL       _Lcd_Chr
;ADC Linearity.c,43 :: 		LCD_Chr(1,2,46);
0x04FC	0x0E01      	MOVLW       1
0x04FE	0x6E23      	MOVWF       FARG_Lcd_Chr_row 
0x0500	0x0E02      	MOVLW       2
0x0502	0x6E24      	MOVWF       FARG_Lcd_Chr_column 
0x0504	0x0E2E      	MOVLW       46
0x0506	0x6E25      	MOVWF       FARG_Lcd_Chr_out_char 
0x0508	0xDF75      	RCALL       _Lcd_Chr
;ADC Linearity.c,44 :: 		LCD_Chr(1,3,(50*hold/1024)%10+48);
0x050A	0x0E01      	MOVLW       1
0x050C	0x6E23      	MOVWF       FARG_Lcd_Chr_row 
0x050E	0x0E03      	MOVLW       3
0x0510	0x6E24      	MOVWF       FARG_Lcd_Chr_column 
0x0512	0x0E32      	MOVLW       50
0x0514	0x6E00      	MOVWF       R0 
0x0516	0x0E00      	MOVLW       0
0x0518	0x6E01      	MOVWF       R1 
0x051A	0xF004C01A  	MOVFF       main_hold_L0, R4
0x051E	0xF005C01B  	MOVFF       main_hold_L0+1, R5
0x0522	0xDF95      	RCALL       _Mul_16x16_U
0x0524	0x0E0A      	MOVLW       10
0x0526	0x6E04      	MOVWF       R4 
0x0528	0xF002C000  	MOVFF       R0, R2
0x052C	0xF003C001  	MOVFF       R1, R3
0x0530	0x5004      	MOVF        R4, 0 
L__main6:
0x0532	0xE005      	BZ          L__main7
0x0534	0x3203      	RRCF        R3, 1 
0x0536	0x3202      	RRCF        R2, 1 
0x0538	0x9E03      	BCF         R3, 7 
0x053A	0x0FFF      	ADDLW       255
0x053C	0xD7FA      	BRA         L__main6
L__main7:
0x053E	0xF000C002  	MOVFF       R2, R0
0x0542	0xF001C003  	MOVFF       R3, R1
0x0546	0x0E0A      	MOVLW       10
0x0548	0x6E04      	MOVWF       R4 
0x054A	0x0E00      	MOVLW       0
0x054C	0x6E05      	MOVWF       R5 
0x054E	0xDD7F      	RCALL       _Div_16x16_U
0x0550	0xF000C008  	MOVFF       R8, R0
0x0554	0xF001C009  	MOVFF       R9, R1
0x0558	0x0E30      	MOVLW       48
0x055A	0x2400      	ADDWF       R0, 0 
0x055C	0x6E25      	MOVWF       FARG_Lcd_Chr_out_char 
0x055E	0xDF4A      	RCALL       _Lcd_Chr
;ADC Linearity.c,45 :: 		LCD_Chr(1,4,(20*hold/41)%10+48); //20/41 =~ 500/1024
0x0560	0x0E01      	MOVLW       1
0x0562	0x6E23      	MOVWF       FARG_Lcd_Chr_row 
0x0564	0x0E04      	MOVLW       4
0x0566	0x6E24      	MOVWF       FARG_Lcd_Chr_column 
0x0568	0x0E14      	MOVLW       20
0x056A	0x6E00      	MOVWF       R0 
0x056C	0x0E00      	MOVLW       0
0x056E	0x6E01      	MOVWF       R1 
0x0570	0xF004C01A  	MOVFF       main_hold_L0, R4
0x0574	0xF005C01B  	MOVFF       main_hold_L0+1, R5
0x0578	0xDF6A      	RCALL       _Mul_16x16_U
0x057A	0x0E29      	MOVLW       41
0x057C	0x6E04      	MOVWF       R4 
0x057E	0x0E00      	MOVLW       0
0x0580	0x6E05      	MOVWF       R5 
0x0582	0xDD65      	RCALL       _Div_16x16_U
0x0584	0x0E0A      	MOVLW       10
0x0586	0x6E04      	MOVWF       R4 
0x0588	0x0E00      	MOVLW       0
0x058A	0x6E05      	MOVWF       R5 
0x058C	0xDD60      	RCALL       _Div_16x16_U
0x058E	0xF000C008  	MOVFF       R8, R0
0x0592	0xF001C009  	MOVFF       R9, R1
0x0596	0x0E30      	MOVLW       48
0x0598	0x2400      	ADDWF       R0, 0 
0x059A	0x6E25      	MOVWF       FARG_Lcd_Chr_out_char 
0x059C	0xDF2B      	RCALL       _Lcd_Chr
;ADC Linearity.c,46 :: 		LCD_Chr(1,5,86);
0x059E	0x0E01      	MOVLW       1
0x05A0	0x6E23      	MOVWF       FARG_Lcd_Chr_row 
0x05A2	0x0E05      	MOVLW       5
0x05A4	0x6E24      	MOVWF       FARG_Lcd_Chr_column 
0x05A6	0x0E56      	MOVLW       86
0x05A8	0x6E25      	MOVWF       FARG_Lcd_Chr_out_char 
0x05AA	0xDF24      	RCALL       _Lcd_Chr
;ADC Linearity.c,47 :: 		inttostr(hold,txt);
0x05AC	0xF023C01A  	MOVFF       main_hold_L0, FARG_IntToStr_input
0x05B0	0xF024C01B  	MOVFF       main_hold_L0+1, FARG_IntToStr_input+1
0x05B4	0x0E1C      	MOVLW       main_txt_L0
0x05B6	0x6E25      	MOVWF       FARG_IntToStr_output 
0x05B8	0x0E00      	MOVLW       hi_addr(main_txt_L0)
0x05BA	0x6E26      	MOVWF       FARG_IntToStr_output+1 
0x05BC	0xDEAF      	RCALL       _IntToStr
;ADC Linearity.c,48 :: 		LCD_OUT(2,0,TXT);
0x05BE	0x0E02      	MOVLW       2
0x05C0	0x6E23      	MOVWF       FARG_Lcd_Out_row 
0x05C2	0x6A24      	CLRF        FARG_Lcd_Out_column 
0x05C4	0x0E1C      	MOVLW       main_txt_L0
0x05C6	0x6E25      	MOVWF       FARG_Lcd_Out_text 
0x05C8	0x0E00      	MOVLW       hi_addr(main_txt_L0)
0x05CA	0x6E26      	MOVWF       FARG_Lcd_Out_text+1 
0x05CC	0xDDEE      	RCALL       _Lcd_Out
;ADC Linearity.c,53 :: 		delay_ms(180);
0x05CE	0x0E0B      	MOVLW       11
0x05D0	0x6E0B      	MOVWF       R11, 0
0x05D2	0x0EF6      	MOVLW       246
0x05D4	0x6E0C      	MOVWF       R12, 0
0x05D6	0x0E28      	MOVLW       40
0x05D8	0x6E0D      	MOVWF       R13, 0
L_main2:
0x05DA	0x2E0D      	DECFSZ      R13, 1, 0
0x05DC	0xD7FE      	BRA         L_main2
0x05DE	0x2E0C      	DECFSZ      R12, 1, 0
0x05E0	0xD7FC      	BRA         L_main2
0x05E2	0x2E0B      	DECFSZ      R11, 1, 0
0x05E4	0xD7FA      	BRA         L_main2
0x05E6	0x0000      	NOP
;ADC Linearity.c,55 :: 		}
0x05E8	0xD769      	BRA         L_main0
;ADC Linearity.c,56 :: 		}
L_end_main:
0x05EA	0xD7FF      	BRA         $+0
; end of _main
Symbol List:
//** Routines locations **
//ADDRESS    SIZE    PROCEDURE
//----------------------------------------------
0x001C      [22]    _Delay_5500us
0x0032      [14]    _Delay_1us
0x0040      [14]    _Delay_50us
0x004E      [54]    _Div_16x16_U
0x0084     [124]    _Lcd_Cmd
0x0100      [14]    _Delay_22us
0x010E     [144]    _WordToStr
0x019E      [12]    _Lcd_Chr_CP
0x01AA     [122]    _Lcd_Out
0x0224      [54]    _ADC_Read
0x025A      [28]    _ADC_Init
0x0276     [150]    _Lcd_Init
0x030C      [16]    ___CC2DW
0x031C     [216]    _IntToStr
0x03F4      [90]    _Lcd_Chr
0x044E      [80]    _Mul_16x16_U
0x049E     [334]    _main
//** Variables locations ** 
//ADDRESS    SIZE    VARIABLE
//----------------------------------------------
0x0000       [1]    R0
0x0001       [1]    R1
0x0002       [2]    strlen_cp_L0
0x0002       [2]    memchr_s_L0
0x0002       [2]    memcpy_dd_L0
0x0002       [1]    R2
0x0002       [2]    memset_pp_L0
0x0003       [1]    R3
0x0003       [2]    Ltrim_original_L0
0x0003       [2]    memmove_tt_L0
0x0004       [1]    R4
0x0004       [2]    strcpy_cp_L0
0x0004       [2]    strncat_cp_L0
0x0004       [2]    strncpy_cp_L0
0x0004       [2]    memcpy_ss_L0
0x0004       [2]    strcat_cp_L0
0x0005       [1]    R5
0x0005       [2]    LongWordToHex_input_half_L0
0x0005       [2]    memmove_ff_L0
0x0005       [2]    Ltrim_p_L0
0x0005       [2]    LongIntToHex_input_half_L0
0x0006       [1]    R6
0x0007       [1]    R7
0x0008       [1]    R8
0x0009       [1]    R9
0x000A       [1]    R10
0x000B       [1]    R11
0x000C       [1]    R12
0x000D       [1]    R13
0x000E       [1]    R14
0x000F       [1]    R15
0x0010       [1]    R16
0x0011       [1]    R17
0x0012       [1]    R18
0x0013       [1]    R19
0x0014       [1]    R20
0x0015       [4]    _ADC_Get_Sample_Ptr
0x0019       [0]    __Lib_Lcd_cmd_status
0x001A       [2]    main_hold_L0
0x001C       [7]    main_txt_L0
0x0023       [1]    FARG_Lcd_Chr_row
0x0023       [1]    FARG_Lcd_Out_row
0x0023       [1]    FARG_ADC_Read_channel
0x0023       [2]    FARG_IntToStr_input
0x0024       [1]    FARG_Lcd_Chr_column
0x0024       [1]    FARG_Lcd_Out_column
0x0025       [2]    FARG_Lcd_Out_text
0x0025       [2]    FARG_IntToStr_output
0x0025       [1]    FARG_Lcd_Chr_out_char
0x0027       [1]    Lcd_Out_i_L0
0x0027       [2]    IntToStr_i_L0
0x0029       [2]    IntToStr_negative_L0
0x002B       [2]    IntToStr_inword_L0
0x002D       [2]    FARG_WordToStr_input
0x002D       [1]    FARG_Lcd_Chr_CP_out_char
0x002F       [2]    FARG_WordToStr_output
0x0031       [1]    WordToStr_len_L0
0x0032       [2]    FLOC__WordToStr
0x0034       [1]    FARG_Lcd_Cmd_out_char
0x0F8A       [0]    LCD_RS
0x0F8A       [0]    LCD_D7
0x0F8A       [0]    LCD_D5
0x0F8A       [0]    LCD_D6
0x0F8A       [0]    LATB5_bit
0x0F8A       [0]    LATB4_bit
0x0F8A       [0]    LATB7_bit
0x0F8A       [0]    LATB6_bit
0x0F8A       [0]    LATB3_bit
0x0F8A       [0]    LATB2_bit
0x0F8A       [0]    LCD_EN
0x0F8A       [0]    LCD_D4
0x0F92       [1]    TRISA
0x0F93       [0]    TRISB2_bit
0x0F93       [0]    LCD_D7_Direction
0x0F93       [0]    LCD_D6_Direction
0x0F93       [0]    TRISB3_bit
0x0F93       [0]    LCD_EN_Direction
0x0F93       [0]    TRISB6_bit
0x0F93       [0]    LCD_RS_Direction
0x0F93       [0]    TRISB7_bit
0x0F93       [0]    TRISB4_bit
0x0F93       [0]    LCD_D5_Direction
0x0F93       [0]    TRISB5_bit
0x0F93       [0]    LCD_D4_Direction
0x0F95       [1]    TRISD
0x0FB4       [1]    CMCON
0x0FC0       [1]    ADCON2
0x0FC1       [1]    ADCON1
0x0FC2       [1]    ADCON0
0x0FC3       [1]    ADRESL
0x0FC4       [1]    ADRESH
0x0FD8       [1]    STATUS
0x0FD9       [1]    FSR2L
0x0FDA       [1]    FSR2H
0x0FDE       [1]    POSTINC2
0x0FE0       [1]    BSR
0x0FE1       [1]    FSR1L
0x0FE2       [1]    FSR1H
0x0FE4       [1]    PREINC1
0x0FE6       [1]    POSTINC1
0x0FE7       [1]    INDF1
0x0FE8       [1]    WREG
0x0FE9       [1]    FSR0L
0x0FEA       [1]    FSR0H
0x0FEE       [1]    POSTINC0
0x0FF3       [1]    PRODL
0x0FF4       [1]    PRODH
0x0FF5       [1]    TABLAT
0x0FF6       [1]    TBLPTRL
0x0FF7       [1]    TBLPTRH
0x0FF8       [1]    TBLPTRU
//** Label List: ** 
//----------------------------------------------
  L_main0
  L_main1
  L_main2
  L_end_main
  _main
  L__main4
  L__main5
  L__main6
  L__main7
  L_ADC_Get_Sample0
  L_ADC_Get_Sample1
  L_ADC_Read2
  L_ADC_Read3
  L_end_ADC_Init
  _ADC_Init
  L_end_ADC_Get_Sample
  _ADC_Get_Sample
  L_end_ADC_Read
  _ADC_Read
  L_ByteToStr0
  L_ByteToStr1
  L_ByteToStr2
  L_ByteToStr3
  L_ByteToStr4
  L_ByteToStr5
  L_WordToStr6
  L_WordToStr7
  L_WordToStr8
  L_WordToStr9
  L_WordToStr10
  L_WordToStr11
  L_WordToStrWithZeros12
  L_WordToStrWithZeros13
  L_WordToStrWithZeros14
  L_WordToStrWithZeros15
  L_WordToStrWithZeros16
  L_ShortToStr17
  L_ShortToStr18
  L_ShortToStr19
  L_ShortToStr20
  L_ShortToStr21
  L_ShortToStr22
  L_IntToStr23
  L_IntToStr24
  L_IntToStr25
  L_IntToStr26
  L_IntToStr27
  L_IntToStr28
  L_IntToStrWithZeros29
  L_IntToStrWithZeros30
  L_IntToStrWithZeros31
  L_IntToStrWithZeros32
  L_IntToStrWithZeros33
  L_IntToStrWithZeros34
  L_IntToStrWithZeros35
  L_IntToStrWithZeros36
  L_IntToStrWithZeros37
  L_LongWordToStr38
  L_LongWordToStr39
  L_LongWordToStr40
  L_LongWordToStr41
  L_LongWordToStr42
  L_LongWordToStr43
  L_LongWordToStrWithZeros44
  L_LongWordToStrWithZeros45
  L_LongWordToStrWithZeros46
  L_LongWordToStrWithZeros47
  L_LongWordToStrWithZeros48
  L_LongToStr49
  L_LongToStr50
  L_LongToStr51
  L_LongToStr52
  L_LongToStr53
  L_LongToStr54
  L_LongIntToStrWithZeros55
  L_LongIntToStrWithZeros56
  L_LongIntToStrWithZeros57
  L_LongIntToStrWithZeros58
  L_LongIntToStrWithZeros59
  L_LongIntToStrWithZeros60
  L_LongIntToStrWithZeros61
  L_LongIntToStrWithZeros62
  L_LongIntToStrWithZeros63
  L_Dec2Bcd64
  L_Dec2Bcd65
  L_Rtrim66
  L_Rtrim67
  L_Rtrim68
  L_Rtrim69
  L_Ltrim70
  L_Ltrim71
  L_Ltrim72
  L_Ltrim73
  L_Ltrim74
  L_Ltrim75
  L_FloatToStr76
  L_FloatToStr77
  L_FloatToStr78
  L_FloatToStr79
  L_FloatToStr80
  L_FloatToStr81
  L_FloatToStr82
  L_FloatToStr83
  L_FloatToStr84
  L_FloatToStr85
  L_FloatToStr86
  L_FloatToStr87
  L_FloatToStr88
  L_FloatToStr89
  L_FloatToStr90
  L_FloatToStr91
  L_FloatToStr92
  L_FloatToStr93
  L_FloatToStr94
  L_FloatToStr95
  L_FloatToStr96
  L_FloatToStr97
  L__Rtrim98
  L__Ltrim99
  L__FloatToStr100
  L_end_ByteToHex
  _ByteToHex
  L_end_ShortToHex
  _ShortToHex
  L_end_WordToHex
  _WordToHex
  L_end_IntToHex
  _IntToHex
  L_end_LongWordToHex
  _LongWordToHex
  L_end_LongIntToHex
  _LongIntToHex
  L_end_ByteToStr
  _ByteToStr
  L_end_WordToStr
  _WordToStr
  L__WordToStr109
  L_end_WordToStrWithZeros
  _WordToStrWithZeros
  L__WordToStrWithZeros111
  L_end_ShortToStr
  _ShortToStr
  L__ShortToStr113
  L_end_IntToStr
  _IntToStr
  L__IntToStr115
  L__IntToStr116
  L_end_IntToStrWithZeros
  _IntToStrWithZeros
  L__IntToStrWithZeros118
  L__IntToStrWithZeros119
  L__IntToStrWithZeros120
  L_end_LongWordToStr
  _LongWordToStr
  L__LongWordToStr122
  L__LongWordToStr123
  L_end_LongWordToStrWithZeros
  _LongWordToStrWithZeros
  L__LongWordToStrWithZeros125
  L_end_LongToStr
  _LongToStr
  L__LongToStr127
  L__LongToStr128
  L_end_LongIntToStrWithZeros
  _LongIntToStrWithZeros
  L__LongIntToStrWithZeros130
  L__LongIntToStrWithZeros131
  L__LongIntToStrWithZeros132
  L_end_Dec2Bcd
  _Dec2Bcd
  L_end_Bcd2Dec
  _Bcd2Dec
  L_end_Bcd2Dec16
  _Bcd2Dec16
  L__Bcd2Dec16136
  L__Bcd2Dec16137
  L_end_Dec2Bcd16
  _Dec2Bcd16
  L__Dec2Bcd16139
  L__Dec2Bcd16140
  L_end_Rtrim
  _Rtrim
  L__Rtrim142
  L_end_Ltrim
  _Ltrim
  L_end_FloatToStr
  _FloatToStr
  L__FloatToStr145
  L__FloatToStr146
  L__FloatToStr147
  L__FloatToStr148
  L__FloatToStr149
  L_Delay_1us0
  L_Delay_10us1
  L_Delay_22us2
  L_Delay_50us3
  L_Delay_80us4
  L_Delay_500us5
  L_Delay_5500us6
  L_Delay_1ms7
  L_Delay_5ms8
  L_Delay_8ms9
  L_Delay_100ms10
  L_Delay_10ms11
  L_Delay_1sec12
  L____Boot_Delay4k13
  L____Boot_Delay8k14
  L____Boot_Delay12k15
  L____Boot_Delay16k16
  L____Boot_Delay24k17
  L____Boot_Delay32k18
  L____Boot_Delay48k19
  L____Boot_Delay64k20
  L____Boot_Delay128k21
  L_Delay_Cyc22
  L_Delay_Cyc23
  L_VDelay_ms24
  L_VDelay_ms25
  L_VDelay_ms26
  L_VDelay_Advanced_ms27
  L_VDelay_Advanced_ms28
  L_VDelay_Advanced_ms29
  L_end_Get_Fosc_kHz
  _Get_Fosc_kHz
  L_end_Delay_1us
  _Delay_1us
  L_end_Delay_10us
  _Delay_10us
  L_end_Delay_22us
  _Delay_22us
  L_end_Delay_50us
  _Delay_50us
  L_end_Delay_80us
  _Delay_80us
  L_end_Delay_500us
  _Delay_500us
  L_end_Delay_5500us
  _Delay_5500us
  L_end_Delay_1ms
  _Delay_1ms
  L_end_Delay_5ms
  _Delay_5ms
  L_end_Delay_8ms
  _Delay_8ms
  L_end_Delay_100ms
  _Delay_100ms
  L_end_Delay_10ms
  _Delay_10ms
  L_end_Delay_1sec
  _Delay_1sec
  L_end____Boot_Delay4k
  ____Boot_Delay4k
  L_end____Boot_Delay8k
  ____Boot_Delay8k
  L_end____Boot_Delay12k
  ____Boot_Delay12k
  L_end____Boot_Delay16k
  ____Boot_Delay16k
  L_end____Boot_Delay24k
  ____Boot_Delay24k
  L_end____Boot_Delay32k
  ____Boot_Delay32k
  L_end____Boot_Delay48k
  ____Boot_Delay48k
  L_end____Boot_Delay64k
  ____Boot_Delay64k
  L_end____Boot_Delay128k
  ____Boot_Delay128k
  L_end_Delay_Cyc
  _Delay_Cyc
  L_end_VDelay_ms
  _VDelay_ms
  L__VDelay_ms55
  L__VDelay_ms56
  L__VDelay_ms57
  L_end_VDelay_Advanced_ms
  _VDelay_Advanced_ms
  L__VDelay_Advanced_ms59
  L__VDelay_Advanced_ms60
  L__VDelay_Advanced_ms61
  L_Lcd_Cmd0
  L_Lcd_Cmd1
  L_Lcd_Out_CP2
  L_Lcd_Out_CP3
  L_Lcd_Chr4
  L_Lcd_Chr5
  L_Lcd_Chr6
  L_Lcd_Chr7
  L_Lcd_Chr8
  L_Lcd_Chr9
  L_Lcd_Chr10
  L_Lcd_Out11
  L_Lcd_Out12
  L_Lcd_Out13
  L_Lcd_Out14
  L_Lcd_Out15
  L_Lcd_Out16
  L_Lcd_Out17
  L_Lcd_Out18
  L_Lcd_Out19
  L_end_Lcd_Cmd
  _Lcd_Cmd
  L__Lcd_Cmd21
  L__Lcd_Cmd22
  L__Lcd_Cmd23
  L__Lcd_Cmd24
  L__Lcd_Cmd25
  L__Lcd_Cmd26
  L__Lcd_Cmd27
  L__Lcd_Cmd28
  L__Lcd_Cmd29
  L__Lcd_Cmd30
  L__Lcd_Cmd31
  L__Lcd_Cmd32
  L__Lcd_Cmd33
  L__Lcd_Cmd34
  L__Lcd_Cmd35
  L__Lcd_Cmd36
  L__Lcd_Cmd37
  L__Lcd_Cmd38
  L__Lcd_Cmd39
  L__Lcd_Cmd40
  L_end_Lcd_Chr_CP
  _Lcd_Chr_CP
  L_end_Lcd_Out_CP
  _Lcd_Out_CP
  L_end_Lcd_Chr
  _Lcd_Chr
  L_end_Lcd_Init
  _Lcd_Init
  L_end_Lcd_Out
  _Lcd_Out
  L_Div_16x16_S0
  L_Div_16x16_S1
  LOOPS3232A
  SADD22LA
  SOK22LA
  SADD22L8
  SOK22L8
  LOOPS3232B
  SADD22LB
  SOK22LB
  SADD22L16
  SOK22L16
  LOOPS3232C
  SADD22LC
  SOK22LC
  SADD22L24
  SOK22L24
  LOOPS3232D
  SADD22LD
  SOK22LD
  SOK22L
  L_Div_32x32_S6
  L_Div_32x32_S7
  L_Div_32x32_S8
  L_Div_32x32_S9
  FXD3232S
  END_ALL
  CA3232S
  C3232SX
  C3232SX1
  C3232S
  C3232S2
  C3232SX4
  C3232SOK
  C3232SX3
  C3232SX2
  avoid_comfrem
  LOOPU3232A
  UADD22LA
  UOK22LA
  UADD22L8
  UOK22L8
  LOOPU3232B
  UADD22LB
  UOK22LB
  UADD22L16
  UOK22L16
  LOOPU3232C
  UADD22LC
  UOK22LC
  UADD22L24
  UOK22L24
  LOOPU3232D
  UADD22LD
  UOK22LD
  UOK22L
  _NEXT
  _EXIT2
  _LOOP
  _EXIT1
  _IF_FIRST
  _IF_SECOND
  _INVERCE_FIRST
  _MULT
  _INBERSE_SECOND
  _EXIT
  L_end_Div_8x8_U
  _Div_8x8_U
  L_end_Div_16x16_U
  _Div_16x16_U
  L_end_Div_16x16_S_L
  _Div_16x16_S_L
  L_end_Div_16x16_S
  _Div_16x16_S
  L_end_Div_8x8_S
  _Div_8x8_S
  L_end_Mul_8x8_S
  _Mul_8x8_S
  L_end_Mul_16x16_U
  _Mul_16x16_U
  L_end_Mul_16x16_S
  _Mul_16x16_S
  L_end_SDIV3232L
  _SDIV3232L
  L_end_COMFREM
  _COMFREM
  L_end_Div_32x32_S
  _Div_32x32_S
  L_end_Div_32x32_U
  _Div_32x32_U
  L_end_Mul_32x32_U
  _Mul_32x32_U
  L_end_Mul_32x32_S
  _Mul_32x32_S
  _CC2D_Loop1
  _CC2DL_Loop1
  L_loopCA2AWs
  L_loopCCA2AWs
  L_loopCS2Ss
  L_CS2Send
  L_loopCCS2Ss
  L_CCS2Send
  L_loopFZinSWs
  L_longjmp7
  L_end___CC2D
  ___CC2D
  L_end___CC2DW
  ___CC2DW
  L_end___CA2AW
  ___CA2AW
  L_end___CCA2AW
  ___CCA2AW
  L_end___CS2S
  ___CS2S
  L_end___CCS2S
  ___CCS2S
  L_end___FZinS
  ___FZinS
  L_end_____DoIFC
  _____DoIFC
  L_end_Swap
  _Swap
  L_end_setjmp
  _setjmp
  L_end_longjmp
  _longjmp
