;  LST file generated by mikroListExporter - v.2.0 
; Date/Time: 09-Jun-16 3:07:36 PM
;----------------------------------------------

;Address Opcode 	ASM
0x0000	0xF003EF32  	GOTO        1636
0x0004	0x0000      	NOP
0x0006	0x0000      	NOP
0x0008	0xF000EF00  	GOTO        0
0x000C	0x0000      	NOP
0x000E	0x0000      	NOP
0x0010	0x0000      	NOP
0x0012	0x0000      	NOP
0x0014	0x0000      	NOP
0x0016	0x0000      	NOP
0x0018	0xD7F3      	BRA         0
_RES032:
;__Lib_MathDouble.c,128 :: 		
;__Lib_MathDouble.c,134 :: 		
0x001C	0x6A02      	CLRF        R2, 0
;__Lib_MathDouble.c,135 :: 		
0x001E	0x6A01      	CLRF        R1, 0
;__Lib_MathDouble.c,136 :: 		
0x0020	0x6A00      	CLRF        R0, 0
;__Lib_MathDouble.c,137 :: 		
0x0022	0x6A08      	CLRF        R8, 0
;__Lib_MathDouble.c,138 :: 		
0x0024	0x6A03      	CLRF        R3, 0
;__Lib_MathDouble.c,139 :: 		
0x0026	0x0E00      	MOVLW       0
;__Lib_MathDouble.c,141 :: 		
L_end_RES032:
0x0028	0x0012      	RETURN      0
; end of _RES032
_Div_16x16_U:
;__Lib_Math.c,102 :: 		
;__Lib_Math.c,109 :: 		
0x002A	0x6A08      	CLRF        R8, 0
;__Lib_Math.c,110 :: 		
0x002C	0x6A09      	CLRF        R9, 0
;__Lib_Math.c,111 :: 		
0x002E	0x0E10      	MOVLW       16
;__Lib_Math.c,112 :: 		
0x0030	0x6E0C      	MOVWF       R12, 0
;__Lib_Math.c,113 :: 		
0x0032	0x3401      	RLCF        R1, 0, 0
;__Lib_Math.c,114 :: 		
0x0034	0x3608      	RLCF        R8, 1, 0
;__Lib_Math.c,115 :: 		
0x0036	0x3609      	RLCF        R9, 1, 0
;__Lib_Math.c,116 :: 		
0x0038	0x5004      	MOVF        R4, 0, 0
;__Lib_Math.c,117 :: 		
0x003A	0x5E08      	SUBWF       R8, 1, 0
;__Lib_Math.c,118 :: 		
0x003C	0x5005      	MOVF        R5, 0, 0
;__Lib_Math.c,119 :: 		
0x003E	0xA0D8      	BTFSS       STATUS, 0, 0
;__Lib_Math.c,120 :: 		
0x0040	0x3C05      	INCFSZ      R5, 0, 0
;__Lib_Math.c,121 :: 		
0x0042	0x5E09      	SUBWF       R9, 1, 0
;__Lib_Math.c,122 :: 		
0x0044	0xB0D8      	BTFSC       STATUS, 0, 0
;__Lib_Math.c,123 :: 		
0x0046	0xD007      	BRA         $+16
;__Lib_Math.c,124 :: 		
0x0048	0x5004      	MOVF        R4, 0, 0
;__Lib_Math.c,125 :: 		
0x004A	0x2608      	ADDWF       R8, 1, 0
;__Lib_Math.c,126 :: 		
0x004C	0x5005      	MOVF        R5, 0, 0
;__Lib_Math.c,127 :: 		
0x004E	0xB0D8      	BTFSC       STATUS, 0, 0
;__Lib_Math.c,128 :: 		
0x0050	0x3C05      	INCFSZ      R5, 0, 0
;__Lib_Math.c,129 :: 		
0x0052	0x2609      	ADDWF       R9, 1, 0
;__Lib_Math.c,130 :: 		
0x0054	0x90D8      	BCF         STATUS, 0, 0
;__Lib_Math.c,131 :: 		
0x0056	0x3600      	RLCF        R0, 1, 0
;__Lib_Math.c,132 :: 		
0x0058	0x3601      	RLCF        R1, 1, 0
;__Lib_Math.c,133 :: 		
0x005A	0x2E0C      	DECFSZ      R12, 1, 0
;__Lib_Math.c,134 :: 		
0x005C	0xD7EA      	BRA         $-42
;__Lib_Math.c,136 :: 		
L_end_Div_16x16_U:
0x005E	0x0012      	RETURN      0
; end of _Div_16x16_U
_SETFUN32:
;__Lib_MathDouble.c,144 :: 		
;__Lib_MathDouble.c,152 :: 		
0x0060	0x840B      	BSF         R11, 2, 0
;__Lib_MathDouble.c,153 :: 		
0x0062	0xAE0B      	BTFSS       R11, 7, 0
;__Lib_MathDouble.c,154 :: 		
0x0064	0xF000EF3B  	GOTO        SETFUN32EEE
;__Lib_MathDouble.c,156 :: 		
0x0068	0x0E01      	MOVLW       1
;__Lib_MathDouble.c,157 :: 		
0x006A	0x6E03      	MOVWF       R3, 0
;__Lib_MathDouble.c,158 :: 		
0x006C	0x6A02      	CLRF        R2, 0
;__Lib_MathDouble.c,159 :: 		
0x006E	0x6A01      	CLRF        R1, 0
;__Lib_MathDouble.c,160 :: 		
0x0070	0x6A00      	CLRF        R0, 0
;__Lib_MathDouble.c,161 :: 		
0x0072	0x360A      	RLCF        R10, 1, 0
;__Lib_MathDouble.c,162 :: 		
0x0074	0x3202      	RRCF        R2, 1, 0
;__Lib_MathDouble.c,163 :: 		
SETFUN32EEE:
;__Lib_MathDouble.c,164 :: 		
0x0076	0x0EFF      	MOVLW       255
;__Lib_MathDouble.c,166 :: 		
L_end_SETFUN32:
0x0078	0x0012      	RETURN      0
; end of _SETFUN32
_FIXSIGN32:
;__Lib_MathDouble.c,117 :: 		
;__Lib_MathDouble.c,121 :: 		
0x007A	0xAE0A      	BTFSS       R10, 7, 0
;__Lib_MathDouble.c,122 :: 		
0x007C	0x9E02      	BCF         R2, 7, 0
;__Lib_MathDouble.c,123 :: 		
0x007E	0x0E00      	MOVLW       0
;__Lib_MathDouble.c,125 :: 		
L_end_FIXSIGN32:
0x0080	0x0012      	RETURN      0
; end of _FIXSIGN32
_SETFOV32:
;__Lib_MathDouble.c,82 :: 		
;__Lib_MathDouble.c,90 :: 		
0x0082	0x820B      	BSF         R11, 1, 0
;__Lib_MathDouble.c,91 :: 		
0x0084	0xAE0B      	BTFSS       R11, 7, 0
;__Lib_MathDouble.c,92 :: 		
0x0086	0xF000EF4B  	GOTO        SETFOV32EEE
;__Lib_MathDouble.c,94 :: 		
0x008A	0x6803      	SETF        R3, 0
;__Lib_MathDouble.c,95 :: 		
0x008C	0x6802      	SETF        R2, 0
;__Lib_MathDouble.c,96 :: 		
0x008E	0x6801      	SETF        R1, 0
;__Lib_MathDouble.c,97 :: 		
0x0090	0x6800      	SETF        R0, 0
;__Lib_MathDouble.c,98 :: 		
0x0092	0x360A      	RLCF        R10, 1, 0
;__Lib_MathDouble.c,99 :: 		
0x0094	0x3202      	RRCF        R2, 1, 0
;__Lib_MathDouble.c,100 :: 		
SETFOV32EEE:
;__Lib_MathDouble.c,101 :: 		
0x0096	0x0EFF      	MOVLW       255
;__Lib_MathDouble.c,103 :: 		
L_end_SETFOV32:
0x0098	0x0012      	RETURN      0
; end of _SETFOV32
_NRM3232:
;__Lib_MathDouble.c,455 :: 		
;__Lib_MathDouble.c,463 :: 		
0x009A	0x6A0C      	CLRF        R12, 0
;__Lib_MathDouble.c,464 :: 		
0x009C	0x6A0E      	CLRF        R14, 0
;__Lib_MathDouble.c,465 :: 		
0x009E	0x5002      	MOVF        R2, 0, 0
;__Lib_MathDouble.c,466 :: 		
0x00A0	0xA4D8      	BTFSS       STATUS, 2, 0
;__Lib_MathDouble.c,467 :: 		
0x00A2	0xF000EF66  	GOTO        NORM3232
;__Lib_MathDouble.c,468 :: 		
0x00A6	0xF002C001  	MOVFF       R1, R2
;__Lib_MathDouble.c,469 :: 		
0x00AA	0xF001C000  	MOVFF       R0, R1
;__Lib_MathDouble.c,470 :: 		
0x00AE	0x6A00      	CLRF        R0, 0
;__Lib_MathDouble.c,471 :: 		
0x00B0	0x860E      	BSF         R14, 3, 0
;__Lib_MathDouble.c,473 :: 		
0x00B2	0x5002      	MOVF        R2, 0, 0
;__Lib_MathDouble.c,474 :: 		
0x00B4	0xA4D8      	BTFSS       STATUS, 2, 0
;__Lib_MathDouble.c,475 :: 		
0x00B6	0xF000EF66  	GOTO        NORM3232
;__Lib_MathDouble.c,476 :: 		
0x00BA	0xF002C001  	MOVFF       R1, R2
;__Lib_MathDouble.c,477 :: 		
0x00BE	0x6A01      	CLRF        R1, 0
;__Lib_MathDouble.c,478 :: 		
0x00C0	0x960E      	BCF         R14, 3, 0
;__Lib_MathDouble.c,479 :: 		
0x00C2	0x880E      	BSF         R14, 4, 0
;__Lib_MathDouble.c,481 :: 		
0x00C4	0x5002      	MOVF        R2, 0, 0
;__Lib_MathDouble.c,482 :: 		
0x00C6	0xB4D8      	BTFSC       STATUS, 2, 0
;__Lib_MathDouble.c,483 :: 		
0x00C8	0xF000EF78  	GOTO        JPNRES032
;__Lib_MathDouble.c,484 :: 		
NORM3232:
;__Lib_MathDouble.c,485 :: 		
0x00CC	0x500E      	MOVF        R14, 0, 0
;__Lib_MathDouble.c,486 :: 		
0x00CE	0x5E03      	SUBWF       R3, 1, 0
;__Lib_MathDouble.c,487 :: 		
0x00D0	0xA4D8      	BTFSS       STATUS, 2, 0
;__Lib_MathDouble.c,488 :: 		
0x00D2	0xA0D8      	BTFSS       STATUS, 0, 0
;__Lib_MathDouble.c,489 :: 		
0x00D4	0xF000EF7D  	GOTO        JPNSETFUN32
;__Lib_MathDouble.c,490 :: 		
0x00D8	0x90D8      	BCF         STATUS, 0, 0
;__Lib_MathDouble.c,491 :: 		
NORM3232A:
;__Lib_MathDouble.c,492 :: 		
0x00DA	0xBE02      	BTFSC       R2, 7, 0
;__Lib_MathDouble.c,493 :: 		
0x00DC	0xF000EF82  	GOTO        JMPNFIXSIGN32
;__Lib_MathDouble.c,494 :: 		
0x00E0	0x3600      	RLCF        R0, 1, 0
;__Lib_MathDouble.c,495 :: 		
0x00E2	0x3601      	RLCF        R1, 1, 0
;__Lib_MathDouble.c,496 :: 		
0x00E4	0x3602      	RLCF        R2, 1, 0
;__Lib_MathDouble.c,497 :: 		
0x00E6	0x2E03      	DECFSZ      R3, 1, 0
;__Lib_MathDouble.c,498 :: 		
0x00E8	0xF000EF6D  	GOTO        NORM3232A
;__Lib_MathDouble.c,499 :: 		
0x00EC	0xF000EF7D  	GOTO        JPNSETFUN32
;__Lib_MathDouble.c,500 :: 		
JPNRES032:
;__Lib_MathDouble.c,501 :: 		
0x00F0	0x0E01      	MOVLW       1
;__Lib_MathDouble.c,502 :: 		
0x00F2	0x6E0C      	MOVWF       R12, 0
;__Lib_MathDouble.c,504 :: 		
0x00F4	0xDF93      	RCALL       _RES032
;__Lib_MathDouble.c,506 :: 		
0x00F6	0xF000EF85  	GOTO        NORM32EEE
;__Lib_MathDouble.c,507 :: 		
JPNSETFUN32:
;__Lib_MathDouble.c,508 :: 		
0x00FA	0x0E02      	MOVLW       2
;__Lib_MathDouble.c,509 :: 		
0x00FC	0x6E0C      	MOVWF       R12, 0
;__Lib_MathDouble.c,511 :: 		
0x00FE	0xDFB0      	RCALL       _SETFUN32
;__Lib_MathDouble.c,513 :: 		
0x0100	0xF000EF85  	GOTO        NORM32EEE
;__Lib_MathDouble.c,514 :: 		
JMPNFIXSIGN32:
;__Lib_MathDouble.c,515 :: 		
0x0104	0x0E04      	MOVLW       4
;__Lib_MathDouble.c,516 :: 		
0x0106	0x6E0C      	MOVWF       R12, 0
;__Lib_MathDouble.c,518 :: 		
0x0108	0xDFB8      	RCALL       _FIXSIGN32
;__Lib_MathDouble.c,520 :: 		
NORM32EEE:
;__Lib_MathDouble.c,527 :: 		
L_end_NRM3232:
0x010A	0x0012      	RETURN      0
; end of _NRM3232
_SETIOV3224:
;__Lib_MathDouble.c,530 :: 		
;__Lib_MathDouble.c,537 :: 		
0x010C	0x800B      	BSF         R11, 0, 0
;__Lib_MathDouble.c,538 :: 		
0x010E	0xAE0B      	BTFSS       R11, 7, 0
;__Lib_MathDouble.c,539 :: 		
0x0110	0xF000EF92  	GOTO        SETIOV3224EEE
;__Lib_MathDouble.c,541 :: 		
0x0114	0x6A02      	CLRF        R2, 0
;__Lib_MathDouble.c,542 :: 		
0x0116	0xAE0A      	BTFSS       R10, 7, 0
;__Lib_MathDouble.c,543 :: 		
0x0118	0x0EFF      	MOVLW       255
;__Lib_MathDouble.c,544 :: 		
0x011A	0x6E02      	MOVWF       R2, 0
;__Lib_MathDouble.c,545 :: 		
0x011C	0x6E01      	MOVWF       R1, 0
;__Lib_MathDouble.c,546 :: 		
0x011E	0x6E00      	MOVWF       R0, 0
;__Lib_MathDouble.c,547 :: 		
0x0120	0x360A      	RLCF        R10, 1, 0
;__Lib_MathDouble.c,548 :: 		
0x0122	0x3202      	RRCF        R2, 1, 0
;__Lib_MathDouble.c,549 :: 		
SETIOV3224EEE:
;__Lib_MathDouble.c,550 :: 		
0x0124	0x0EFF      	MOVLW       255
;__Lib_MathDouble.c,552 :: 		
L_end_SETIOV3224:
0x0126	0x0012      	RETURN      0
; end of _SETIOV3224
_UART1_Write:
;__Lib_UART_c67.c,58 :: 		
;__Lib_UART_c67.c,59 :: 		
L_UART1_Write3:
0x0128	0xB2AC      	BTFSC       TXSTA, 1 
0x012A	0xD002      	BRA         L_UART1_Write4
;__Lib_UART_c67.c,60 :: 		
0x012C	0x0000      	NOP
0x012E	0xD7FC      	BRA         L_UART1_Write3
L_UART1_Write4:
;__Lib_UART_c67.c,61 :: 		
0x0130	0xFFADC0A1  	MOVFF       FARG_UART1_Write_data_, TXREG
;__Lib_UART_c67.c,62 :: 		
L_end_UART1_Write:
0x0134	0x0012      	RETURN      0
; end of _UART1_Write
_Delay_22us:
;__Lib_Delays.c,15 :: 		void Delay_22us() {
;__Lib_Delays.c,16 :: 		Delay_us(22);
0x0136	0x0E24      	MOVLW       36
0x0138	0x6E0D      	MOVWF       R13, 0
L_Delay_22us1:
0x013A	0x2E0D      	DECFSZ      R13, 1, 0
0x013C	0xD7FE      	BRA         L_Delay_22us1
0x013E	0x0000      	NOP
;__Lib_Delays.c,17 :: 		}
L_end_Delay_22us:
0x0140	0x0012      	RETURN      0
; end of _Delay_22us
_WordToStr:
;__Lib_Conversions.c,84 :: 		
;__Lib_Conversions.c,89 :: 		
0x0142	0x0100      	MOVLB       0
0x0144	0x6BA5      	CLRF        WordToStr_len_L0, 1
L_WordToStr6:
0x0146	0x0E05      	MOVLW       5
0x0148	0x5DA5      	SUBWF       WordToStr_len_L0, 0, 1
0x014A	0xE20A      	BC          L_WordToStr7
;__Lib_Conversions.c,90 :: 		
0x014C	0x51A5      	MOVF        WordToStr_len_L0, 0, 1
0x014E	0x25A3      	ADDWF       FARG_WordToStr_output, 0, 1
0x0150	0x6EE1      	MOVWF       FSR1L 
0x0152	0x0E00      	MOVLW       0
0x0154	0x21A4      	ADDWFC      FARG_WordToStr_output+1, 0, 1
0x0156	0x6EE2      	MOVWF       FSR1H 
0x0158	0x0E20      	MOVLW       32
0x015A	0x6EE6      	MOVWF       POSTINC1 
;__Lib_Conversions.c,89 :: 		
0x015C	0x2BA5      	INCF        WordToStr_len_L0, 1, 1
;__Lib_Conversions.c,90 :: 		
0x015E	0xD7F3      	BRA         L_WordToStr6
L_WordToStr7:
;__Lib_Conversions.c,91 :: 		
0x0160	0x51A5      	MOVF        WordToStr_len_L0, 0, 1
0x0162	0x25A3      	ADDWF       FARG_WordToStr_output, 0, 1
0x0164	0x6EE1      	MOVWF       FSR1L 
0x0166	0x0E00      	MOVLW       0
0x0168	0x21A4      	ADDWFC      FARG_WordToStr_output+1, 0, 1
0x016A	0x6EE2      	MOVWF       FSR1H 
0x016C	0x6AE6      	CLRF        POSTINC1 
0x016E	0x07A5      	DECF        WordToStr_len_L0, 1, 1
;__Lib_Conversions.c,93 :: 		
L_WordToStr9:
;__Lib_Conversions.c,94 :: 		
0x0170	0x51A5      	MOVF        WordToStr_len_L0, 0, 1
0x0172	0x25A3      	ADDWF       FARG_WordToStr_output, 0, 1
0x0174	0x6FA6      	MOVWF       FLOC__WordToStr, 1
0x0176	0x0E00      	MOVLW       0
0x0178	0x21A4      	ADDWFC      FARG_WordToStr_output+1, 0, 1
0x017A	0x6FA7      	MOVWF       FLOC__WordToStr+1, 1
0x017C	0x0E0A      	MOVLW       10
0x017E	0x6E04      	MOVWF       R4 
0x0180	0x0E00      	MOVLW       0
0x0182	0x6E05      	MOVWF       R5 
0x0184	0xF000C0A1  	MOVFF       FARG_WordToStr_input, R0
0x0188	0xF001C0A2  	MOVFF       FARG_WordToStr_input+1, R1
0x018C	0xDF4E      	RCALL       _Div_16x16_U
0x018E	0xF000C008  	MOVFF       R8, R0
0x0192	0xF001C009  	MOVFF       R9, R1
0x0196	0x0E30      	MOVLW       48
0x0198	0x2600      	ADDWF       R0, 1 
0x019A	0xFFE1C0A6  	MOVFF       FLOC__WordToStr, FSR1L
0x019E	0xFFE2C0A7  	MOVFF       FLOC__WordToStr+1, FSR1H
0x01A2	0xFFE6C000  	MOVFF       R0, POSTINC1
;__Lib_Conversions.c,95 :: 		
0x01A6	0x0E0A      	MOVLW       10
0x01A8	0x6E04      	MOVWF       R4 
0x01AA	0x0E00      	MOVLW       0
0x01AC	0x6E05      	MOVWF       R5 
0x01AE	0xF000C0A1  	MOVFF       FARG_WordToStr_input, R0
0x01B2	0xF001C0A2  	MOVFF       FARG_WordToStr_input+1, R1
0x01B6	0xDF39      	RCALL       _Div_16x16_U
0x01B8	0xF0A1C000  	MOVFF       R0, FARG_WordToStr_input
0x01BC	0xF0A2C001  	MOVFF       R1, FARG_WordToStr_input+1
;__Lib_Conversions.c,96 :: 		
0x01C0	0x0E00      	MOVLW       0
0x01C2	0x1801      	XORWF       R1, 0 
0x01C4	0xE102      	BNZ         L__WordToStr109
0x01C6	0x0E00      	MOVLW       0
0x01C8	0x1800      	XORWF       R0, 0 
L__WordToStr109:
0x01CA	0xE101      	BNZ         L_WordToStr11
;__Lib_Conversions.c,97 :: 		
0x01CC	0xD002      	BRA         L_WordToStr10
L_WordToStr11:
;__Lib_Conversions.c,98 :: 		
0x01CE	0x07A5      	DECF        WordToStr_len_L0, 1, 1
;__Lib_Conversions.c,99 :: 		
0x01D0	0xD7CF      	BRA         L_WordToStr9
L_WordToStr10:
;__Lib_Conversions.c,100 :: 		
L_end_WordToStr:
0x01D2	0x0012      	RETURN      0
; end of _WordToStr
_Ltrim:
;__Lib_Conversions.c,372 :: 		
;__Lib_Conversions.c,376 :: 		
0x01D4	0x0100      	MOVLB       0
0x01D6	0x6B99      	CLRF        Ltrim_trimmed_L0, 1
0x01D8	0x6B9A      	CLRF        Ltrim_trimmed_L0+1, 1
;__Lib_Conversions.c,377 :: 		
0x01DA	0xF003C097  	MOVFF       FARG_Ltrim_string, R3
0x01DE	0xF004C098  	MOVFF       FARG_Ltrim_string+1, R4
;__Lib_Conversions.c,378 :: 		
0x01E2	0xF005C097  	MOVFF       FARG_Ltrim_string, R5
0x01E6	0xF006C098  	MOVFF       FARG_Ltrim_string+1, R6
;__Lib_Conversions.c,379 :: 		
L_Ltrim70:
;__Lib_Conversions.c,380 :: 		
0x01EA	0xFFE9C003  	MOVFF       R3, FSR0L
0x01EE	0xFFEAC004  	MOVFF       R4, FSR0H
0x01F2	0x50EE      	MOVF        POSTINC0, 0 
0x01F4	0x0A20      	XORLW       32
0x01F6	0xE104      	BNZ         L__Ltrim99
0x01F8	0x5199      	MOVF        Ltrim_trimmed_L0, 0, 1
0x01FA	0x119A      	IORWF       Ltrim_trimmed_L0+1, 0, 1
0x01FC	0xE101      	BNZ         L__Ltrim99
0x01FE	0xD010      	BRA         L_Ltrim75
L__Ltrim99:
;__Lib_Conversions.c,381 :: 		
0x0200	0x0E01      	MOVLW       1
0x0202	0x6F99      	MOVWF       Ltrim_trimmed_L0, 1
0x0204	0x0E00      	MOVLW       0
0x0206	0x6F9A      	MOVWF       Ltrim_trimmed_L0+1, 1
;__Lib_Conversions.c,382 :: 		
0x0208	0xFFE9C003  	MOVFF       R3, FSR0L
0x020C	0xFFEAC004  	MOVFF       R4, FSR0H
0x0210	0xFFE1C005  	MOVFF       R5, FSR1L
0x0214	0xFFE2C006  	MOVFF       R6, FSR1H
0x0218	0xFFE6CFEE  	MOVFF       POSTINC0, POSTINC1
0x021C	0x4A05      	INFSNZ      R5, 1 
0x021E	0x2A06      	INCF        R6, 1 
;__Lib_Conversions.c,383 :: 		
L_Ltrim75:
;__Lib_Conversions.c,385 :: 		
0x0220	0xF001C003  	MOVFF       R3, R1
0x0224	0xF002C004  	MOVFF       R4, R2
0x0228	0x4A03      	INFSNZ      R3, 1 
0x022A	0x2A04      	INCF        R4, 1 
0x022C	0xFFE9C001  	MOVFF       R1, FSR0L
0x0230	0xFFEAC002  	MOVFF       R2, FSR0H
0x0234	0x50EE      	MOVF        POSTINC0, 0 
0x0236	0x0A00      	XORLW       0
0x0238	0xE1D8      	BNZ         L_Ltrim70
;__Lib_Conversions.c,386 :: 		
0x023A	0xF000C097  	MOVFF       FARG_Ltrim_string, R0
0x023E	0xF001C098  	MOVFF       FARG_Ltrim_string+1, R1
;__Lib_Conversions.c,387 :: 		
L_end_Ltrim:
0x0242	0x0012      	RETURN      0
; end of _Ltrim
_ADC_Init:
;__Lib_ADC_A_D.c,6 :: 		
;__Lib_ADC_A_D.c,7 :: 		
0x0244	0x0EFF      	MOVLW       _ADC_Get_Sample
0x0246	0x6E41      	MOVWF       _ADC_Get_Sample_Ptr 
0x0248	0x0EFF      	MOVLW       hi_addr(_ADC_Get_Sample)
0x024A	0x6E42      	MOVWF       _ADC_Get_Sample_Ptr+1 
0x024C	0x0EFF      	MOVLW       FARG_ADC_Get_Sample_channel
0x024E	0x6E43      	MOVWF       _ADC_Get_Sample_Ptr+2 
0x0250	0x0EFF      	MOVLW       hi_addr(FARG_ADC_Get_Sample_channel)
0x0252	0x6E44      	MOVWF       _ADC_Get_Sample_Ptr+3 
;__Lib_ADC_A_D.c,9 :: 		
0x0254	0x6AC2      	CLRF        ADCON0 
;__Lib_ADC_A_D.c,10 :: 		
0x0256	0x0E07      	MOVLW       7
0x0258	0x12C0      	IORWF       ADCON2, 1 
;__Lib_ADC_A_D.c,11 :: 		
0x025A	0x8EC0      	BSF         ADCON2, 7 
;__Lib_ADC_A_D.c,12 :: 		
0x025C	0x80C2      	BSF         ADCON0, 0 
;__Lib_ADC_A_D.c,13 :: 		
L_end_ADC_Init:
0x025E	0x0012      	RETURN      0
; end of _ADC_Init
_UART1_Init:
;__Lib_UART_c67.c,15 :: 		
;__Lib_UART_c67.c,18 :: 		
0x0260	0x0E28      	MOVLW       _UART1_Write
0x0262	0x6E35      	MOVWF       _UART_Wr_Ptr 
0x0264	0x0E01      	MOVLW       hi_addr(_UART1_Write)
0x0266	0x6E36      	MOVWF       _UART_Wr_Ptr+1 
0x0268	0x0EA1      	MOVLW       FARG_UART1_Write_data_
0x026A	0x6E37      	MOVWF       _UART_Wr_Ptr+2 
0x026C	0x0E00      	MOVLW       hi_addr(FARG_UART1_Write_data_)
0x026E	0x6E38      	MOVWF       _UART_Wr_Ptr+3 
;__Lib_UART_c67.c,19 :: 		
0x0270	0x0EFF      	MOVLW       _UART1_Read
0x0272	0x6E31      	MOVWF       _UART_Rd_Ptr 
0x0274	0x0EFF      	MOVLW       hi_addr(_UART1_Read)
0x0276	0x6E32      	MOVWF       _UART_Rd_Ptr+1 
0x0278	0x0E00      	MOVLW       0
0x027A	0x6E33      	MOVWF       _UART_Rd_Ptr+2 
0x027C	0x0E00      	MOVLW       0
0x027E	0x6E34      	MOVWF       _UART_Rd_Ptr+3 
;__Lib_UART_c67.c,20 :: 		
0x0280	0x0EFF      	MOVLW       _UART1_Data_Ready
0x0282	0x6E3D      	MOVWF       _UART_Rdy_Ptr 
0x0284	0x0EFF      	MOVLW       hi_addr(_UART1_Data_Ready)
0x0286	0x6E3E      	MOVWF       _UART_Rdy_Ptr+1 
0x0288	0x0E00      	MOVLW       0
0x028A	0x6E3F      	MOVWF       _UART_Rdy_Ptr+2 
0x028C	0x0E00      	MOVLW       0
0x028E	0x6E40      	MOVWF       _UART_Rdy_Ptr+3 
;__Lib_UART_c67.c,21 :: 		
0x0290	0x0EFF      	MOVLW       _UART1_Tx_Idle
0x0292	0x6E39      	MOVWF       _UART_Tx_Idle_Ptr 
0x0294	0x0EFF      	MOVLW       hi_addr(_UART1_Tx_Idle)
0x0296	0x6E3A      	MOVWF       _UART_Tx_Idle_Ptr+1 
0x0298	0x0E00      	MOVLW       0
0x029A	0x6E3B      	MOVWF       _UART_Tx_Idle_Ptr+2 
0x029C	0x0E00      	MOVLW       0
0x029E	0x6E3C      	MOVWF       _UART_Tx_Idle_Ptr+3 
;__Lib_UART_c67.c,23 :: 		
0x02A0	0x8AAC      	BSF         TXSTA, 5 
;__Lib_UART_c67.c,24 :: 		
0x02A2	0x0E90      	MOVLW       144
0x02A4	0x6EAB      	MOVWF       RCSTA 
;__Lib_UART_c67.c,25 :: 		
0x02A6	0x8E94      	BSF         TRISC7_bit, BitPos(TRISC7_bit+0) 
;__Lib_UART_c67.c,26 :: 		
0x02A8	0x9C94      	BCF         TRISC6_bit, BitPos(TRISC6_bit+0) 
;__Lib_UART_c67.c,28 :: 		
L_UART1_Init0:
0x02AA	0xAA9E      	BTFSS       PIR1, 5 
0x02AC	0xD003      	BRA         L_UART1_Init1
;__Lib_UART_c67.c,29 :: 		
0x02AE	0xF000CFAE  	MOVFF       RCREG, R0
0x02B2	0xD7FB      	BRA         L_UART1_Init0
L_UART1_Init1:
;__Lib_UART_c67.c,30 :: 		
L_end_UART1_Init:
0x02B4	0x0012      	RETURN      0
; end of _UART1_Init
_Word2Double:
;__Lib_MathDouble.c,2335 :: 		
;__Lib_MathDouble.c,2344 :: 		
0x02B6	0x5000      	MOVF        R0, 0, 0
;__Lib_MathDouble.c,2345 :: 		
0x02B8	0x6E08      	MOVWF       R8, 0
;__Lib_MathDouble.c,2346 :: 		
0x02BA	0x5001      	MOVF        R1, 0, 0
;__Lib_MathDouble.c,2347 :: 		
0x02BC	0x6E00      	MOVWF       R0, 0
;__Lib_MathDouble.c,2348 :: 		
0x02BE	0x6A01      	CLRF        R1, 0
;__Lib_MathDouble.c,2349 :: 		
0x02C0	0x6A02      	CLRF        R2, 0
;__Lib_MathDouble.c,2350 :: 		
0x02C2	0x6A03      	CLRF        R3, 0
;__Lib_MathDouble.c,2353 :: 		
0x02C4	0x6A0B      	CLRF        R11, 0
;__Lib_MathDouble.c,2354 :: 		
0x02C6	0x6A0C      	CLRF        R12, 0
;__Lib_MathDouble.c,2356 :: 		
0x02C8	0x0E96      	MOVLW       150
;__Lib_MathDouble.c,2357 :: 		
0x02CA	0x6E03      	MOVWF       R3, 0
;__Lib_MathDouble.c,2358 :: 		
0x02CC	0x6A0A      	CLRF        R10, 0
;__Lib_MathDouble.c,2360 :: 		
0x02CE	0xF001C000  	MOVFF       R0, R1
;__Lib_MathDouble.c,2361 :: 		
0x02D2	0xF000C008  	MOVFF       R8, R0
;__Lib_MathDouble.c,2362 :: 		
0x02D6	0x6A08      	CLRF        R8, 0
;__Lib_MathDouble.c,2363 :: 		
0x02D8	0x6A02      	CLRF        R2, 0
;__Lib_MathDouble.c,2365 :: 		
0x02DA	0xDEDF      	RCALL       _NRM3232
;__Lib_MathDouble.c,2366 :: 		
L_end_Word2Double:
0x02DC	0x0012      	RETURN      0
; end of _Word2Double
_ADC_Read:
;__Lib_ADC_A_D.c,35 :: 		
;__Lib_ADC_A_D.c,38 :: 		
0x02DE	0x6AC2      	CLRF        ADCON0 
;__Lib_ADC_A_D.c,39 :: 		
0x02E0	0x0E07      	MOVLW       7
0x02E2	0x12C0      	IORWF       ADCON2, 1 
;__Lib_ADC_A_D.c,40 :: 		
0x02E4	0x8EC0      	BSF         ADCON2, 7 
;__Lib_ADC_A_D.c,41 :: 		
0x02E6	0xF000C097  	MOVFF       FARG_ADC_Read_channel, R0
0x02EA	0x3600      	RLCF        R0, 1 
0x02EC	0x9000      	BCF         R0, 0 
0x02EE	0x3600      	RLCF        R0, 1 
0x02F0	0x9000      	BCF         R0, 0 
0x02F2	0x5000      	MOVF        R0, 0 
0x02F4	0x12C2      	IORWF       ADCON0, 1 
;__Lib_ADC_A_D.c,42 :: 		
0x02F6	0x80C2      	BSF         ADCON0, 0 
;__Lib_ADC_A_D.c,43 :: 		
0x02F8	0xDF1E      	RCALL       _Delay_22us
;__Lib_ADC_A_D.c,44 :: 		
0x02FA	0x82C2      	BSF         ADCON0, 1 
;__Lib_ADC_A_D.c,45 :: 		
L_ADC_Read2:
0x02FC	0xA2C2      	BTFSS       ADCON0, 1 
0x02FE	0xD001      	BRA         L_ADC_Read3
;__Lib_ADC_A_D.c,46 :: 		
0x0300	0xD7FD      	BRA         L_ADC_Read2
L_ADC_Read3:
;__Lib_ADC_A_D.c,47 :: 		
0x0302	0xF001CFC4  	MOVFF       ADRESH, R1
0x0306	0x6A00      	CLRF        R0 
;__Lib_ADC_A_D.c,48 :: 		
0x0308	0x50C3      	MOVF        ADRESL, 0 
0x030A	0x1200      	IORWF       R0, 1 
0x030C	0x0E00      	MOVLW       0
0x030E	0x1201      	IORWF       R1, 1 
;__Lib_ADC_A_D.c,49 :: 		
0x0310	0x90C2      	BCF         ADCON0, 0 
;__Lib_ADC_A_D.c,51 :: 		
;__Lib_ADC_A_D.c,52 :: 		
L_end_ADC_Read:
0x0312	0x0012      	RETURN      0
; end of _ADC_Read
_UART1_Write_Text:
;__Lib_UART_c67.c,66 :: 		
;__Lib_UART_c67.c,67 :: 		
0x0314	0x0100      	MOVLB       0
0x0316	0x6B9A      	CLRF        UART1_Write_Text_counter_L0, 1
;__Lib_UART_c67.c,69 :: 		
0x0318	0xFFE9C097  	MOVFF       FARG_UART1_Write_Text_uart_text, FSR0L
0x031C	0xFFEAC098  	MOVFF       FARG_UART1_Write_Text_uart_text+1, FSR0H
0x0320	0xF099CFEE  	MOVFF       POSTINC0, UART1_Write_Text_data__L0
;__Lib_UART_c67.c,70 :: 		
L_UART1_Write_Text5:
0x0324	0x5199      	MOVF        UART1_Write_Text_data__L0, 0, 1
0x0326	0x0A00      	XORLW       0
0x0328	0xE00E      	BZ          L_UART1_Write_Text6
;__Lib_UART_c67.c,71 :: 		
0x032A	0xF0A1C099  	MOVFF       UART1_Write_Text_data__L0, FARG_UART1_Write_data_
0x032E	0xDEFC      	RCALL       _UART1_Write
;__Lib_UART_c67.c,72 :: 		
0x0330	0x0100      	MOVLB       0
0x0332	0x2B9A      	INCF        UART1_Write_Text_counter_L0, 1, 1
;__Lib_UART_c67.c,73 :: 		
0x0334	0x519A      	MOVF        UART1_Write_Text_counter_L0, 0, 1
0x0336	0x2597      	ADDWF       FARG_UART1_Write_Text_uart_text, 0, 1
0x0338	0x6EE9      	MOVWF       FSR0L 
0x033A	0x0E00      	MOVLW       0
0x033C	0x2198      	ADDWFC      FARG_UART1_Write_Text_uart_text+1, 0, 1
0x033E	0x6EEA      	MOVWF       FSR0H 
0x0340	0xF099CFEE  	MOVFF       POSTINC0, UART1_Write_Text_data__L0
;__Lib_UART_c67.c,74 :: 		
0x0344	0xD7EF      	BRA         L_UART1_Write_Text5
L_UART1_Write_Text6:
;__Lib_UART_c67.c,75 :: 		
L_end_UART1_Write_Text:
0x0346	0x0012      	RETURN      0
; end of _UART1_Write_Text
_Mul_32x32_FP:
;__Lib_MathDouble.c,1130 :: 		
;__Lib_MathDouble.c,1148 :: 		
0x0348	0x6A08      	CLRF        R8, 0
;__Lib_MathDouble.c,1149 :: 		
0x034A	0x6A09      	CLRF        R9, 0
;__Lib_MathDouble.c,1151 :: 		
0x034C	0x0E00      	MOVLW       0
;__Lib_MathDouble.c,1152 :: 		
0x034E	0x6207      	CPFSEQ      R7, 0
;__Lib_MathDouble.c,1153 :: 		
0x0350	0x6403      	CPFSGT      R3, 0
;__Lib_MathDouble.c,1154 :: 		
0x0352	0xF002EF29  	GOTO        MULJPRES032
;__Lib_MathDouble.c,1157 :: 		
0x0356	0x5002      	MOVF        R2, 0, 0
;__Lib_MathDouble.c,1158 :: 		
0x0358	0x1806      	XORWF       R6, 0, 0
;__Lib_MathDouble.c,1159 :: 		
0x035A	0x6E0A      	MOVWF       R10, 0
;__Lib_MathDouble.c,1161 :: 		
0x035C	0x5007      	MOVF        R7, 0, 0
;__Lib_MathDouble.c,1162 :: 		
0x035E	0x2603      	ADDWF       R3, 1, 0
;__Lib_MathDouble.c,1163 :: 		
0x0360	0x0E7E      	MOVLW       126
;__Lib_MathDouble.c,1164 :: 		
0x0362	0xA0D8      	BTFSS       STATUS, 0, 0
;__Lib_MathDouble.c,1165 :: 		
0x0364	0xF001EFBA  	GOTO        MTUN32
;__Lib_MathDouble.c,1167 :: 		
0x0368	0x5E03      	SUBWF       R3, 1, 0
;__Lib_MathDouble.c,1168 :: 		
0x036A	0xB0D8      	BTFSC       STATUS, 0, 0
;__Lib_MathDouble.c,1169 :: 		
0x036C	0xF002EF2D  	GOTO        MULJPSETFOV32
;__Lib_MathDouble.c,1170 :: 		
0x0370	0xF001EFBE  	GOTO        MOK32
;__Lib_MathDouble.c,1172 :: 		
MTUN32:
;__Lib_MathDouble.c,1173 :: 		
0x0374	0x5E03      	SUBWF       R3, 1, 0
;__Lib_MathDouble.c,1174 :: 		
0x0376	0xA0D8      	BTFSS       STATUS, 0, 0
;__Lib_MathDouble.c,1175 :: 		
0x0378	0xF002EF31  	GOTO        MULJPSETFUN32
;__Lib_MathDouble.c,1177 :: 		
MOK32:
;__Lib_MathDouble.c,1178 :: 		
0x037C	0x8E02      	BSF         R2, 7, 0
;__Lib_MathDouble.c,1179 :: 		
0x037E	0x8E06      	BSF         R6, 7, 0
;__Lib_MathDouble.c,1181 :: 		
0x0380	0xF00EC002  	MOVFF       R2, R14
;__Lib_MathDouble.c,1182 :: 		
0x0384	0xF00BC001  	MOVFF       R1, R11
;__Lib_MathDouble.c,1183 :: 		
0x0388	0xF00DC000  	MOVFF       R0, R13
;__Lib_MathDouble.c,1185 :: 		
0x038C	0x5000      	MOVF        R0, 0, 0
;__Lib_MathDouble.c,1186 :: 		
0x038E	0x0204      	MULWF       R4, 0
;__Lib_MathDouble.c,1187 :: 		
0x0390	0xF00CCFF4  	MOVFF       PRODH, R12
;__Lib_MathDouble.c,1189 :: 		
0x0394	0x5001      	MOVF        R1, 0, 0
;__Lib_MathDouble.c,1190 :: 		
0x0396	0x0205      	MULWF       R5, 0
;__Lib_MathDouble.c,1191 :: 		
0x0398	0xF000CFF4  	MOVFF       PRODH, R0
;__Lib_MathDouble.c,1192 :: 		
0x039C	0xF008CFF3  	MOVFF       PRODL, R8
;__Lib_MathDouble.c,1194 :: 		
0x03A0	0x0204      	MULWF       R4, 0
;__Lib_MathDouble.c,1195 :: 		
0x03A2	0x50F3      	MOVF        PRODL, 0, 0
;__Lib_MathDouble.c,1196 :: 		
0x03A4	0x260C      	ADDWF       R12, 1, 0
;__Lib_MathDouble.c,1197 :: 		
0x03A6	0x50F4      	MOVF        PRODH, 0, 0
;__Lib_MathDouble.c,1198 :: 		
0x03A8	0x2208      	ADDWFC      R8, 1, 0
;__Lib_MathDouble.c,1199 :: 		
0x03AA	0x0E00      	MOVLW       0
;__Lib_MathDouble.c,1200 :: 		
0x03AC	0x2200      	ADDWFC      R0, 1, 0
;__Lib_MathDouble.c,1202 :: 		
0x03AE	0x500D      	MOVF        R13, 0, 0
;__Lib_MathDouble.c,1203 :: 		
0x03B0	0x0205      	MULWF       R5, 0
;__Lib_MathDouble.c,1204 :: 		
0x03B2	0x50F3      	MOVF        PRODL, 0, 0
;__Lib_MathDouble.c,1205 :: 		
0x03B4	0x260C      	ADDWF       R12, 1, 0
;__Lib_MathDouble.c,1206 :: 		
0x03B6	0x50F4      	MOVF        PRODH, 0, 0
;__Lib_MathDouble.c,1207 :: 		
0x03B8	0x2208      	ADDWFC      R8, 1, 0
;__Lib_MathDouble.c,1208 :: 		
0x03BA	0x0E00      	MOVLW       0
;__Lib_MathDouble.c,1209 :: 		
0x03BC	0x2200      	ADDWFC      R0, 1, 0
;__Lib_MathDouble.c,1211 :: 		
0x03BE	0x5002      	MOVF        R2, 0, 0
;__Lib_MathDouble.c,1212 :: 		
0x03C0	0x0204      	MULWF       R4, 0
;__Lib_MathDouble.c,1213 :: 		
0x03C2	0x50F3      	MOVF        PRODL, 0, 0
;__Lib_MathDouble.c,1214 :: 		
0x03C4	0x2608      	ADDWF       R8, 1, 0
;__Lib_MathDouble.c,1215 :: 		
0x03C6	0x50F4      	MOVF        PRODH, 0, 0
;__Lib_MathDouble.c,1216 :: 		
0x03C8	0x2200      	ADDWFC      R0, 1, 0
;__Lib_MathDouble.c,1217 :: 		
0x03CA	0x5002      	MOVF        R2, 0, 0
;__Lib_MathDouble.c,1218 :: 		
0x03CC	0x0205      	MULWF       R5, 0
;__Lib_MathDouble.c,1219 :: 		
0x03CE	0x6A01      	CLRF        R1, 0
;__Lib_MathDouble.c,1220 :: 		
0x03D0	0x0E00      	MOVLW       0
;__Lib_MathDouble.c,1221 :: 		
0x03D2	0x2201      	ADDWFC      R1, 1, 0
;__Lib_MathDouble.c,1222 :: 		
0x03D4	0x50F3      	MOVF        PRODL, 0, 0
;__Lib_MathDouble.c,1223 :: 		
0x03D6	0x2600      	ADDWF       R0, 1, 0
;__Lib_MathDouble.c,1224 :: 		
0x03D8	0x50F4      	MOVF        PRODH, 0, 0
;__Lib_MathDouble.c,1225 :: 		
0x03DA	0x2201      	ADDWFC      R1, 1, 0
;__Lib_MathDouble.c,1227 :: 		
0x03DC	0x500D      	MOVF        R13, 0, 0
;__Lib_MathDouble.c,1228 :: 		
0x03DE	0x0206      	MULWF       R6, 0
;__Lib_MathDouble.c,1229 :: 		
0x03E0	0x50F3      	MOVF        PRODL, 0, 0
;__Lib_MathDouble.c,1230 :: 		
0x03E2	0x2608      	ADDWF       R8, 1, 0
;__Lib_MathDouble.c,1231 :: 		
0x03E4	0x50F4      	MOVF        PRODH, 0, 0
;__Lib_MathDouble.c,1232 :: 		
0x03E6	0x2200      	ADDWFC      R0, 1, 0
;__Lib_MathDouble.c,1233 :: 		
0x03E8	0x6A02      	CLRF        R2, 0
;__Lib_MathDouble.c,1234 :: 		
0x03EA	0x0E00      	MOVLW       0
;__Lib_MathDouble.c,1235 :: 		
0x03EC	0x2201      	ADDWFC      R1, 1, 0
;__Lib_MathDouble.c,1236 :: 		
0x03EE	0x2202      	ADDWFC      R2, 1, 0
;__Lib_MathDouble.c,1238 :: 		
0x03F0	0x500B      	MOVF        R11, 0, 0
;__Lib_MathDouble.c,1239 :: 		
0x03F2	0x0206      	MULWF       R6, 0
;__Lib_MathDouble.c,1240 :: 		
0x03F4	0x50F3      	MOVF        PRODL, 0, 0
;__Lib_MathDouble.c,1241 :: 		
0x03F6	0x2600      	ADDWF       R0, 1, 0
;__Lib_MathDouble.c,1242 :: 		
0x03F8	0x50F4      	MOVF        PRODH, 0, 0
;__Lib_MathDouble.c,1243 :: 		
0x03FA	0x2201      	ADDWFC      R1, 1, 0
;__Lib_MathDouble.c,1244 :: 		
0x03FC	0x0E00      	MOVLW       0
;__Lib_MathDouble.c,1245 :: 		
0x03FE	0x2202      	ADDWFC      R2, 1, 0
;__Lib_MathDouble.c,1247 :: 		
0x0400	0x500E      	MOVF        R14, 0, 0
;__Lib_MathDouble.c,1248 :: 		
0x0402	0x0206      	MULWF       R6, 0
;__Lib_MathDouble.c,1249 :: 		
0x0404	0x50F3      	MOVF        PRODL, 0, 0
;__Lib_MathDouble.c,1250 :: 		
0x0406	0x2601      	ADDWF       R1, 1, 0
;__Lib_MathDouble.c,1251 :: 		
0x0408	0x50F4      	MOVF        PRODH, 0, 0
;__Lib_MathDouble.c,1252 :: 		
0x040A	0x2202      	ADDWFC      R2, 1, 0
;__Lib_MathDouble.c,1254 :: 		
0x040C	0xBE02      	BTFSC       R2, 7, 0
;__Lib_MathDouble.c,1255 :: 		
0x040E	0xF002EF11  	GOTO        MROUND32
;__Lib_MathDouble.c,1256 :: 		
0x0412	0x3608      	RLCF        R8, 1, 0
;__Lib_MathDouble.c,1257 :: 		
0x0414	0x3600      	RLCF        R0, 1, 0
;__Lib_MathDouble.c,1258 :: 		
0x0416	0x3601      	RLCF        R1, 1, 0
;__Lib_MathDouble.c,1259 :: 		
0x0418	0x3602      	RLCF        R2, 1, 0
;__Lib_MathDouble.c,1260 :: 		
0x041A	0x0603      	DECF        R3, 1, 0
;__Lib_MathDouble.c,1261 :: 		
0x041C	0xB4D8      	BTFSC       STATUS, 2, 0
;__Lib_MathDouble.c,1262 :: 		
0x041E	0xF002EF31  	GOTO        MULJPSETFUN32
;__Lib_MathDouble.c,1264 :: 		
MROUND32:
;__Lib_MathDouble.c,1267 :: 		
0x0422	0xF002EF24  	GOTO        MUL32OK
;__Lib_MathDouble.c,1268 :: 		
0x0426	0x80D8      	BSF         STATUS, 0, 0
;__Lib_MathDouble.c,1269 :: 		
0x0428	0x0E80      	MOVLW       128
;__Lib_MathDouble.c,1270 :: 		
0x042A	0x6408      	CPFSGT      R8, 0
;__Lib_MathDouble.c,1271 :: 		
0x042C	0x3000      	RRCF        R0, 0, 0
;__Lib_MathDouble.c,1272 :: 		
0x042E	0x0E00      	MOVLW       0
;__Lib_MathDouble.c,1273 :: 		
0x0430	0x2200      	ADDWFC      R0, 1, 0
;__Lib_MathDouble.c,1274 :: 		
0x0432	0x2201      	ADDWFC      R1, 1, 0
;__Lib_MathDouble.c,1275 :: 		
0x0434	0x2202      	ADDWFC      R2, 1, 0
;__Lib_MathDouble.c,1277 :: 		
0x0436	0xA0D8      	BTFSS       STATUS, 0, 0
;__Lib_MathDouble.c,1278 :: 		
0x0438	0xF002EF24  	GOTO        MUL32OK
;__Lib_MathDouble.c,1279 :: 		
0x043C	0x3202      	RRCF        R2, 1, 0
;__Lib_MathDouble.c,1280 :: 		
0x043E	0x3201      	RRCF        R1, 1, 0
;__Lib_MathDouble.c,1281 :: 		
0x0440	0x3200      	RRCF        R0, 1, 0
;__Lib_MathDouble.c,1282 :: 		
0x0442	0x4A03      	INFSNZ      R3, 1, 0
;__Lib_MathDouble.c,1283 :: 		
0x0444	0xF002EF2D  	GOTO        MULJPSETFOV32
;__Lib_MathDouble.c,1285 :: 		
MUL32OK:
;__Lib_MathDouble.c,1286 :: 		
0x0448	0xAE0A      	BTFSS       R10, 7, 0
;__Lib_MathDouble.c,1287 :: 		
0x044A	0x9E02      	BCF         R2, 7, 0
;__Lib_MathDouble.c,1289 :: 		
0x044C	0x0E00      	MOVLW       0
;__Lib_MathDouble.c,1290 :: 		
0x044E	0xF002EF33  	GOTO        MULEEE
;__Lib_MathDouble.c,1291 :: 		
MULJPRES032:
;__Lib_MathDouble.c,1292 :: 		
0x0452	0x0E01      	MOVLW       1
;__Lib_MathDouble.c,1295 :: 		
0x0454	0xDDE3      	RCALL       _RES032
;__Lib_MathDouble.c,1297 :: 		
0x0456	0xF002EF33  	GOTO        MULEEE
;__Lib_MathDouble.c,1298 :: 		
MULJPSETFOV32:
;__Lib_MathDouble.c,1299 :: 		
0x045A	0x0E02      	MOVLW       2
;__Lib_MathDouble.c,1302 :: 		
0x045C	0xDE12      	RCALL       _SETFOV32
;__Lib_MathDouble.c,1304 :: 		
0x045E	0xF002EF33  	GOTO        MULEEE
;__Lib_MathDouble.c,1305 :: 		
MULJPSETFUN32:
;__Lib_MathDouble.c,1306 :: 		
0x0462	0x0E04      	MOVLW       4
;__Lib_MathDouble.c,1309 :: 		
0x0464	0xDDFD      	RCALL       _SETFUN32
;__Lib_MathDouble.c,1311 :: 		
MULEEE:
;__Lib_MathDouble.c,1318 :: 		
L_end_Mul_32x32_FP:
0x0466	0x0012      	RETURN      0
; end of _Mul_32x32_FP
___CC2DW:
;__Lib_System.c,21 :: 		
;__Lib_System.c,23 :: 		
_CC2DL_Loop1:
;__Lib_System.c,24 :: 		
0x0468	0x0009      	TBLRD*+
;__Lib_System.c,25 :: 		
0x046A	0xFFE6CFF5  	MOVFF       TABLAT, POSTINC1
;__Lib_System.c,26 :: 		
0x046E	0x0600      	DECF        R0, 1, 0
;__Lib_System.c,27 :: 		
0x0470	0xE1FB      	BNZ         _CC2DL_Loop1
;__Lib_System.c,28 :: 		
0x0472	0x0601      	DECF        R1, 1, 0
;__Lib_System.c,29 :: 		
0x0474	0xE1F9      	BNZ         _CC2DL_Loop1
;__Lib_System.c,31 :: 		
L_end___CC2DW:
0x0476	0x0012      	RETURN      0
; end of ___CC2DW
_IntToStr:
;__Lib_Conversions.c,146 :: 		
;__Lib_Conversions.c,152 :: 		
0x0478	0x0100      	MOVLB       0
0x047A	0x6B9D      	CLRF        IntToStr_negative_L0, 1
0x047C	0x6B9E      	CLRF        IntToStr_negative_L0+1, 1
;__Lib_Conversions.c,153 :: 		
0x047E	0xF09FC097  	MOVFF       FARG_IntToStr_input, IntToStr_inword_L0
0x0482	0xF0A0C098  	MOVFF       FARG_IntToStr_input+1, IntToStr_inword_L0+1
;__Lib_Conversions.c,154 :: 		
0x0486	0x0E80      	MOVLW       128
0x0488	0x1998      	XORWF       FARG_IntToStr_input+1, 0, 1
0x048A	0x6E00      	MOVWF       R0 
0x048C	0x0E80      	MOVLW       128
0x048E	0x5C00      	SUBWF       R0, 0 
0x0490	0xE102      	BNZ         L__IntToStr115
0x0492	0x0E00      	MOVLW       0
0x0494	0x5D97      	SUBWF       FARG_IntToStr_input, 0, 1
L__IntToStr115:
0x0496	0xE20B      	BC          L_IntToStr23
;__Lib_Conversions.c,155 :: 		
0x0498	0x0E01      	MOVLW       1
0x049A	0x6F9D      	MOVWF       IntToStr_negative_L0, 1
0x049C	0x0E00      	MOVLW       0
0x049E	0x6F9E      	MOVWF       IntToStr_negative_L0+1, 1
;__Lib_Conversions.c,156 :: 		
0x04A0	0x5197      	MOVF        FARG_IntToStr_input, 0, 1
0x04A2	0x0800      	SUBLW       0
0x04A4	0x6F9F      	MOVWF       IntToStr_inword_L0, 1
0x04A6	0xF0A0C098  	MOVFF       FARG_IntToStr_input+1, IntToStr_inword_L0+1
0x04AA	0x0E00      	MOVLW       0
0x04AC	0x57A0      	SUBFWB      IntToStr_inword_L0+1, 1, 1
;__Lib_Conversions.c,157 :: 		
L_IntToStr23:
;__Lib_Conversions.c,158 :: 		
0x04AE	0xF0A1C09F  	MOVFF       IntToStr_inword_L0, FARG_WordToStr_input
0x04B2	0xF0A2C0A0  	MOVFF       IntToStr_inword_L0+1, FARG_WordToStr_input+1
0x04B6	0xF0A3C099  	MOVFF       FARG_IntToStr_output, FARG_WordToStr_output
0x04BA	0xF0A4C09A  	MOVFF       FARG_IntToStr_output+1, FARG_WordToStr_output+1
0x04BE	0xDE41      	RCALL       _WordToStr
;__Lib_Conversions.c,160 :: 		
0x04C0	0x0E06      	MOVLW       6
0x04C2	0x6F9B      	MOVWF       IntToStr_i_L0, 1
0x04C4	0x0E00      	MOVLW       0
0x04C6	0x6F9C      	MOVWF       IntToStr_i_L0+1, 1
;__Lib_Conversions.c,161 :: 		
L_IntToStr24:
0x04C8	0x0E00      	MOVLW       0
0x04CA	0x6E00      	MOVWF       R0 
0x04CC	0x519C      	MOVF        IntToStr_i_L0+1, 0, 1
0x04CE	0x5C00      	SUBWF       R0, 0 
0x04D0	0xE102      	BNZ         L__IntToStr116
0x04D2	0x519B      	MOVF        IntToStr_i_L0, 0, 1
0x04D4	0x0800      	SUBLW       0
L__IntToStr116:
0x04D6	0xE219      	BC          L_IntToStr25
;__Lib_Conversions.c,162 :: 		
0x04D8	0x519B      	MOVF        IntToStr_i_L0, 0, 1
0x04DA	0x2599      	ADDWF       FARG_IntToStr_output, 0, 1
0x04DC	0x6EE1      	MOVWF       FSR1L 
0x04DE	0x519C      	MOVF        IntToStr_i_L0+1, 0, 1
0x04E0	0x219A      	ADDWFC      FARG_IntToStr_output+1, 0, 1
0x04E2	0x6EE2      	MOVWF       FSR1H 
0x04E4	0x0E01      	MOVLW       1
0x04E6	0x5D9B      	SUBWF       IntToStr_i_L0, 0, 1
0x04E8	0x6E00      	MOVWF       R0 
0x04EA	0x0E00      	MOVLW       0
0x04EC	0x599C      	SUBWFB      IntToStr_i_L0+1, 0, 1
0x04EE	0x6E01      	MOVWF       R1 
0x04F0	0x5000      	MOVF        R0, 0 
0x04F2	0x2599      	ADDWF       FARG_IntToStr_output, 0, 1
0x04F4	0x6EE9      	MOVWF       FSR0L 
0x04F6	0x5001      	MOVF        R1, 0 
0x04F8	0x219A      	ADDWFC      FARG_IntToStr_output+1, 0, 1
0x04FA	0x6EEA      	MOVWF       FSR0H 
0x04FC	0xFFE6CFEE  	MOVFF       POSTINC0, POSTINC1
;__Lib_Conversions.c,163 :: 		
0x0500	0x0E01      	MOVLW       1
0x0502	0x5F9B      	SUBWF       IntToStr_i_L0, 1, 1
0x0504	0x0E00      	MOVLW       0
0x0506	0x5B9C      	SUBWFB      IntToStr_i_L0+1, 1, 1
;__Lib_Conversions.c,164 :: 		
0x0508	0xD7DF      	BRA         L_IntToStr24
L_IntToStr25:
;__Lib_Conversions.c,165 :: 		
0x050A	0xFFE1C099  	MOVFF       FARG_IntToStr_output, FSR1L
0x050E	0xFFE2C09A  	MOVFF       FARG_IntToStr_output+1, FSR1H
0x0512	0x0E20      	MOVLW       32
0x0514	0x6EE6      	MOVWF       POSTINC1 
;__Lib_Conversions.c,166 :: 		
0x0516	0x519D      	MOVF        IntToStr_negative_L0, 0, 1
0x0518	0x119E      	IORWF       IntToStr_negative_L0+1, 0, 1
0x051A	0xE01A      	BZ          L_IntToStr26
;__Lib_Conversions.c,167 :: 		
0x051C	0x6B9B      	CLRF        IntToStr_i_L0, 1
0x051E	0x6B9C      	CLRF        IntToStr_i_L0+1, 1
;__Lib_Conversions.c,168 :: 		
L_IntToStr27:
0x0520	0x519B      	MOVF        IntToStr_i_L0, 0, 1
0x0522	0x2599      	ADDWF       FARG_IntToStr_output, 0, 1
0x0524	0x6EE9      	MOVWF       FSR0L 
0x0526	0x519C      	MOVF        IntToStr_i_L0+1, 0, 1
0x0528	0x219A      	ADDWFC      FARG_IntToStr_output+1, 0, 1
0x052A	0x6EEA      	MOVWF       FSR0H 
0x052C	0x50EE      	MOVF        POSTINC0, 0 
0x052E	0x0A20      	XORLW       32
0x0530	0xE103      	BNZ         L_IntToStr28
0x0532	0x4B9B      	INFSNZ      IntToStr_i_L0, 1, 1
0x0534	0x2B9C      	INCF        IntToStr_i_L0+1, 1, 1
0x0536	0xD7F4      	BRA         L_IntToStr27
L_IntToStr28:
;__Lib_Conversions.c,169 :: 		
0x0538	0x0E01      	MOVLW       1
0x053A	0x5F9B      	SUBWF       IntToStr_i_L0, 1, 1
0x053C	0x0E00      	MOVLW       0
0x053E	0x5B9C      	SUBWFB      IntToStr_i_L0+1, 1, 1
;__Lib_Conversions.c,170 :: 		
0x0540	0x519B      	MOVF        IntToStr_i_L0, 0, 1
0x0542	0x2599      	ADDWF       FARG_IntToStr_output, 0, 1
0x0544	0x6EE1      	MOVWF       FSR1L 
0x0546	0x519C      	MOVF        IntToStr_i_L0+1, 0, 1
0x0548	0x219A      	ADDWFC      FARG_IntToStr_output+1, 0, 1
0x054A	0x6EE2      	MOVWF       FSR1H 
0x054C	0x0E2D      	MOVLW       45
0x054E	0x6EE6      	MOVWF       POSTINC1 
L_IntToStr26:
;__Lib_Conversions.c,171 :: 		
L_end_IntToStr:
0x0550	0x0012      	RETURN      0
; end of _IntToStr
_Wait:
;Bluetooth.c,50 :: 		void Wait(){
;Bluetooth.c,51 :: 		for(X=0;X<60;X++) //600
0x0552	0x6A2B      	CLRF        _x 
0x0554	0x6A2C      	CLRF        _x+1 
L_Wait0:
0x0556	0x0E80      	MOVLW       128
0x0558	0x182C      	XORWF       _x+1, 0 
0x055A	0x6E00      	MOVWF       R0 
0x055C	0x0E80      	MOVLW       128
0x055E	0x5C00      	SUBWF       R0, 0 
0x0560	0xE102      	BNZ         L__Wait13
0x0562	0x0E3C      	MOVLW       60
0x0564	0x5C2B      	SUBWF       _x, 0 
L__Wait13:
0x0566	0xE210      	BC          L_Wait1
;Bluetooth.c,53 :: 		Delay_ms(1000);
0x0568	0x0E1A      	MOVLW       26
0x056A	0x6E0B      	MOVWF       R11, 0
0x056C	0x0E5E      	MOVLW       94
0x056E	0x6E0C      	MOVWF       R12, 0
0x0570	0x0E6E      	MOVLW       110
0x0572	0x6E0D      	MOVWF       R13, 0
L_Wait3:
0x0574	0x2E0D      	DECFSZ      R13, 1, 0
0x0576	0xD7FE      	BRA         L_Wait3
0x0578	0x2E0C      	DECFSZ      R12, 1, 0
0x057A	0xD7FC      	BRA         L_Wait3
0x057C	0x2E0B      	DECFSZ      R11, 1, 0
0x057E	0xD7FA      	BRA         L_Wait3
0x0580	0x0000      	NOP
;Bluetooth.c,51 :: 		for(X=0;X<60;X++) //600
0x0582	0x4A2B      	INFSNZ      _x, 1 
0x0584	0x2A2C      	INCF        _x+1, 1 
;Bluetooth.c,54 :: 		}
0x0586	0xD7E7      	BRA         L_Wait0
L_Wait1:
;Bluetooth.c,117 :: 		}
L_end_Wait:
0x0588	0x0012      	RETURN      0
; end of _Wait
_Double2Word:
;__Lib_MathDouble.c,2023 :: 		
;__Lib_MathDouble.c,2032 :: 		
0x058A	0x6A0B      	CLRF        R11, 0
;__Lib_MathDouble.c,2033 :: 		
0x058C	0x6A0C      	CLRF        R12, 0
;__Lib_MathDouble.c,2034 :: 		
0x058E	0x6A0A      	CLRF        R10, 0
;__Lib_MathDouble.c,2036 :: 		
0x0590	0x5003      	MOVF        R3, 0, 0
;__Lib_MathDouble.c,2037 :: 		
0x0592	0xB4D8      	BTFSC       STATUS, 2, 0
;__Lib_MathDouble.c,2038 :: 		
0x0594	0xF003EF0F  	GOTO        IRES016U
;__Lib_MathDouble.c,2040 :: 		
0x0598	0x8E02      	BSF         R2, 7, 0
;__Lib_MathDouble.c,2042 :: 		
0x059A	0x0E8E      	MOVLW       142
;__Lib_MathDouble.c,2043 :: 		
0x059C	0x5E03      	SUBWF       R3, 1, 0
;__Lib_MathDouble.c,2044 :: 		
0x059E	0xBE03      	BTFSC       R3, 7, 0
;__Lib_MathDouble.c,2045 :: 		
0x05A0	0xF002EFD7  	GOTO        SETEXP16U
;__Lib_MathDouble.c,2046 :: 		
0x05A4	0xB4D8      	BTFSC       STATUS, 2, 0
;__Lib_MathDouble.c,2047 :: 		
0x05A6	0xF002EFD7  	GOTO        SETEXP16U
;__Lib_MathDouble.c,2048 :: 		
0x05AA	0xF003EF13  	GOTO        SETIOV16U
;__Lib_MathDouble.c,2049 :: 		
SETEXP16U:
;__Lib_MathDouble.c,2050 :: 		
0x05AE	0x6C03      	NEGF        R3, 0
;__Lib_MathDouble.c,2052 :: 		
0x05B0	0x0E08      	MOVLW       8
;__Lib_MathDouble.c,2053 :: 		
0x05B2	0x5C03      	SUBWF       R3, 0, 0
;__Lib_MathDouble.c,2054 :: 		
0x05B4	0xA0D8      	BTFSS       STATUS, 0, 0
;__Lib_MathDouble.c,2055 :: 		
0x05B6	0xF002EFEE  	GOTO        TSHIFT3216U
;__Lib_MathDouble.c,2056 :: 		
0x05BA	0x6E03      	MOVWF       R3, 0
;__Lib_MathDouble.c,2057 :: 		
0x05BC	0x3601      	RLCF        R1, 1, 0
;__Lib_MathDouble.c,2058 :: 		
0x05BE	0xF001C002  	MOVFF       R2, R1
;__Lib_MathDouble.c,2059 :: 		
0x05C2	0x6A02      	CLRF        R2, 0
;__Lib_MathDouble.c,2061 :: 		
0x05C4	0x0E08      	MOVLW       8
;__Lib_MathDouble.c,2062 :: 		
0x05C6	0x5C03      	SUBWF       R3, 0, 0
;__Lib_MathDouble.c,2063 :: 		
0x05C8	0xA0D8      	BTFSS       STATUS, 0, 0
;__Lib_MathDouble.c,2064 :: 		
0x05CA	0xF002EFEE  	GOTO        TSHIFT3216U
;__Lib_MathDouble.c,2065 :: 		
0x05CE	0x3601      	RLCF        R1, 1, 0
;__Lib_MathDouble.c,2066 :: 		
0x05D0	0x6A01      	CLRF        R1, 0
;__Lib_MathDouble.c,2068 :: 		
0x05D2	0x5003      	MOVF        R3, 0, 0
;__Lib_MathDouble.c,2069 :: 		
0x05D4	0xA4D8      	BTFSS       STATUS, 2, 0
;__Lib_MathDouble.c,2070 :: 		
0x05D6	0x90D8      	BCF         STATUS, 0, 0
;__Lib_MathDouble.c,2071 :: 		
0x05D8	0xF002EFF8  	GOTO        SHIFT3216UOK
;__Lib_MathDouble.c,2072 :: 		
TSHIFT3216U:
;__Lib_MathDouble.c,2073 :: 		
0x05DC	0x5003      	MOVF        R3, 0, 0
;__Lib_MathDouble.c,2074 :: 		
0x05DE	0xB4D8      	BTFSC       STATUS, 2, 0
;__Lib_MathDouble.c,2075 :: 		
0x05E0	0xF002EFF8  	GOTO        SHIFT3216UOK
;__Lib_MathDouble.c,2076 :: 		
SHIFT3216U:
;__Lib_MathDouble.c,2077 :: 		
0x05E4	0x90D8      	BCF         STATUS, 0, 0
;__Lib_MathDouble.c,2078 :: 		
0x05E6	0x3202      	RRCF        R2, 1, 0
;__Lib_MathDouble.c,2079 :: 		
0x05E8	0x3201      	RRCF        R1, 1, 0
;__Lib_MathDouble.c,2080 :: 		
0x05EA	0x2E03      	DECFSZ      R3, 1, 0
;__Lib_MathDouble.c,2081 :: 		
0x05EC	0xF002EFF2  	GOTO        SHIFT3216U
;__Lib_MathDouble.c,2082 :: 		
SHIFT3216UOK:
;__Lib_MathDouble.c,2083 :: 		
0x05F0	0xBC0B      	BTFSC       R11, 6, 0
;__Lib_MathDouble.c,2084 :: 		
0x05F2	0xA001      	BTFSS       R1, 0, 0
;__Lib_MathDouble.c,2085 :: 		
0x05F4	0xF003EF05  	GOTO        INT3216UOK
;__Lib_MathDouble.c,2086 :: 		
0x05F8	0xA0D8      	BTFSS       STATUS, 0, 0
;__Lib_MathDouble.c,2087 :: 		
0x05FA	0xF003EF05  	GOTO        INT3216UOK
;__Lib_MathDouble.c,2088 :: 		
0x05FE	0x2A01      	INCF        R1, 1, 0
;__Lib_MathDouble.c,2089 :: 		
0x0600	0xB4D8      	BTFSC       STATUS, 2, 0
;__Lib_MathDouble.c,2090 :: 		
0x0602	0x2A02      	INCF        R2, 1, 0
;__Lib_MathDouble.c,2091 :: 		
0x0604	0xBE02      	BTFSC       R2, 7, 0
;__Lib_MathDouble.c,2092 :: 		
0x0606	0xF003EF22  	GOTO        JPKSETIOV3224
;__Lib_MathDouble.c,2093 :: 		
INT3216UOK:
;__Lib_MathDouble.c,2094 :: 		
0x060A	0xAE0A      	BTFSS       R10, 7, 0
;__Lib_MathDouble.c,2095 :: 		
0x060C	0xF003EF27  	GOTO        INT3216UEOK
;__Lib_MathDouble.c,2097 :: 		
0x0610	0x1E02      	COMF        R2, 1, 0
;__Lib_MathDouble.c,2098 :: 		
0x0612	0x1E01      	COMF        R1, 1, 0
;__Lib_MathDouble.c,2099 :: 		
0x0614	0x2A01      	INCF        R1, 1, 0
;__Lib_MathDouble.c,2100 :: 		
0x0616	0xB4D8      	BTFSC       STATUS, 2, 0
;__Lib_MathDouble.c,2101 :: 		
0x0618	0x2A02      	INCF        R2, 1, 0
;__Lib_MathDouble.c,2102 :: 		
0x061A	0xF003EF27  	GOTO        INT3216UEOK
;__Lib_MathDouble.c,2104 :: 		
IRES016U:
;__Lib_MathDouble.c,2105 :: 		
0x061E	0x6A02      	CLRF        R2, 0
;__Lib_MathDouble.c,2106 :: 		
0x0620	0x6A01      	CLRF        R1, 0
;__Lib_MathDouble.c,2107 :: 		
0x0622	0xF003EF27  	GOTO        INT3216UEOK
;__Lib_MathDouble.c,2108 :: 		
SETIOV16U:
;__Lib_MathDouble.c,2109 :: 		
0x0626	0x800B      	BSF         R11, 0, 0
;__Lib_MathDouble.c,2110 :: 		
0x0628	0xAE0B      	BTFSS       R11, 7, 0
;__Lib_MathDouble.c,2111 :: 		
0x062A	0xF003EF2B  	GOTO        INT3216UEER
;__Lib_MathDouble.c,2113 :: 		
0x062E	0x6A02      	CLRF        R2, 0
;__Lib_MathDouble.c,2114 :: 		
0x0630	0xAE0A      	BTFSS       R10, 7, 0
;__Lib_MathDouble.c,2115 :: 		
0x0632	0xF003EF2B  	GOTO        INT3216UEER
;__Lib_MathDouble.c,2116 :: 		
0x0636	0x0EFF      	MOVLW       255
;__Lib_MathDouble.c,2117 :: 		
0x0638	0x6E02      	MOVWF       R2, 0
;__Lib_MathDouble.c,2118 :: 		
0x063A	0x6E01      	MOVWF       R1, 0
;__Lib_MathDouble.c,2119 :: 		
0x063C	0x360A      	RLCF        R10, 1, 0
;__Lib_MathDouble.c,2120 :: 		
0x063E	0x3202      	RRCF        R2, 1, 0
;__Lib_MathDouble.c,2121 :: 		
0x0640	0xF003EF2B  	GOTO        INT3216UEER
;__Lib_MathDouble.c,2123 :: 		
JPKSETIOV3224:
;__Lib_MathDouble.c,2124 :: 		
0x0644	0x0E01      	MOVLW       1
;__Lib_MathDouble.c,2125 :: 		
0x0646	0x6E0C      	MOVWF       R12, 0
;__Lib_MathDouble.c,2127 :: 		
0x0648	0xDD61      	RCALL       _SETIOV3224
;__Lib_MathDouble.c,2129 :: 		
0x064A	0xF003EF2D  	GOTO        INT3216UEEE
;__Lib_MathDouble.c,2130 :: 		
INT3216UEOK:
;__Lib_MathDouble.c,2131 :: 		
0x064E	0x0E00      	MOVLW       0
;__Lib_MathDouble.c,2132 :: 		
0x0650	0x6E0C      	MOVWF       R12, 0
;__Lib_MathDouble.c,2133 :: 		
0x0652	0xF003EF2D  	GOTO        INT3216UEEE
;__Lib_MathDouble.c,2134 :: 		
INT3216UEER:
;__Lib_MathDouble.c,2135 :: 		
0x0656	0x0EFF      	MOVLW       255
;__Lib_MathDouble.c,2136 :: 		
0x0658	0x6E0C      	MOVWF       R12, 0
;__Lib_MathDouble.c,2137 :: 		
INT3216UEEE:
;__Lib_MathDouble.c,2138 :: 		
0x065A	0x5001      	MOVF        R1, 0, 0
;__Lib_MathDouble.c,2139 :: 		
0x065C	0x6E00      	MOVWF       R0, 0
;__Lib_MathDouble.c,2140 :: 		
0x065E	0x5002      	MOVF        R2, 0, 0
;__Lib_MathDouble.c,2141 :: 		
0x0660	0x6E01      	MOVWF       R1, 0
;__Lib_MathDouble.c,2146 :: 		
L_end_Double2Word:
0x0662	0x0012      	RETURN      0
; end of _Double2Word
_main:
;Bluetooth.c,119 :: 		void main(){
;Bluetooth.c,124 :: 		UART1_Init(9600);              // Initialize UART module at 9600 bps
0x0664	0x86B8      	BSF         BAUDCON, 3, 0
0x0666	0x0E02      	MOVLW       2
0x0668	0x6EB0      	MOVWF       SPBRGH 
0x066A	0x0E08      	MOVLW       8
0x066C	0x6EAF      	MOVWF       SPBRG 
0x066E	0x84AC      	BSF         TXSTA, 2, 0
0x0670	0xDDF7      	RCALL       _UART1_Init
;Bluetooth.c,127 :: 		ADCON1 = 0b00001001; // Set AN0 channel pin as analog
0x0672	0x0E09      	MOVLW       9
0x0674	0x6EC1      	MOVWF       ADCON1 
;Bluetooth.c,128 :: 		CMCON |= 7; // Disable comparators
0x0676	0x0E07      	MOVLW       7
0x0678	0x12B4      	IORWF       CMCON, 1 
;Bluetooth.c,130 :: 		ADC_init();
0x067A	0xDDE4      	RCALL       _ADC_Init
;Bluetooth.c,189 :: 		while(1) {
L_main4:
;Bluetooth.c,191 :: 		hold0 = adc_read(0)*0.4886; //0.406
0x067C	0x0100      	MOVLB       0
0x067E	0x6B97      	CLRF        FARG_ADC_Read_channel, 1
0x0680	0xDE2E      	RCALL       _ADC_Read
0x0682	0xDE19      	RCALL       _Word2Double
0x0684	0x0EC7      	MOVLW       199
0x0686	0x6E04      	MOVWF       R4 
0x0688	0x0E29      	MOVLW       41
0x068A	0x6E05      	MOVWF       R5 
0x068C	0x0E7A      	MOVLW       122
0x068E	0x6E06      	MOVWF       R6 
0x0690	0x0E7D      	MOVLW       125
0x0692	0x6E07      	MOVWF       R7 
0x0694	0xDE59      	RCALL       _Mul_32x32_FP
0x0696	0xDF79      	RCALL       _Double2Word
0x0698	0xF029C000  	MOVFF       R0, _hold0
0x069C	0xF02AC001  	MOVFF       R1, _hold0+1
;Bluetooth.c,192 :: 		delay_ms(12);
0x06A0	0x0E4E      	MOVLW       78
0x06A2	0x6E0C      	MOVWF       R12, 0
0x06A4	0x0EEB      	MOVLW       235
0x06A6	0x6E0D      	MOVWF       R13, 0
L_main6:
0x06A8	0x2E0D      	DECFSZ      R13, 1, 0
0x06AA	0xD7FE      	BRA         L_main6
0x06AC	0x2E0C      	DECFSZ      R12, 1, 0
0x06AE	0xD7FC      	BRA         L_main6
;Bluetooth.c,193 :: 		hold1 = adc_read(1)*0.4886;
0x06B0	0x0E01      	MOVLW       1
0x06B2	0x0100      	MOVLB       0
0x06B4	0x6F97      	MOVWF       FARG_ADC_Read_channel, 1
0x06B6	0xDE13      	RCALL       _ADC_Read
0x06B8	0xDDFE      	RCALL       _Word2Double
0x06BA	0x0EC7      	MOVLW       199
0x06BC	0x6E04      	MOVWF       R4 
0x06BE	0x0E29      	MOVLW       41
0x06C0	0x6E05      	MOVWF       R5 
0x06C2	0x0E7A      	MOVLW       122
0x06C4	0x6E06      	MOVWF       R6 
0x06C6	0x0E7D      	MOVLW       125
0x06C8	0x6E07      	MOVWF       R7 
0x06CA	0xDE3E      	RCALL       _Mul_32x32_FP
0x06CC	0xDF5E      	RCALL       _Double2Word
0x06CE	0xF02FC000  	MOVFF       R0, _hold1
0x06D2	0xF030C001  	MOVFF       R1, _hold1+1
;Bluetooth.c,194 :: 		delay_ms(12);
0x06D6	0x0E4E      	MOVLW       78
0x06D8	0x6E0C      	MOVWF       R12, 0
0x06DA	0x0EEB      	MOVLW       235
0x06DC	0x6E0D      	MOVWF       R13, 0
L_main7:
0x06DE	0x2E0D      	DECFSZ      R13, 1, 0
0x06E0	0xD7FE      	BRA         L_main7
0x06E2	0x2E0C      	DECFSZ      R12, 1, 0
0x06E4	0xD7FC      	BRA         L_main7
;Bluetooth.c,195 :: 		hold2 = adc_read(2)*0.4886;
0x06E6	0x0E02      	MOVLW       2
0x06E8	0x0100      	MOVLB       0
0x06EA	0x6F97      	MOVWF       FARG_ADC_Read_channel, 1
0x06EC	0xDDF8      	RCALL       _ADC_Read
0x06EE	0xDDE3      	RCALL       _Word2Double
0x06F0	0x0EC7      	MOVLW       199
0x06F2	0x6E04      	MOVWF       R4 
0x06F4	0x0E29      	MOVLW       41
0x06F6	0x6E05      	MOVWF       R5 
0x06F8	0x0E7A      	MOVLW       122
0x06FA	0x6E06      	MOVWF       R6 
0x06FC	0x0E7D      	MOVLW       125
0x06FE	0x6E07      	MOVWF       R7 
0x0700	0xDE23      	RCALL       _Mul_32x32_FP
0x0702	0xDF43      	RCALL       _Double2Word
0x0704	0xF02DC000  	MOVFF       R0, _hold2
0x0708	0xF02EC001  	MOVFF       R1, _hold2+1
;Bluetooth.c,196 :: 		delay_ms(12);
0x070C	0x0E4E      	MOVLW       78
0x070E	0x6E0C      	MOVWF       R12, 0
0x0710	0x0EEB      	MOVLW       235
0x0712	0x6E0D      	MOVWF       R13, 0
L_main8:
0x0714	0x2E0D      	DECFSZ      R13, 1, 0
0x0716	0xD7FE      	BRA         L_main8
0x0718	0x2E0C      	DECFSZ      R12, 1, 0
0x071A	0xD7FC      	BRA         L_main8
;Bluetooth.c,197 :: 		hold3 = adc_read(3)*0.4886;
0x071C	0x0E03      	MOVLW       3
0x071E	0x0100      	MOVLB       0
0x0720	0x6F97      	MOVWF       FARG_ADC_Read_channel, 1
0x0722	0xDDDD      	RCALL       _ADC_Read
0x0724	0xDDC8      	RCALL       _Word2Double
0x0726	0x0EC7      	MOVLW       199
0x0728	0x6E04      	MOVWF       R4 
0x072A	0x0E29      	MOVLW       41
0x072C	0x6E05      	MOVWF       R5 
0x072E	0x0E7A      	MOVLW       122
0x0730	0x6E06      	MOVWF       R6 
0x0732	0x0E7D      	MOVLW       125
0x0734	0x6E07      	MOVWF       R7 
0x0736	0xDE08      	RCALL       _Mul_32x32_FP
0x0738	0xDF28      	RCALL       _Double2Word
0x073A	0xF027C000  	MOVFF       R0, _hold3
0x073E	0xF028C001  	MOVFF       R1, _hold3+1
;Bluetooth.c,198 :: 		delay_ms(12);
0x0742	0x0E4E      	MOVLW       78
0x0744	0x6E0C      	MOVWF       R12, 0
0x0746	0x0EEB      	MOVLW       235
0x0748	0x6E0D      	MOVWF       R13, 0
L_main9:
0x074A	0x2E0D      	DECFSZ      R13, 1, 0
0x074C	0xD7FE      	BRA         L_main9
0x074E	0x2E0C      	DECFSZ      R12, 1, 0
0x0750	0xD7FC      	BRA         L_main9
;Bluetooth.c,199 :: 		hold4 = adc_read(4)*0.4886;
0x0752	0x0E04      	MOVLW       4
0x0754	0x0100      	MOVLB       0
0x0756	0x6F97      	MOVWF       FARG_ADC_Read_channel, 1
0x0758	0xDDC2      	RCALL       _ADC_Read
0x075A	0xDDAD      	RCALL       _Word2Double
0x075C	0x0EC7      	MOVLW       199
0x075E	0x6E04      	MOVWF       R4 
0x0760	0x0E29      	MOVLW       41
0x0762	0x6E05      	MOVWF       R5 
0x0764	0x0E7A      	MOVLW       122
0x0766	0x6E06      	MOVWF       R6 
0x0768	0x0E7D      	MOVLW       125
0x076A	0x6E07      	MOVWF       R7 
0x076C	0xDDED      	RCALL       _Mul_32x32_FP
0x076E	0xDF0D      	RCALL       _Double2Word
0x0770	0xF017C000  	MOVFF       R0, _hold4
0x0774	0xF018C001  	MOVFF       R1, _hold4+1
;Bluetooth.c,200 :: 		delay_ms(12);
0x0778	0x0E4E      	MOVLW       78
0x077A	0x6E0C      	MOVWF       R12, 0
0x077C	0x0EEB      	MOVLW       235
0x077E	0x6E0D      	MOVWF       R13, 0
L_main10:
0x0780	0x2E0D      	DECFSZ      R13, 1, 0
0x0782	0xD7FE      	BRA         L_main10
0x0784	0x2E0C      	DECFSZ      R12, 1, 0
0x0786	0xD7FC      	BRA         L_main10
;Bluetooth.c,201 :: 		hold5 = adc_read(5)*0.4886;
0x0788	0x0E05      	MOVLW       5
0x078A	0x0100      	MOVLB       0
0x078C	0x6F97      	MOVWF       FARG_ADC_Read_channel, 1
0x078E	0xDDA7      	RCALL       _ADC_Read
0x0790	0xDD92      	RCALL       _Word2Double
0x0792	0x0EC7      	MOVLW       199
0x0794	0x6E04      	MOVWF       R4 
0x0796	0x0E29      	MOVLW       41
0x0798	0x6E05      	MOVWF       R5 
0x079A	0x0E7A      	MOVLW       122
0x079C	0x6E06      	MOVWF       R6 
0x079E	0x0E7D      	MOVLW       125
0x07A0	0x6E07      	MOVWF       R7 
0x07A2	0xDDD2      	RCALL       _Mul_32x32_FP
0x07A4	0xDEF2      	RCALL       _Double2Word
0x07A6	0xF015C000  	MOVFF       R0, _hold5
0x07AA	0xF016C001  	MOVFF       R1, _hold5+1
;Bluetooth.c,202 :: 		delay_ms(12);
0x07AE	0x0E4E      	MOVLW       78
0x07B0	0x6E0C      	MOVWF       R12, 0
0x07B2	0x0EEB      	MOVLW       235
0x07B4	0x6E0D      	MOVWF       R13, 0
L_main11:
0x07B6	0x2E0D      	DECFSZ      R13, 1, 0
0x07B8	0xD7FE      	BRA         L_main11
0x07BA	0x2E0C      	DECFSZ      R12, 1, 0
0x07BC	0xD7FC      	BRA         L_main11
;Bluetooth.c,204 :: 		intToStr(hold0, data1);
0x07BE	0xF097C029  	MOVFF       _hold0, FARG_IntToStr_input
0x07C2	0xF098C02A  	MOVFF       _hold0+1, FARG_IntToStr_input+1
0x07C6	0x0E20      	MOVLW       _data1
0x07C8	0x0100      	MOVLB       0
0x07CA	0x6F99      	MOVWF       FARG_IntToStr_output, 1
0x07CC	0x0E00      	MOVLW       hi_addr(_data1)
0x07CE	0x6F9A      	MOVWF       FARG_IntToStr_output+1, 1
0x07D0	0xDE53      	RCALL       _IntToStr
;Bluetooth.c,205 :: 		LTRIM(data1);
0x07D2	0x0E20      	MOVLW       _data1
0x07D4	0x6F97      	MOVWF       FARG_Ltrim_string, 1
0x07D6	0x0E00      	MOVLW       hi_addr(_data1)
0x07D8	0x6F98      	MOVWF       FARG_Ltrim_string+1, 1
0x07DA	0xDCFC      	RCALL       _Ltrim
;Bluetooth.c,206 :: 		intToStr(hold1, data2);
0x07DC	0xF097C02F  	MOVFF       _hold1, FARG_IntToStr_input
0x07E0	0xF098C030  	MOVFF       _hold1+1, FARG_IntToStr_input+1
0x07E4	0x0E19      	MOVLW       _data2
0x07E6	0x6F99      	MOVWF       FARG_IntToStr_output, 1
0x07E8	0x0E00      	MOVLW       hi_addr(_data2)
0x07EA	0x6F9A      	MOVWF       FARG_IntToStr_output+1, 1
0x07EC	0xDE45      	RCALL       _IntToStr
;Bluetooth.c,207 :: 		LTRIM(data2);
0x07EE	0x0E19      	MOVLW       _data2
0x07F0	0x6F97      	MOVWF       FARG_Ltrim_string, 1
0x07F2	0x0E00      	MOVLW       hi_addr(_data2)
0x07F4	0x6F98      	MOVWF       FARG_Ltrim_string+1, 1
0x07F6	0xDCEE      	RCALL       _Ltrim
;Bluetooth.c,208 :: 		intToStr(hold2, data3);
0x07F8	0xF097C02D  	MOVFF       _hold2, FARG_IntToStr_input
0x07FC	0xF098C02E  	MOVFF       _hold2+1, FARG_IntToStr_input+1
0x0800	0x0E4C      	MOVLW       _data3
0x0802	0x6F99      	MOVWF       FARG_IntToStr_output, 1
0x0804	0x0E00      	MOVLW       hi_addr(_data3)
0x0806	0x6F9A      	MOVWF       FARG_IntToStr_output+1, 1
0x0808	0xDE37      	RCALL       _IntToStr
;Bluetooth.c,209 :: 		LTRIM(data3);
0x080A	0x0E4C      	MOVLW       _data3
0x080C	0x6F97      	MOVWF       FARG_Ltrim_string, 1
0x080E	0x0E00      	MOVLW       hi_addr(_data3)
0x0810	0x6F98      	MOVWF       FARG_Ltrim_string+1, 1
0x0812	0xDCE0      	RCALL       _Ltrim
;Bluetooth.c,210 :: 		intToStr(hold3, data4);
0x0814	0xF097C027  	MOVFF       _hold3, FARG_IntToStr_input
0x0818	0xF098C028  	MOVFF       _hold3+1, FARG_IntToStr_input+1
0x081C	0x0E45      	MOVLW       _data4
0x081E	0x6F99      	MOVWF       FARG_IntToStr_output, 1
0x0820	0x0E00      	MOVLW       hi_addr(_data4)
0x0822	0x6F9A      	MOVWF       FARG_IntToStr_output+1, 1
0x0824	0xDE29      	RCALL       _IntToStr
;Bluetooth.c,211 :: 		LTRIM(data4);
0x0826	0x0E45      	MOVLW       _data4
0x0828	0x6F97      	MOVWF       FARG_Ltrim_string, 1
0x082A	0x0E00      	MOVLW       hi_addr(_data4)
0x082C	0x6F98      	MOVWF       FARG_Ltrim_string+1, 1
0x082E	0xDCD2      	RCALL       _Ltrim
;Bluetooth.c,212 :: 		intToStr(hold4, data5);
0x0830	0xF097C017  	MOVFF       _hold4, FARG_IntToStr_input
0x0834	0xF098C018  	MOVFF       _hold4+1, FARG_IntToStr_input+1
0x0838	0x0E5A      	MOVLW       _data5
0x083A	0x6F99      	MOVWF       FARG_IntToStr_output, 1
0x083C	0x0E00      	MOVLW       hi_addr(_data5)
0x083E	0x6F9A      	MOVWF       FARG_IntToStr_output+1, 1
0x0840	0xDE1B      	RCALL       _IntToStr
;Bluetooth.c,213 :: 		LTRIM(data5);
0x0842	0x0E5A      	MOVLW       _data5
0x0844	0x6F97      	MOVWF       FARG_Ltrim_string, 1
0x0846	0x0E00      	MOVLW       hi_addr(_data5)
0x0848	0x6F98      	MOVWF       FARG_Ltrim_string+1, 1
0x084A	0xDCC4      	RCALL       _Ltrim
;Bluetooth.c,214 :: 		intToStr(hold5, data6);
0x084C	0xF097C015  	MOVFF       _hold5, FARG_IntToStr_input
0x0850	0xF098C016  	MOVFF       _hold5+1, FARG_IntToStr_input+1
0x0854	0x0E53      	MOVLW       _data6
0x0856	0x6F99      	MOVWF       FARG_IntToStr_output, 1
0x0858	0x0E00      	MOVLW       hi_addr(_data6)
0x085A	0x6F9A      	MOVWF       FARG_IntToStr_output+1, 1
0x085C	0xDE0D      	RCALL       _IntToStr
;Bluetooth.c,215 :: 		LTRIM(data6);
0x085E	0x0E53      	MOVLW       _data6
0x0860	0x6F97      	MOVWF       FARG_Ltrim_string, 1
0x0862	0x0E00      	MOVLW       hi_addr(_data6)
0x0864	0x6F98      	MOVWF       FARG_Ltrim_string+1, 1
0x0866	0xDCB6      	RCALL       _Ltrim
;Bluetooth.c,232 :: 		UART1_Write_text("Data1");
0x0868	0x0E44      	MOVLW       68
0x086A	0x6F61      	MOVWF       ?lstr1_Bluetooth, 1
0x086C	0x0E61      	MOVLW       97
0x086E	0x6F62      	MOVWF       ?lstr1_Bluetooth+1, 1
0x0870	0x0E74      	MOVLW       116
0x0872	0x6F63      	MOVWF       ?lstr1_Bluetooth+2, 1
0x0874	0x0E61      	MOVLW       97
0x0876	0x6F64      	MOVWF       ?lstr1_Bluetooth+3, 1
0x0878	0x0E31      	MOVLW       49
0x087A	0x6F65      	MOVWF       ?lstr1_Bluetooth+4, 1
0x087C	0x6B66      	CLRF        ?lstr1_Bluetooth+5, 1
0x087E	0x0E61      	MOVLW       ?lstr1_Bluetooth
0x0880	0x6F97      	MOVWF       FARG_UART1_Write_Text_uart_text, 1
0x0882	0x0E00      	MOVLW       hi_addr(?lstr1_Bluetooth)
0x0884	0x6F98      	MOVWF       FARG_UART1_Write_Text_uart_text+1, 1
0x0886	0xDD46      	RCALL       _UART1_Write_Text
;Bluetooth.c,233 :: 		UART1_Write_text("  ");
0x0888	0x0E20      	MOVLW       32
0x088A	0x6F67      	MOVWF       ?lstr2_Bluetooth, 1
0x088C	0x0E20      	MOVLW       32
0x088E	0x6F68      	MOVWF       ?lstr2_Bluetooth+1, 1
0x0890	0x6B69      	CLRF        ?lstr2_Bluetooth+2, 1
0x0892	0x0E67      	MOVLW       ?lstr2_Bluetooth
0x0894	0x6F97      	MOVWF       FARG_UART1_Write_Text_uart_text, 1
0x0896	0x0E00      	MOVLW       hi_addr(?lstr2_Bluetooth)
0x0898	0x6F98      	MOVWF       FARG_UART1_Write_Text_uart_text+1, 1
0x089A	0xDD3C      	RCALL       _UART1_Write_Text
;Bluetooth.c,234 :: 		UART1_Write_text(data1);
0x089C	0x0E20      	MOVLW       _data1
0x089E	0x6F97      	MOVWF       FARG_UART1_Write_Text_uart_text, 1
0x08A0	0x0E00      	MOVLW       hi_addr(_data1)
0x08A2	0x6F98      	MOVWF       FARG_UART1_Write_Text_uart_text+1, 1
0x08A4	0xDD37      	RCALL       _UART1_Write_Text
;Bluetooth.c,235 :: 		UART1_Write(0x0D);
0x08A6	0x0E0D      	MOVLW       13
0x08A8	0x6FA1      	MOVWF       FARG_UART1_Write_data_, 1
0x08AA	0xDC3E      	RCALL       _UART1_Write
;Bluetooth.c,236 :: 		UART1_Write(0x0A);
0x08AC	0x0E0A      	MOVLW       10
0x08AE	0x0100      	MOVLB       0
0x08B0	0x6FA1      	MOVWF       FARG_UART1_Write_data_, 1
0x08B2	0xDC3A      	RCALL       _UART1_Write
;Bluetooth.c,240 :: 		UART1_Write_text("Data2");
0x08B4	0x0E44      	MOVLW       68
0x08B6	0x0100      	MOVLB       0
0x08B8	0x6F6A      	MOVWF       ?lstr3_Bluetooth, 1
0x08BA	0x0E61      	MOVLW       97
0x08BC	0x6F6B      	MOVWF       ?lstr3_Bluetooth+1, 1
0x08BE	0x0E74      	MOVLW       116
0x08C0	0x6F6C      	MOVWF       ?lstr3_Bluetooth+2, 1
0x08C2	0x0E61      	MOVLW       97
0x08C4	0x6F6D      	MOVWF       ?lstr3_Bluetooth+3, 1
0x08C6	0x0E32      	MOVLW       50
0x08C8	0x6F6E      	MOVWF       ?lstr3_Bluetooth+4, 1
0x08CA	0x6B6F      	CLRF        ?lstr3_Bluetooth+5, 1
0x08CC	0x0E6A      	MOVLW       ?lstr3_Bluetooth
0x08CE	0x6F97      	MOVWF       FARG_UART1_Write_Text_uart_text, 1
0x08D0	0x0E00      	MOVLW       hi_addr(?lstr3_Bluetooth)
0x08D2	0x6F98      	MOVWF       FARG_UART1_Write_Text_uart_text+1, 1
0x08D4	0xDD1F      	RCALL       _UART1_Write_Text
;Bluetooth.c,241 :: 		UART1_Write_text("  ");
0x08D6	0x0E20      	MOVLW       32
0x08D8	0x6F70      	MOVWF       ?lstr4_Bluetooth, 1
0x08DA	0x0E20      	MOVLW       32
0x08DC	0x6F71      	MOVWF       ?lstr4_Bluetooth+1, 1
0x08DE	0x6B72      	CLRF        ?lstr4_Bluetooth+2, 1
0x08E0	0x0E70      	MOVLW       ?lstr4_Bluetooth
0x08E2	0x6F97      	MOVWF       FARG_UART1_Write_Text_uart_text, 1
0x08E4	0x0E00      	MOVLW       hi_addr(?lstr4_Bluetooth)
0x08E6	0x6F98      	MOVWF       FARG_UART1_Write_Text_uart_text+1, 1
0x08E8	0xDD15      	RCALL       _UART1_Write_Text
;Bluetooth.c,242 :: 		UART1_Write_text(data2);
0x08EA	0x0E19      	MOVLW       _data2
0x08EC	0x6F97      	MOVWF       FARG_UART1_Write_Text_uart_text, 1
0x08EE	0x0E00      	MOVLW       hi_addr(_data2)
0x08F0	0x6F98      	MOVWF       FARG_UART1_Write_Text_uart_text+1, 1
0x08F2	0xDD10      	RCALL       _UART1_Write_Text
;Bluetooth.c,243 :: 		UART1_Write(0x0D);
0x08F4	0x0E0D      	MOVLW       13
0x08F6	0x6FA1      	MOVWF       FARG_UART1_Write_data_, 1
0x08F8	0xDC17      	RCALL       _UART1_Write
;Bluetooth.c,244 :: 		UART1_Write(0x0A);
0x08FA	0x0E0A      	MOVLW       10
0x08FC	0x0100      	MOVLB       0
0x08FE	0x6FA1      	MOVWF       FARG_UART1_Write_data_, 1
0x0900	0xDC13      	RCALL       _UART1_Write
;Bluetooth.c,248 :: 		UART1_Write_text("Data3");
0x0902	0x0E44      	MOVLW       68
0x0904	0x0100      	MOVLB       0
0x0906	0x6F73      	MOVWF       ?lstr5_Bluetooth, 1
0x0908	0x0E61      	MOVLW       97
0x090A	0x6F74      	MOVWF       ?lstr5_Bluetooth+1, 1
0x090C	0x0E74      	MOVLW       116
0x090E	0x6F75      	MOVWF       ?lstr5_Bluetooth+2, 1
0x0910	0x0E61      	MOVLW       97
0x0912	0x6F76      	MOVWF       ?lstr5_Bluetooth+3, 1
0x0914	0x0E33      	MOVLW       51
0x0916	0x6F77      	MOVWF       ?lstr5_Bluetooth+4, 1
0x0918	0x6B78      	CLRF        ?lstr5_Bluetooth+5, 1
0x091A	0x0E73      	MOVLW       ?lstr5_Bluetooth
0x091C	0x6F97      	MOVWF       FARG_UART1_Write_Text_uart_text, 1
0x091E	0x0E00      	MOVLW       hi_addr(?lstr5_Bluetooth)
0x0920	0x6F98      	MOVWF       FARG_UART1_Write_Text_uart_text+1, 1
0x0922	0xDCF8      	RCALL       _UART1_Write_Text
;Bluetooth.c,249 :: 		UART1_Write_text("  ");
0x0924	0x0E20      	MOVLW       32
0x0926	0x6F79      	MOVWF       ?lstr6_Bluetooth, 1
0x0928	0x0E20      	MOVLW       32
0x092A	0x6F7A      	MOVWF       ?lstr6_Bluetooth+1, 1
0x092C	0x6B7B      	CLRF        ?lstr6_Bluetooth+2, 1
0x092E	0x0E79      	MOVLW       ?lstr6_Bluetooth
0x0930	0x6F97      	MOVWF       FARG_UART1_Write_Text_uart_text, 1
0x0932	0x0E00      	MOVLW       hi_addr(?lstr6_Bluetooth)
0x0934	0x6F98      	MOVWF       FARG_UART1_Write_Text_uart_text+1, 1
0x0936	0xDCEE      	RCALL       _UART1_Write_Text
;Bluetooth.c,250 :: 		UART1_Write_text(data3);
0x0938	0x0E4C      	MOVLW       _data3
0x093A	0x6F97      	MOVWF       FARG_UART1_Write_Text_uart_text, 1
0x093C	0x0E00      	MOVLW       hi_addr(_data3)
0x093E	0x6F98      	MOVWF       FARG_UART1_Write_Text_uart_text+1, 1
0x0940	0xDCE9      	RCALL       _UART1_Write_Text
;Bluetooth.c,251 :: 		UART1_Write(0x0D);
0x0942	0x0E0D      	MOVLW       13
0x0944	0x6FA1      	MOVWF       FARG_UART1_Write_data_, 1
0x0946	0xF000EC94  	CALL        _UART1_Write, 0
;Bluetooth.c,252 :: 		UART1_Write(0x0A);
0x094A	0x0E0A      	MOVLW       10
0x094C	0x0100      	MOVLB       0
0x094E	0x6FA1      	MOVWF       FARG_UART1_Write_data_, 1
0x0950	0xF000EC94  	CALL        _UART1_Write, 0
;Bluetooth.c,254 :: 		UART1_Write_text("Data4");
0x0954	0x0E44      	MOVLW       68
0x0956	0x0100      	MOVLB       0
0x0958	0x6F7C      	MOVWF       ?lstr7_Bluetooth, 1
0x095A	0x0E61      	MOVLW       97
0x095C	0x6F7D      	MOVWF       ?lstr7_Bluetooth+1, 1
0x095E	0x0E74      	MOVLW       116
0x0960	0x6F7E      	MOVWF       ?lstr7_Bluetooth+2, 1
0x0962	0x0E61      	MOVLW       97
0x0964	0x6F7F      	MOVWF       ?lstr7_Bluetooth+3, 1
0x0966	0x0E34      	MOVLW       52
0x0968	0x6F80      	MOVWF       ?lstr7_Bluetooth+4, 1
0x096A	0x6B81      	CLRF        ?lstr7_Bluetooth+5, 1
0x096C	0x0E7C      	MOVLW       ?lstr7_Bluetooth
0x096E	0x6F97      	MOVWF       FARG_UART1_Write_Text_uart_text, 1
0x0970	0x0E00      	MOVLW       hi_addr(?lstr7_Bluetooth)
0x0972	0x6F98      	MOVWF       FARG_UART1_Write_Text_uart_text+1, 1
0x0974	0xDCCF      	RCALL       _UART1_Write_Text
;Bluetooth.c,255 :: 		UART1_Write_text("  ");
0x0976	0x0E20      	MOVLW       32
0x0978	0x6F82      	MOVWF       ?lstr8_Bluetooth, 1
0x097A	0x0E20      	MOVLW       32
0x097C	0x6F83      	MOVWF       ?lstr8_Bluetooth+1, 1
0x097E	0x6B84      	CLRF        ?lstr8_Bluetooth+2, 1
0x0980	0x0E82      	MOVLW       ?lstr8_Bluetooth
0x0982	0x6F97      	MOVWF       FARG_UART1_Write_Text_uart_text, 1
0x0984	0x0E00      	MOVLW       hi_addr(?lstr8_Bluetooth)
0x0986	0x6F98      	MOVWF       FARG_UART1_Write_Text_uart_text+1, 1
0x0988	0xDCC5      	RCALL       _UART1_Write_Text
;Bluetooth.c,256 :: 		UART1_Write_text(data4);
0x098A	0x0E45      	MOVLW       _data4
0x098C	0x6F97      	MOVWF       FARG_UART1_Write_Text_uart_text, 1
0x098E	0x0E00      	MOVLW       hi_addr(_data4)
0x0990	0x6F98      	MOVWF       FARG_UART1_Write_Text_uart_text+1, 1
0x0992	0xDCC0      	RCALL       _UART1_Write_Text
;Bluetooth.c,257 :: 		UART1_Write(0x0D);
0x0994	0x0E0D      	MOVLW       13
0x0996	0x6FA1      	MOVWF       FARG_UART1_Write_data_, 1
0x0998	0xF000EC94  	CALL        _UART1_Write, 0
;Bluetooth.c,258 :: 		UART1_Write(0x0A);
0x099C	0x0E0A      	MOVLW       10
0x099E	0x0100      	MOVLB       0
0x09A0	0x6FA1      	MOVWF       FARG_UART1_Write_data_, 1
0x09A2	0xF000EC94  	CALL        _UART1_Write, 0
;Bluetooth.c,262 :: 		UART1_Write_text("Data5");
0x09A6	0x0E44      	MOVLW       68
0x09A8	0x0100      	MOVLB       0
0x09AA	0x6F85      	MOVWF       ?lstr9_Bluetooth, 1
0x09AC	0x0E61      	MOVLW       97
0x09AE	0x6F86      	MOVWF       ?lstr9_Bluetooth+1, 1
0x09B0	0x0E74      	MOVLW       116
0x09B2	0x6F87      	MOVWF       ?lstr9_Bluetooth+2, 1
0x09B4	0x0E61      	MOVLW       97
0x09B6	0x6F88      	MOVWF       ?lstr9_Bluetooth+3, 1
0x09B8	0x0E35      	MOVLW       53
0x09BA	0x6F89      	MOVWF       ?lstr9_Bluetooth+4, 1
0x09BC	0x6B8A      	CLRF        ?lstr9_Bluetooth+5, 1
0x09BE	0x0E85      	MOVLW       ?lstr9_Bluetooth
0x09C0	0x6F97      	MOVWF       FARG_UART1_Write_Text_uart_text, 1
0x09C2	0x0E00      	MOVLW       hi_addr(?lstr9_Bluetooth)
0x09C4	0x6F98      	MOVWF       FARG_UART1_Write_Text_uart_text+1, 1
0x09C6	0xDCA6      	RCALL       _UART1_Write_Text
;Bluetooth.c,263 :: 		UART1_Write_text("  ");
0x09C8	0x0E20      	MOVLW       32
0x09CA	0x6F8B      	MOVWF       ?lstr10_Bluetooth, 1
0x09CC	0x0E20      	MOVLW       32
0x09CE	0x6F8C      	MOVWF       ?lstr10_Bluetooth+1, 1
0x09D0	0x6B8D      	CLRF        ?lstr10_Bluetooth+2, 1
0x09D2	0x0E8B      	MOVLW       ?lstr10_Bluetooth
0x09D4	0x6F97      	MOVWF       FARG_UART1_Write_Text_uart_text, 1
0x09D6	0x0E00      	MOVLW       hi_addr(?lstr10_Bluetooth)
0x09D8	0x6F98      	MOVWF       FARG_UART1_Write_Text_uart_text+1, 1
0x09DA	0xDC9C      	RCALL       _UART1_Write_Text
;Bluetooth.c,264 :: 		UART1_Write_text(data5);
0x09DC	0x0E5A      	MOVLW       _data5
0x09DE	0x6F97      	MOVWF       FARG_UART1_Write_Text_uart_text, 1
0x09E0	0x0E00      	MOVLW       hi_addr(_data5)
0x09E2	0x6F98      	MOVWF       FARG_UART1_Write_Text_uart_text+1, 1
0x09E4	0xDC97      	RCALL       _UART1_Write_Text
;Bluetooth.c,265 :: 		UART1_Write(0x0D);
0x09E6	0x0E0D      	MOVLW       13
0x09E8	0x6FA1      	MOVWF       FARG_UART1_Write_data_, 1
0x09EA	0xF000EC94  	CALL        _UART1_Write, 0
;Bluetooth.c,266 :: 		UART1_Write(0x0A);
0x09EE	0x0E0A      	MOVLW       10
0x09F0	0x0100      	MOVLB       0
0x09F2	0x6FA1      	MOVWF       FARG_UART1_Write_data_, 1
0x09F4	0xF000EC94  	CALL        _UART1_Write, 0
;Bluetooth.c,271 :: 		UART1_Write_text("Data6");
0x09F8	0x0E44      	MOVLW       68
0x09FA	0x0100      	MOVLB       0
0x09FC	0x6F8E      	MOVWF       ?lstr11_Bluetooth, 1
0x09FE	0x0E61      	MOVLW       97
0x0A00	0x6F8F      	MOVWF       ?lstr11_Bluetooth+1, 1
0x0A02	0x0E74      	MOVLW       116
0x0A04	0x6F90      	MOVWF       ?lstr11_Bluetooth+2, 1
0x0A06	0x0E61      	MOVLW       97
0x0A08	0x6F91      	MOVWF       ?lstr11_Bluetooth+3, 1
0x0A0A	0x0E36      	MOVLW       54
0x0A0C	0x6F92      	MOVWF       ?lstr11_Bluetooth+4, 1
0x0A0E	0x6B93      	CLRF        ?lstr11_Bluetooth+5, 1
0x0A10	0x0E8E      	MOVLW       ?lstr11_Bluetooth
0x0A12	0x6F97      	MOVWF       FARG_UART1_Write_Text_uart_text, 1
0x0A14	0x0E00      	MOVLW       hi_addr(?lstr11_Bluetooth)
0x0A16	0x6F98      	MOVWF       FARG_UART1_Write_Text_uart_text+1, 1
0x0A18	0xDC7D      	RCALL       _UART1_Write_Text
;Bluetooth.c,272 :: 		UART1_Write_text("  ");
0x0A1A	0x0E20      	MOVLW       32
0x0A1C	0x6F94      	MOVWF       ?lstr12_Bluetooth, 1
0x0A1E	0x0E20      	MOVLW       32
0x0A20	0x6F95      	MOVWF       ?lstr12_Bluetooth+1, 1
0x0A22	0x6B96      	CLRF        ?lstr12_Bluetooth+2, 1
0x0A24	0x0E94      	MOVLW       ?lstr12_Bluetooth
0x0A26	0x6F97      	MOVWF       FARG_UART1_Write_Text_uart_text, 1
0x0A28	0x0E00      	MOVLW       hi_addr(?lstr12_Bluetooth)
0x0A2A	0x6F98      	MOVWF       FARG_UART1_Write_Text_uart_text+1, 1
0x0A2C	0xDC73      	RCALL       _UART1_Write_Text
;Bluetooth.c,273 :: 		UART1_Write_text(data6);
0x0A2E	0x0E53      	MOVLW       _data6
0x0A30	0x6F97      	MOVWF       FARG_UART1_Write_Text_uart_text, 1
0x0A32	0x0E00      	MOVLW       hi_addr(_data6)
0x0A34	0x6F98      	MOVWF       FARG_UART1_Write_Text_uart_text+1, 1
0x0A36	0xDC6E      	RCALL       _UART1_Write_Text
;Bluetooth.c,274 :: 		UART1_Write(0x0D);
0x0A38	0x0E0D      	MOVLW       13
0x0A3A	0x6FA1      	MOVWF       FARG_UART1_Write_data_, 1
0x0A3C	0xF000EC94  	CALL        _UART1_Write, 0
;Bluetooth.c,275 :: 		UART1_Write(0x0A);
0x0A40	0x0E0A      	MOVLW       10
0x0A42	0x0100      	MOVLB       0
0x0A44	0x6FA1      	MOVWF       FARG_UART1_Write_data_, 1
0x0A46	0xF000EC94  	CALL        _UART1_Write, 0
;Bluetooth.c,276 :: 		UART1_Write(0x0D);
0x0A4A	0x0E0D      	MOVLW       13
0x0A4C	0x0100      	MOVLB       0
0x0A4E	0x6FA1      	MOVWF       FARG_UART1_Write_data_, 1
0x0A50	0xF000EC94  	CALL        _UART1_Write, 0
;Bluetooth.c,277 :: 		UART1_Write(0x0A);
0x0A54	0x0E0A      	MOVLW       10
0x0A56	0x0100      	MOVLB       0
0x0A58	0x6FA1      	MOVWF       FARG_UART1_Write_data_, 1
0x0A5A	0xF000EC94  	CALL        _UART1_Write, 0
;Bluetooth.c,280 :: 		Wait();
0x0A5E	0xDD79      	RCALL       _Wait
;Bluetooth.c,281 :: 		X=0;
0x0A60	0x6A2B      	CLRF        _x 
0x0A62	0x6A2C      	CLRF        _x+1 
;Bluetooth.c,322 :: 		}
0x0A64	0xD60B      	BRA         L_main4
;Bluetooth.c,323 :: 		}
L_end_main:
0x0A66	0xD7FF      	BRA         $+0
; end of _main
;Bluetooth.c,0 :: ?ICS?lstr1_Bluetooth
0x0A68	0x6144 ;?ICS?lstr1_Bluetooth+0
0x0A6A	0x6174 ;?ICS?lstr1_Bluetooth+2
0x0A6C	0x0031 ;?ICS?lstr1_Bluetooth+4
; end of ?ICS?lstr1_Bluetooth
;Bluetooth.c,0 :: ?ICS?lstr2_Bluetooth
0x0A6E	0x2020 ;?ICS?lstr2_Bluetooth+0
0x0A70	0x00 ;?ICS?lstr2_Bluetooth+2
; end of ?ICS?lstr2_Bluetooth
;Bluetooth.c,0 :: ?ICS?lstr3_Bluetooth
0x0A71	0x6144 ;?ICS?lstr3_Bluetooth+0
0x0A73	0x6174 ;?ICS?lstr3_Bluetooth+2
0x0A75	0x0032 ;?ICS?lstr3_Bluetooth+4
; end of ?ICS?lstr3_Bluetooth
;Bluetooth.c,0 :: ?ICS?lstr4_Bluetooth
0x0A77	0x2020 ;?ICS?lstr4_Bluetooth+0
0x0A79	0x00 ;?ICS?lstr4_Bluetooth+2
; end of ?ICS?lstr4_Bluetooth
;Bluetooth.c,0 :: ?ICS?lstr5_Bluetooth
0x0A7A	0x6144 ;?ICS?lstr5_Bluetooth+0
0x0A7C	0x6174 ;?ICS?lstr5_Bluetooth+2
0x0A7E	0x0033 ;?ICS?lstr5_Bluetooth+4
; end of ?ICS?lstr5_Bluetooth
;Bluetooth.c,0 :: ?ICS?lstr6_Bluetooth
0x0A80	0x2020 ;?ICS?lstr6_Bluetooth+0
0x0A82	0x00 ;?ICS?lstr6_Bluetooth+2
; end of ?ICS?lstr6_Bluetooth
;Bluetooth.c,0 :: ?ICS?lstr7_Bluetooth
0x0A83	0x6144 ;?ICS?lstr7_Bluetooth+0
0x0A85	0x6174 ;?ICS?lstr7_Bluetooth+2
0x0A87	0x0034 ;?ICS?lstr7_Bluetooth+4
; end of ?ICS?lstr7_Bluetooth
;Bluetooth.c,0 :: ?ICS?lstr8_Bluetooth
0x0A89	0x2020 ;?ICS?lstr8_Bluetooth+0
0x0A8B	0x00 ;?ICS?lstr8_Bluetooth+2
; end of ?ICS?lstr8_Bluetooth
;Bluetooth.c,0 :: ?ICS?lstr9_Bluetooth
0x0A8C	0x6144 ;?ICS?lstr9_Bluetooth+0
0x0A8E	0x6174 ;?ICS?lstr9_Bluetooth+2
0x0A90	0x0035 ;?ICS?lstr9_Bluetooth+4
; end of ?ICS?lstr9_Bluetooth
;Bluetooth.c,0 :: ?ICS?lstr10_Bluetooth
0x0A92	0x2020 ;?ICS?lstr10_Bluetooth+0
0x0A94	0x00 ;?ICS?lstr10_Bluetooth+2
; end of ?ICS?lstr10_Bluetooth
;Bluetooth.c,0 :: ?ICS?lstr11_Bluetooth
0x0A95	0x6144 ;?ICS?lstr11_Bluetooth+0
0x0A97	0x6174 ;?ICS?lstr11_Bluetooth+2
0x0A99	0x0036 ;?ICS?lstr11_Bluetooth+4
; end of ?ICS?lstr11_Bluetooth
;Bluetooth.c,0 :: ?ICS?lstr12_Bluetooth
0x0A9B	0x2020 ;?ICS?lstr12_Bluetooth+0
0x0A9D	0x00 ;?ICS?lstr12_Bluetooth+2
; end of ?ICS?lstr12_Bluetooth
Symbol List:
//** Routines locations **
//ADDRESS    SIZE    PROCEDURE
//----------------------------------------------
0x001C      [14]    _RES032
0x002A      [54]    _Div_16x16_U
0x0060      [26]    _SETFUN32
0x007A       [8]    _FIXSIGN32
0x0082      [24]    _SETFOV32
0x009A     [114]    _NRM3232
0x010C      [28]    _SETIOV3224
0x0128      [14]    _UART1_Write
0x0136      [12]    _Delay_22us
0x0142     [146]    _WordToStr
0x01D4     [112]    _Ltrim
0x0244      [28]    _ADC_Init
0x0260      [86]    _UART1_Init
0x02B6      [40]    _Word2Double
0x02DE      [54]    _ADC_Read
0x0314      [52]    _UART1_Write_Text
0x0348     [288]    _Mul_32x32_FP
0x0468      [16]    ___CC2DW
0x0478     [218]    _IntToStr
0x0552      [56]    _Wait
0x058A     [218]    _Double2Word
0x0664    [1028]    _main
//** Variables locations ** 
//ADDRESS    SIZE    VARIABLE
//----------------------------------------------
0x0000       [1]    UART1_Init_tmp_L0
0x0000       [1]    R0
0x0001       [1]    R1
0x0001       [1]    UART1_Read___tmp_UART1_Read_L0
0x0002       [2]    strlen_cp_L0
0x0002       [2]    memchr_s_L0
0x0002       [2]    memset_pp_L0
0x0002       [1]    R2
0x0002       [2]    memcpy_dd_L0
0x0003       [2]    Ltrim_original_L0
0x0003       [1]    R3
0x0003       [2]    memmove_tt_L0
0x0004       [2]    strncpy_cp_L0
0x0004       [2]    strcpy_cp_L0
0x0004       [2]    strncat_cp_L0
0x0004       [2]    strcat_cp_L0
0x0004       [1]    R4
0x0004       [2]    memcpy_ss_L0
0x0005       [2]    LongIntToHex_input_half_L0
0x0005       [1]    R5
0x0005       [2]    LongWordToHex_input_half_L0
0x0005       [2]    memmove_ff_L0
0x0005       [2]    Ltrim_p_L0
0x0006       [1]    R6
0x0007       [1]    R7
0x0008       [1]    R8
0x0009       [1]    R9
0x000A       [1]    R10
0x000B       [1]    R11
0x000C       [1]    R12
0x000D       [1]    R13
0x000E       [1]    R14
0x000F       [1]    R15
0x0010       [1]    R16
0x0011       [1]    R17
0x0012       [1]    R18
0x0013       [1]    R19
0x0014       [1]    R20
0x0015       [2]    _hold5
0x0017       [2]    _hold4
0x0019       [7]    _data2
0x0020       [7]    _data1
0x0027       [2]    _hold3
0x0029       [2]    _hold0
0x002B       [2]    _x
0x002D       [2]    _hold2
0x002F       [2]    _hold1
0x0031       [4]    _UART_Rd_Ptr
0x0035       [4]    _UART_Wr_Ptr
0x0039       [4]    _UART_Tx_Idle_Ptr
0x003D       [4]    _UART_Rdy_Ptr
0x0041       [4]    _ADC_Get_Sample_Ptr
0x0045       [7]    _data4
0x004C       [7]    _data3
0x0053       [7]    _data6
0x005A       [7]    _data5
0x0061       [6]    ?lstr1_Bluetooth
0x0067       [3]    ?lstr2_Bluetooth
0x006A       [6]    ?lstr3_Bluetooth
0x0070       [3]    ?lstr4_Bluetooth
0x0073       [6]    ?lstr5_Bluetooth
0x0079       [3]    ?lstr6_Bluetooth
0x007C       [6]    ?lstr7_Bluetooth
0x0082       [3]    ?lstr8_Bluetooth
0x0085       [6]    ?lstr9_Bluetooth
0x008B       [3]    ?lstr10_Bluetooth
0x008E       [6]    ?lstr11_Bluetooth
0x0094       [3]    ?lstr12_Bluetooth
0x0097       [2]    FARG_UART1_Write_Text_uart_text
0x0097       [2]    FARG_Ltrim_string
0x0097       [1]    FARG_ADC_Read_channel
0x0097       [2]    FARG_IntToStr_input
0x0099       [2]    FARG_IntToStr_output
0x0099       [1]    UART1_Write_Text_data__L0
0x0099       [2]    Ltrim_trimmed_L0
0x009A       [1]    UART1_Write_Text_counter_L0
0x009B       [2]    IntToStr_i_L0
0x009D       [2]    IntToStr_negative_L0
0x009F       [2]    IntToStr_inword_L0
0x00A1       [1]    FARG_UART1_Write_data_
0x00A1       [2]    FARG_WordToStr_input
0x00A3       [2]    FARG_WordToStr_output
0x00A5       [1]    WordToStr_len_L0
0x00A6       [2]    FLOC__WordToStr
0x0F94       [0]    TRISC6_bit
0x0F94       [0]    TRISC7_bit
0x0F9E       [1]    PIR1
0x0FAB       [1]    RCSTA
0x0FAC       [1]    TXSTA
0x0FAD       [1]    TXREG
0x0FAE       [1]    RCREG
0x0FAF       [1]    SPBRG
0x0FB0       [1]    SPBRGH
0x0FB4       [1]    CMCON
0x0FB8       [1]    BAUDCON
0x0FC0       [1]    ADCON2
0x0FC1       [1]    ADCON1
0x0FC2       [1]    ADCON0
0x0FC3       [1]    ADRESL
0x0FC4       [1]    ADRESH
0x0FD8       [1]    STATUS
0x0FD9       [1]    FSR2L
0x0FDA       [1]    FSR2H
0x0FDE       [1]    POSTINC2
0x0FE0       [1]    BSR
0x0FE1       [1]    FSR1L
0x0FE2       [1]    FSR1H
0x0FE4       [1]    PREINC1
0x0FE6       [1]    POSTINC1
0x0FE7       [1]    INDF1
0x0FE8       [1]    WREG
0x0FE9       [1]    FSR0L
0x0FEA       [1]    FSR0H
0x0FEE       [1]    POSTINC0
0x0FF3       [1]    PRODL
0x0FF4       [1]    PRODH
0x0FF5       [1]    TABLAT
0x0FF6       [1]    TBLPTRL
0x0FF7       [1]    TBLPTRH
0x0FF8       [1]    TBLPTRU
//** Constants locations ** 
//ADDRESS    SIZE    CONSTANT
//----------------------------------------------
0x0A68       [6]    ?ICS?lstr1_Bluetooth
0x0A6E       [3]    ?ICS?lstr2_Bluetooth
0x0A71       [6]    ?ICS?lstr3_Bluetooth
0x0A77       [3]    ?ICS?lstr4_Bluetooth
0x0A7A       [6]    ?ICS?lstr5_Bluetooth
0x0A80       [3]    ?ICS?lstr6_Bluetooth
0x0A83       [6]    ?ICS?lstr7_Bluetooth
0x0A89       [3]    ?ICS?lstr8_Bluetooth
0x0A8C       [6]    ?ICS?lstr9_Bluetooth
0x0A92       [3]    ?ICS?lstr10_Bluetooth
0x0A95       [6]    ?ICS?lstr11_Bluetooth
0x0A9B       [3]    ?ICS?lstr12_Bluetooth
//** Label List: ** 
//----------------------------------------------
  L_Wait0
  L_Wait1
  L_Wait2
  L_Wait3
  L_main4
  L_main5
  L_main6
  L_main7
  L_main8
  L_main9
  L_main10
  L_main11
  L_end_Wait
  _Wait
  L__Wait13
  L_end_main
  _main
  L_ADC_Get_Sample0
  L_ADC_Get_Sample1
  L_ADC_Read2
  L_ADC_Read3
  L_end_ADC_Init
  _ADC_Init
  L_end_ADC_Get_Sample
  _ADC_Get_Sample
  L_end_ADC_Read
  _ADC_Read
  L_ByteToStr0
  L_ByteToStr1
  L_ByteToStr2
  L_ByteToStr3
  L_ByteToStr4
  L_ByteToStr5
  L_WordToStr6
  L_WordToStr7
  L_WordToStr8
  L_WordToStr9
  L_WordToStr10
  L_WordToStr11
  L_WordToStrWithZeros12
  L_WordToStrWithZeros13
  L_WordToStrWithZeros14
  L_WordToStrWithZeros15
  L_WordToStrWithZeros16
  L_ShortToStr17
  L_ShortToStr18
  L_ShortToStr19
  L_ShortToStr20
  L_ShortToStr21
  L_ShortToStr22
  L_IntToStr23
  L_IntToStr24
  L_IntToStr25
  L_IntToStr26
  L_IntToStr27
  L_IntToStr28
  L_IntToStrWithZeros29
  L_IntToStrWithZeros30
  L_IntToStrWithZeros31
  L_IntToStrWithZeros32
  L_IntToStrWithZeros33
  L_IntToStrWithZeros34
  L_IntToStrWithZeros35
  L_IntToStrWithZeros36
  L_IntToStrWithZeros37
  L_LongWordToStr38
  L_LongWordToStr39
  L_LongWordToStr40
  L_LongWordToStr41
  L_LongWordToStr42
  L_LongWordToStr43
  L_LongWordToStrWithZeros44
  L_LongWordToStrWithZeros45
  L_LongWordToStrWithZeros46
  L_LongWordToStrWithZeros47
  L_LongWordToStrWithZeros48
  L_LongToStr49
  L_LongToStr50
  L_LongToStr51
  L_LongToStr52
  L_LongToStr53
  L_LongToStr54
  L_LongIntToStrWithZeros55
  L_LongIntToStrWithZeros56
  L_LongIntToStrWithZeros57
  L_LongIntToStrWithZeros58
  L_LongIntToStrWithZeros59
  L_LongIntToStrWithZeros60
  L_LongIntToStrWithZeros61
  L_LongIntToStrWithZeros62
  L_LongIntToStrWithZeros63
  L_Dec2Bcd64
  L_Dec2Bcd65
  L_Rtrim66
  L_Rtrim67
  L_Rtrim68
  L_Rtrim69
  L_Ltrim70
  L_Ltrim71
  L_Ltrim72
  L_Ltrim73
  L_Ltrim74
  L_Ltrim75
  L_FloatToStr76
  L_FloatToStr77
  L_FloatToStr78
  L_FloatToStr79
  L_FloatToStr80
  L_FloatToStr81
  L_FloatToStr82
  L_FloatToStr83
  L_FloatToStr84
  L_FloatToStr85
  L_FloatToStr86
  L_FloatToStr87
  L_FloatToStr88
  L_FloatToStr89
  L_FloatToStr90
  L_FloatToStr91
  L_FloatToStr92
  L_FloatToStr93
  L_FloatToStr94
  L_FloatToStr95
  L_FloatToStr96
  L_FloatToStr97
  L__Rtrim98
  L__Ltrim99
  L__FloatToStr100
  L_end_ByteToHex
  _ByteToHex
  L_end_ShortToHex
  _ShortToHex
  L_end_WordToHex
  _WordToHex
  L_end_IntToHex
  _IntToHex
  L_end_LongWordToHex
  _LongWordToHex
  L_end_LongIntToHex
  _LongIntToHex
  L_end_ByteToStr
  _ByteToStr
  L_end_WordToStr
  _WordToStr
  L__WordToStr109
  L_end_WordToStrWithZeros
  _WordToStrWithZeros
  L__WordToStrWithZeros111
  L_end_ShortToStr
  _ShortToStr
  L__ShortToStr113
  L_end_IntToStr
  _IntToStr
  L__IntToStr115
  L__IntToStr116
  L_end_IntToStrWithZeros
  _IntToStrWithZeros
  L__IntToStrWithZeros118
  L__IntToStrWithZeros119
  L__IntToStrWithZeros120
  L_end_LongWordToStr
  _LongWordToStr
  L__LongWordToStr122
  L__LongWordToStr123
  L_end_LongWordToStrWithZeros
  _LongWordToStrWithZeros
  L__LongWordToStrWithZeros125
  L_end_LongToStr
  _LongToStr
  L__LongToStr127
  L__LongToStr128
  L_end_LongIntToStrWithZeros
  _LongIntToStrWithZeros
  L__LongIntToStrWithZeros130
  L__LongIntToStrWithZeros131
  L__LongIntToStrWithZeros132
  L_end_Dec2Bcd
  _Dec2Bcd
  L_end_Bcd2Dec
  _Bcd2Dec
  L_end_Bcd2Dec16
  _Bcd2Dec16
  L__Bcd2Dec16136
  L__Bcd2Dec16137
  L_end_Dec2Bcd16
  _Dec2Bcd16
  L__Dec2Bcd16139
  L__Dec2Bcd16140
  L_end_Rtrim
  _Rtrim
  L__Rtrim142
  L_end_Ltrim
  _Ltrim
  L_end_FloatToStr
  _FloatToStr
  L__FloatToStr145
  L__FloatToStr146
  L__FloatToStr147
  L__FloatToStr148
  L__FloatToStr149
  L_Delay_10us0
  L_Delay_22us1
  L_Delay_50us2
  L_Delay_80us3
  L_Delay_500us4
  L_Delay_5500us5
  L_Delay_1ms6
  L_Delay_5ms7
  L_Delay_8ms8
  L_Delay_100ms9
  L_Delay_10ms10
  L_Delay_1sec11
  L____Boot_Delay4k12
  L____Boot_Delay8k13
  L____Boot_Delay12k14
  L____Boot_Delay16k15
  L____Boot_Delay24k16
  L____Boot_Delay32k17
  L____Boot_Delay48k18
  L____Boot_Delay64k19
  L____Boot_Delay128k20
  L_Delay_Cyc21
  L_Delay_Cyc22
  L_VDelay_ms23
  L_VDelay_ms24
  L_VDelay_ms25
  L_VDelay_Advanced_ms26
  L_VDelay_Advanced_ms27
  L_VDelay_Advanced_ms28
  L_end_Get_Fosc_kHz
  _Get_Fosc_kHz
  L_end_Delay_1us
  _Delay_1us
  L_end_Delay_10us
  _Delay_10us
  L_end_Delay_22us
  _Delay_22us
  L_end_Delay_50us
  _Delay_50us
  L_end_Delay_80us
  _Delay_80us
  L_end_Delay_500us
  _Delay_500us
  L_end_Delay_5500us
  _Delay_5500us
  L_end_Delay_1ms
  _Delay_1ms
  L_end_Delay_5ms
  _Delay_5ms
  L_end_Delay_8ms
  _Delay_8ms
  L_end_Delay_100ms
  _Delay_100ms
  L_end_Delay_10ms
  _Delay_10ms
  L_end_Delay_1sec
  _Delay_1sec
  L_end____Boot_Delay4k
  ____Boot_Delay4k
  L_end____Boot_Delay8k
  ____Boot_Delay8k
  L_end____Boot_Delay12k
  ____Boot_Delay12k
  L_end____Boot_Delay16k
  ____Boot_Delay16k
  L_end____Boot_Delay24k
  ____Boot_Delay24k
  L_end____Boot_Delay32k
  ____Boot_Delay32k
  L_end____Boot_Delay48k
  ____Boot_Delay48k
  L_end____Boot_Delay64k
  ____Boot_Delay64k
  L_end____Boot_Delay128k
  ____Boot_Delay128k
  L_end_Delay_Cyc
  _Delay_Cyc
  L_end_VDelay_ms
  _VDelay_ms
  L__VDelay_ms54
  L__VDelay_ms55
  L__VDelay_ms56
  L_end_VDelay_Advanced_ms
  _VDelay_Advanced_ms
  L__VDelay_Advanced_ms58
  L__VDelay_Advanced_ms59
  L__VDelay_Advanced_ms60
  L_Div_16x16_S0
  L_Div_16x16_S1
  LOOPS3232A
  SADD22LA
  SOK22LA
  SADD22L8
  SOK22L8
  LOOPS3232B
  SADD22LB
  SOK22LB
  SADD22L16
  SOK22L16
  LOOPS3232C
  SADD22LC
  SOK22LC
  SADD22L24
  SOK22L24
  LOOPS3232D
  SADD22LD
  SOK22LD
  SOK22L
  L_Div_32x32_S6
  L_Div_32x32_S7
  L_Div_32x32_S8
  L_Div_32x32_S9
  FXD3232S
  END_ALL
  CA3232S
  C3232SX
  C3232SX1
  C3232S
  C3232S2
  C3232SX4
  C3232SOK
  C3232SX3
  C3232SX2
  avoid_comfrem
  LOOPU3232A
  UADD22LA
  UOK22LA
  UADD22L8
  UOK22L8
  LOOPU3232B
  UADD22LB
  UOK22LB
  UADD22L16
  UOK22L16
  LOOPU3232C
  UADD22LC
  UOK22LC
  UADD22L24
  UOK22L24
  LOOPU3232D
  UADD22LD
  UOK22LD
  UOK22L
  _NEXT
  _EXIT2
  _LOOP
  _EXIT1
  _IF_FIRST
  _IF_SECOND
  _INVERCE_FIRST
  _MULT
  _INBERSE_SECOND
  _EXIT
  L_end_Div_8x8_U
  _Div_8x8_U
  L_end_Div_16x16_U
  _Div_16x16_U
  L_end_Div_16x16_S_L
  _Div_16x16_S_L
  L_end_Div_16x16_S
  _Div_16x16_S
  L_end_Div_8x8_S
  _Div_8x8_S
  L_end_Mul_8x8_S
  _Mul_8x8_S
  L_end_Mul_16x16_U
  _Mul_16x16_U
  L_end_Mul_16x16_S
  _Mul_16x16_S
  L_end_SDIV3232L
  _SDIV3232L
  L_end_COMFREM
  _COMFREM
  L_end_Div_32x32_S
  _Div_32x32_S
  L_end_Div_32x32_U
  _Div_32x32_U
  L_end_Mul_32x32_U
  _Mul_32x32_U
  L_end_Mul_32x32_S
  _Mul_32x32_S
  SETFOV32EEE
  SETFUN32EEE
  NRMRND4032
  NRM40JPSETFOV32
  NRM4032
  NRM4032A
  TNIB4032
  NORM4032
  TNORMUN4032
  NRM40JPSETFUN32
  NRM40JPFIXSIGN32
  NRM4032B
  TNIB4032A
  NORM4032A
  NRM4032C
  TNIB4032B
  NORM4032B
  NRM40JPRES032
  TNIB4032C
  NORM4032C
  NRM40EEE
  NORM3232
  JPNRES032
  JPNSETFUN32
  NORM3232A
  JMPNFIXSIGN32
  NORM32EEE
  SETIOV3224EEE
  FPA32
  USEA32
  USEB32
  BRETURN32
  BLIGNED32
  BNIB32
  BNIB32A
  BNIB32B
  BNIB32C
  ADDEOK
  BLOOP32C
  BLOOP32B
  BLOOP32A
  BLOOP32
  AOK32
  BNE032
  ALIGNED32
  ANIB32
  ANIB32A
  ANIB32B
  ANIB32C
  ALOOP32C
  ALOOP32B
  ALOOP32A
  ALOOP32
  ACOMP32
  ADDJPNRMRND4032
  ADDJPSETFOV32
  ADDJPNRM4032
  ADDEEE
  FPS32
  FPM32
  MULJPRES032
  M32BNE0
  MTUN32
  MULJPSETFOV32
  MOK32
  MULJPSETFUN32
  MROUND32
  MUL32OK
  MULEEE
  L_Div_32x32_FP11
  L_Div_32x32_FP12
  L_Div_32x32_FP13
  L_Div_32x32_FP14
  FPD32
  JPDSETFDZ32
  JPDRES032
  D32BNE0
  TALIGN32
  TS1ALIGN32
  TS2ALIGN32
  DALIGN32OK
  ALTB32
  AGEB32
  JPDSETFOV32
  DARGOK32
  JPDSETFUN32
  DLOOP32
  DS132
  DS232
  DREST32
  DOK32
  DAREST32
  DROUND32
  DIV32OK
  DIV32EEE
  INT3232U
  INT3232UEOK
  SETEXP32U
  SETIOV32U
  TSHIFT3232U
  SHIFT3232UOK
  SHIFT3232U
  INT3232UOK
  JPLSETIOV3224
  IRES032U
  INT3232UEER
  INT3232UEEE
  INT3232
  INT3232EOK
  SETIOV32
  TSHIFT3232
  SHIFT3232OK
  SHIFT3232
  INT3232OK
  JPISETIOV3224
  IRES032
  INT3232EER
  INT3232EEE
  INT3216
  IRES016
  SETIOV16
  TSHIFT3216
  SHIFT3216OK
  SHIFT3216
  INT3216OK
  JPJSETIOV3224
  INT3216EOK
  INT3216EER
  INT3216EEE
  INT3216U
  IRES016U
  SETEXP16U
  SETIOV16U
  TSHIFT3216U
  SHIFT3216UOK
  SHIFT3216U
  INT3216UOK
  JPKSETIOV3224
  INT3216UEOK
  INT3216UEER
  INT3216UEEE
  INT32U08
  IRES008
  SETEXP08
  SETIOV08
  TSHIFT3208
  SHIFT3208OK
  SHIFT3208
  INT3208OK
  D2B_JPKSETIOV3224
  INT3208EOK
  INT3208EER
  INT3208EEE
  FLO08U32
  FLO1632
  FLO1632EEE
  FLO16U32
  FLO3232
  FLO3232EEE
  FLO32U32
  EQU_FALSE
  COMPARE_EQU
  COMPARE_NOTZERO
  COMPARE_XNOTZERO
  COMPARE_YNOTZERO
  COMPARE_LT
  COMPARE_GT
  COMPARE_TESTALL
  COMPARE_C1
  GT_FALSE
  GT_TRUE
  COMPARE_C2
  COMPARE_C3
  L_end_SETFOV32
  _SETFOV32
  L_end_SETFDZ32
  _SETFDZ32
  L_end_FIXSIGN32
  _FIXSIGN32
  L_end_RES032
  _RES032
  L_end_SETFUN32
  _SETFUN32
  L_end_NRM4032
  _NRM4032
  L_end_NRM3232
  _NRM3232
  L_end_SETIOV3224
  _SETIOV3224
  L_end_Add_32x32_FP
  _Add_32x32_FP
  L_end_Sub_32x32_FP
  _Sub_32x32_FP
  L_end_Mul_32x32_FP
  _Mul_32x32_FP
  L_end_Div_32x32_FP
  _Div_32x32_FP
  L_end_Double2Longword
  _Double2Longword
  L_end_Double2Longint
  _Double2Longint
  L_end_Double2Int
  _Double2Int
  L_end_Double2Word
  _Double2Word
  L_end_Double2Byte
  _Double2Byte
  L_end_Byte2Double
  _Byte2Double
  L_end_Int2Double
  _Int2Double
  L_end_Word2Double
  _Word2Double
  L_end_Longint2Double
  _Longint2Double
  L_end_Longword2Double
  _Longword2Double
  L_end_Equals_Double
  _Equals_Double
  L_end_Compare_Double
  _Compare_Double
  _CC2D_Loop1
  _CC2DL_Loop1
  L_loopCA2AWs
  L_loopCCA2AWs
  L_loopCS2Ss
  L_CS2Send
  L_loopCCS2Ss
  L_CCS2Send
  L_loopFZinSWs
  L_longjmp7
  L_end___CC2D
  ___CC2D
  L_end___CC2DW
  ___CC2DW
  L_end___CA2AW
  ___CA2AW
  L_end___CCA2AW
  ___CCA2AW
  L_end___CS2S
  ___CS2S
  L_end___CCS2S
  ___CCS2S
  L_end___FZinS
  ___FZinS
  L_end_____DoIFC
  _____DoIFC
  L_end_Swap
  _Swap
  L_end_setjmp
  _setjmp
  L_end_longjmp
  _longjmp
  L_UART1_Init0
  L_UART1_Init1
  L_UART1_Read2
  L_UART1_Write3
  L_UART1_Write4
  L_UART1_Write_Text5
  L_UART1_Write_Text6
  L_UART1_Read_Text7
  L_UART1_Read_Text8
  L_UART1_Read_Text9
  L_UART1_Read_Text10
  L_UART1_Read_Text11
  L_UART1_Read_Text12
  L_UART1_Read_Text13
  L_UART1_Read_Text14
  L_UART1_Read_Text15
  L_UART_Write_Text16
  L_UART_Write_Text17
  L_UART_Read_Text18
  L_UART_Read_Text19
  L_UART_Read_Text20
  L_UART_Read_Text21
  L_UART_Read_Text22
  L_UART_Read_Text23
  L_UART_Read_Text24
  L_UART_Read_Text25
  L_UART_Read_Text26
  L_end_UART1_Init
  _UART1_Init
  L_end_UART1_Data_Ready
  _UART1_Data_Ready
  L_end_UART1_Read
  _UART1_Read
  L_end_UART1_Tx_Idle
  _UART1_Tx_Idle
  L_end_UART1_Write
  _UART1_Write
  L_end_UART1_Write_Text
  _UART1_Write_Text
  L_end_UART1_Read_Text
  _UART1_Read_Text
  L_end_UART_Set_Active
  _UART_Set_Active
  L_end_UART_Write
  _UART_Write
  L_end_UART_Write_Text
  _UART_Write_Text
  L_end_UART_Read
  _UART_Read
  L_end_UART_Data_Ready
  _UART_Data_Ready
  L_end_UART_Read_Text
  _UART_Read_Text
  L_end_UART_Tx_Idle
  _UART_Tx_Idle
